
 Ansys Mechanical Enterprise Academic Student      


 *------------------------------------------------------------------*
 |                                                                  |
 |   W E L C O M E   T O   T H E   A N S Y S (R)  P R O G R A M     |
 |                                                                  |
 *------------------------------------------------------------------*




 ***************************************************************
 *         ANSYS MAPDL 2024 R1          LEGAL NOTICES          *
 ***************************************************************
 *                                                             *
 * Copyright 1971-2024 Ansys, Inc.  All rights reserved.       *
 * Unauthorized use, distribution or duplication is            *
 * prohibited.                                                 *
 *                                                             *
 * Ansys is a registered trademark of Ansys, Inc. or its       *
 * subsidiaries in the United States or other countries.       *
 * See the Ansys, Inc. online documentation or the Ansys, Inc. *
 * documentation CD or online help for the complete Legal      *
 * Notice.                                                     *
 *                                                             *
 ***************************************************************
 *                                                             *
 * THIS ANSYS SOFTWARE PRODUCT AND PROGRAM DOCUMENTATION       *
 * INCLUDE TRADE SECRETS AND CONFIDENTIAL AND PROPRIETARY      *
 * PRODUCTS OF ANSYS, INC., ITS SUBSIDIARIES, OR LICENSORS.    *
 * The software products and documentation are furnished by    *
 * Ansys, Inc. or its subsidiaries under a software license    *
 * agreement that contains provisions concerning               *
 * non-disclosure, copying, length and nature of use,          *
 * compliance with exporting laws, warranties, disclaimers,    *
 * limitations of liability, and remedies, and other           *
 * provisions.  The software products and documentation may be *
 * used, disclosed, transferred, or copied only in accordance  *
 * with the terms and conditions of that software license      *
 * agreement.                                                  *
 *                                                             *
 * Ansys, Inc. is a UL registered                              *
 * ISO 9001:2015 company.                                      *
 *                                                             *
 ***************************************************************
 *                                                             *
 * This product is subject to U.S. laws governing export and   *
 * re-export.                                                  *
 *                                                             *
 * For U.S. Government users, except as specifically granted   *
 * by the Ansys, Inc. software license agreement, the use,     *
 * duplication, or disclosure by the United States Government  *
 * is subject to restrictions stated in the Ansys, Inc.        *
 * software license agreement and FAR 12.212 (for non-DOD      *
 * licenses).                                                  *
 *                                                             *
 ***************************************************************

 2024 R1 
     
 Point Releases and Patches installed:   
     
 Discovery 2024 R1   
 Fluids 2024 R1  
 Ansys Dynamic Reporting 2024 R1 
 SpaceClaim 2024 R1  
 CFX (includes CFD-Post) 2024 R1 
 Chemkin 2024 R1 
 EnSight 2024 R1 
 FENSAP-ICE 2024 R1  
 Fluent (includes CFD-Post) 2024 R1  
 Polyflow (includes CFD-Post) 2024 R1
 Forte (includes EnSight) 2024 R1
 TurboGrid 2024 R1   
 ACIS Geometry Interface 2024 R1 
 AutoCAD Geometry Interface 2024 R1  
 Catia, Version 4 Geometry Interface 2024 R1 
 Catia, Version 5 Geometry Interface 2024 R1 
 Catia, Version 6 Geometry Interface 2024 R1 
 Creo Elements/Direct Modeling Geometry Interface 2024 R1
 Creo Parametric Geometry Interface 2024 R1  
 Inventor Geometry Interface 2024 R1 
 JTOpen Geometry Interface 2024 R1   
 NX Geometry Interface 2024 R1   
 Parasolid Geometry Interface  2024 R1   
 Solid Edge Geometry Interface 2024 R1   
 SOLIDWORKS Geometry Interface 2024 R1   
 Speos 2024 R1   
 Aqwa 2024 R1
 Autodyn 2024 R1 
 Material Calibration App 2024 R1
 Customization Files for User Programmable Features 2024 R1  
 Mechanical Products 2024 R1 
 Motion 2024 R1  
 Academic Student 2024 R1


          *****  MAPDL COMMAND LINE ARGUMENTS  *****
  BATCH MODE REQUESTED (-b)    = NOLIST
  INPUT FILE COPY MODE (-c)    = COPY
  DISTRIBUTED MEMORY PARALLEL REQUESTED
       4 PARALLEL PROCESSES REQUESTED WITH SINGLE THREAD PER PROCESS
    TOTAL OF     4 CORES REQUESTED
  INPUT FILE NAME              = C:\Users\brend\Desktop\Engine-Development\Ansys Models\Rotor\_ProjectScratch\Scr7ABE\dummy.dat
  OUTPUT FILE NAME             = C:\Users\brend\Desktop\Engine-Development\Ansys Models\Rotor\_ProjectScratch\Scr7ABE\solve.out
  START-UP FILE MODE           = NOREAD
  STOP FILE MODE               = NOREAD

 RELEASE= 2024 R1              BUILD= 24.1      UP20231106   VERSION=WINDOWS x64 
 CURRENT JOBNAME=file0  02:12:44  APR 23, 2024 CP=      0.000


 PARAMETER _DS_PROGRESS =     999.0000000    

 /INPUT FILE= ds.dat  LINE=       0



 *** NOTE ***                            CP =       0.047   TIME= 02:12:44
 The /CONFIG,NOELDB command is not valid in a distributed memory         
 parallel solution.  Command is ignored.                                 

 *GET  _WALLSTRT  FROM  ACTI  ITEM=TIME WALL  VALUE=  2.21222222    

 TITLE= 
 Rotor FEA--Static Structural (E5)                                             

  ACT Extensions:
      LSDYNA, 2024.1
      5f463412-bd3e-484b-87e7-cbc0a665e474, wbex
 /COM,     ANSYSMotion, 2024.1
      20180725-3f81-49eb-9f31-41364844c769, wbex
  

 SET PARAMETER DIMENSIONS ON  _WB_PROJECTSCRATCH_DIR
  TYPE=STRI  DIMENSIONS=      248        1        1

 PARAMETER _WB_PROJECTSCRATCH_DIR(1) = C:\Users\brend\Desktop\Engine-Development\Ansys Models\Rotor\_ProjectScratch\Scr7ABE\

 SET PARAMETER DIMENSIONS ON  _WB_SOLVERFILES_DIR
  TYPE=STRI  DIMENSIONS=      248        1        1

 PARAMETER _WB_SOLVERFILES_DIR(1) = C:\Users\brend\Desktop\Engine-Development\Ansys Models\Rotor\Rotor FEA_files\dp0\SYS-4\MECH\

 SET PARAMETER DIMENSIONS ON  _WB_USERFILES_DIR
  TYPE=STRI  DIMENSIONS=      248        1        1

 PARAMETER _WB_USERFILES_DIR(1) = C:\Users\brend\Desktop\Engine-Development\Ansys Models\Rotor\Rotor FEA_files\user_files\
 --- Data in consistent BIN units. See Solving Units in the help system for more

 U.S. CUSTOMARY INCH UNITS SPECIFIED FOR INTERNAL    
  LENGTH      = INCHES (IN)
  MASS        = LBF-S**2/IN 
  TIME        = SECONDS (SEC)  
  TEMPERATURE = FAHRENHEIT
  TOFFSET     = 460.0
  FORCE       = LBF
  HEAT        = IN-LBF
  PRESSURE    = PSI (LBF/IN**2)
  ENERGY      = IN-LBF
  POWER       = IN-LBF/SEC

 INPUT  UNITS ARE ALSO SET TO BIN 

 *** MAPDL - ENGINEERING ANALYSIS SYSTEM  RELEASE 2024 R1          24.1     ***
 Ansys Mechanical Enterprise Academic Student      
 01055371  VERSION=WINDOWS x64   02:12:44  APR 23, 2024 CP=      0.047

 Rotor FEA--Static Structural (E5)                                             



          ***** MAPDL ANALYSIS DEFINITION (PREP7) *****
 *********** Nodes for the whole assembly ***********
 *********** Nodes for all Remote Points ***********
 *********** Elements for Body 1 "[TP] [Turb] Blisk|CirPattern3" ***********
 *********** Elements for Body 2 "[TP] [Turb] Rotor Outer Plate|CirPattern3" ***
 *********** Elements for Body 3 "[TP] [Turb] Rotor Outer Plate|CirPattern3[2]" 
 *********** Elements for Body 4 "[TP] [Turb] Blisk Column Pins|Boss-Extrude1" *
 *********** Elements for Body 5 "[TP] [Turb] Blisk Column Pins|Boss-Extrude1[2]
 *********** Elements for Body 6 "[TP] [Turb] Blisk Column Pins|Boss-Extrude1[3]
 *********** Elements for Body 7 "[TP] [Turb] Blisk Column Pins|Boss-Extrude1[4]
 *********** Elements for Body 8 "[TP] [Turb] Blisk Column Pins|Boss-Extrude1[5]
 *********** Elements for Body 9 "[TP] [Turb] Blisk Column Pins|Boss-Extrude1[6]
 *********** Elements for Body 10 "[TP] [Turb] Blisk Column Pins|Boss-Extrude1[7
 *********** Elements for Body 11 "[TP] [Turb] Blisk Column Pins|Boss-Extrude1[8
 *********** Elements for Body 12 "[TP] [Turb] Blisk Column Pins|Boss-Extrude1[9
 *********** Elements for Body 13 "[TP] [Turb] Blisk Column Pins|Boss-Extrude1[1
 *********** Elements for Body 14 "[TP] [Turb] Blisk Column Pins|Boss-Extrude1[1
 *********** Elements for Body 15 "[TP] [Turb] Blisk Column Pins|Boss-Extrude1[1
 *********** Elements for Body 16 "[TP] [Turb] Blisk Column Pins|Boss-Extrude1[1
 *********** Elements for Body 17 "[TP] [Turb] Blisk Column Pins|Boss-Extrude1[1
 *********** Elements for Body 18 "[TP] [Turb] Blisk Column Pins|Boss-Extrude1[1
 *********** Elements for Body 19 "[TP] [Turb] Blisk Column Pins|Boss-Extrude1[1
 *********** Send User Defined Coordinate System(s) ***********
 *********** Set Reference Temperature ***********
 *********** Send Materials ***********
 *********** Create Contact "Bonded - Multiple To Multiple" ***********
             Real Constant Set For Above Contact Is 21 & 20
 *********** Create Contact "Frictional - [TP] [Turb] Blisk|CirPattern3 To Multi
             Real Constant Set For Above Contact Is 23 & 22
 *********** Fixed Supports ***********
 *********** Define Rotational Velocity ***********


 ***** ROUTINE COMPLETED *****  CP =         0.094


 --- Number of total nodes = 96809
 --- Number of contact elements = 62932
 --- Number of spring elements = 0
 --- Number of bearing elements = 0
 --- Number of solid elements = 41798
 --- Number of condensed parts = 0
 --- Number of total elements = 104730

 *GET  _WALLBSOL  FROM  ACTI  ITEM=TIME WALL  VALUE=  2.21250000    
 ****************************************************************************
 *************************    SOLUTION       ********************************
 ****************************************************************************

 *****  MAPDL SOLUTION ROUTINE  *****


 PERFORM A STATIC ANALYSIS
  THIS WILL BE A NEW ANALYSIS

 PARAMETER _THICKRATIO =    0.8950000000    

 USE PRECONDITIONED CONJUGATE GRADIENT SOLVER
  CONVERGENCE TOLERANCE = 1.00000E-08
  MAXIMUM ITERATION     = NumNode*DofPerNode*  1.0000    

 CONTACT INFORMATION PRINTOUT LEVEL       1

 CHECK INITIAL OPEN/CLOSED STATUS OF SELECTED CONTACT ELEMENTS
      AND LIST DETAILED CONTACT PAIR INFORMATION

 SPLIT CONTACT SURFACES AT SOLVE PHASE

    NUMBER OF SPLITTING TBD BY PROGRAM

 DO NOT COMBINE ELEMENT MATRIX FILES (.emat) AFTER DISTRIBUTED PARALLEL SOLUTION

 DO NOT COMBINE ELEMENT SAVE DATA FILES (.esav) AFTER DISTRIBUTED PARALLEL SOLUTION

 NLDIAG: Nonlinear diagnostics CONT option is set to ON. 
         Writing frequency : each ITERATION.

 DEFINE RESTART CONTROL FOR LOADSTEP LAST
 AT FREQUENCY OF LAST AND NUMBER FOR OVERWRITE IS   -1

 DELETE RESTART FILES OF ENDSTEP
 ****************************************************
 ******************* SOLVE FOR LS 1 OF 1 ****************

 CGOMGA=  0.0000     -5385.6      0.0000    

 PRINTOUT RESUMED BY /GOP

 USE AUTOMATIC TIME STEPPING THIS LOAD STEP

 USE       1 SUBSTEPS INITIALLY THIS LOAD STEP FOR ALL  DEGREES OF FREEDOM
 FOR AUTOMATIC TIME STEPPING:
   USE     10 SUBSTEPS AS A MAXIMUM
   USE      1 SUBSTEPS AS A MINIMUM

 TIME=  1.0000    

 ERASE THE CURRENT DATABASE OUTPUT CONTROL TABLE.


 WRITE ALL  ITEMS TO THE DATABASE WITH A FREQUENCY OF NONE
   FOR ALL APPLICABLE ENTITIES

 WRITE NSOL ITEMS TO THE DATABASE WITH A FREQUENCY OF ALL 
   FOR ALL APPLICABLE ENTITIES

 WRITE RSOL ITEMS TO THE DATABASE WITH A FREQUENCY OF ALL 
   FOR ALL APPLICABLE ENTITIES

 WRITE EANG ITEMS TO THE DATABASE WITH A FREQUENCY OF ALL 
   FOR ALL APPLICABLE ENTITIES

 WRITE ETMP ITEMS TO THE DATABASE WITH A FREQUENCY OF ALL 
   FOR ALL APPLICABLE ENTITIES

 WRITE VENG ITEMS TO THE DATABASE WITH A FREQUENCY OF ALL 
   FOR ALL APPLICABLE ENTITIES

 WRITE STRS ITEMS TO THE DATABASE WITH A FREQUENCY OF ALL 
   FOR ALL APPLICABLE ENTITIES

 WRITE EPEL ITEMS TO THE DATABASE WITH A FREQUENCY OF ALL 
   FOR ALL APPLICABLE ENTITIES

 WRITE EPPL ITEMS TO THE DATABASE WITH A FREQUENCY OF ALL 
   FOR ALL APPLICABLE ENTITIES

 WRITE CONT ITEMS TO THE DATABASE WITH A FREQUENCY OF ALL 
   FOR ALL APPLICABLE ENTITIES

 *GET  ANSINTER_  FROM  ACTI  ITEM=INT        VALUE=  0.00000000    

 *IF  ANSINTER_                         ( =   0.00000     )  NE  
      0                                 ( =   0.00000     )  THEN    

 *ENDIF

 *** NOTE ***                            CP =       0.109   TIME= 02:12:45
 The automatic domain decomposition logic has selected the MESH domain   
 decomposition method with 4 processes per solution.                     

 *****  MAPDL SOLVE    COMMAND  *****

 *** WARNING ***                         CP =       0.156   TIME= 02:12:45
 Element shape checking is currently inactive.  Issue SHPP,ON or         
 SHPP,WARN to reactivate, if desired.                                    

 *** NOTE ***                            CP =       0.219   TIME= 02:12:45
 The model data was checked and warning messages were found.             
  Please review output or errors file (                                  
 C:\Users\brend\Desktop\Engine-Development\Ansys                         
 Models\Rotor\_ProjectScratch\Scr7ABE\file0.err ) for these warning      
 messages.                                                               

 *** SELECTION OF ELEMENT TECHNOLOGIES FOR APPLICABLE ELEMENTS ***
      --- GIVE SUGGESTIONS AND RESET THE KEY OPTIONS ---

 ELEMENT TYPE         1 IS SOLID187. IT IS NOT ASSOCIATED WITH FULLY INCOMPRESSIBLE
 HYPERELASTIC MATERIALS. NO SUGGESTION IS AVAILABLE AND NO RESETTING IS NEEDED.

 ELEMENT TYPE         2 IS SOLID187. IT IS NOT ASSOCIATED WITH FULLY INCOMPRESSIBLE
 HYPERELASTIC MATERIALS. NO SUGGESTION IS AVAILABLE AND NO RESETTING IS NEEDED.

 ELEMENT TYPE         3 IS SOLID187. IT IS NOT ASSOCIATED WITH FULLY INCOMPRESSIBLE
 HYPERELASTIC MATERIALS. NO SUGGESTION IS AVAILABLE AND NO RESETTING IS NEEDED.

 ELEMENT TYPE         4 IS SOLID186. KEYOPT(2)=0 IS SUGGESTED AND HAS BEEN RESET.
  KEYOPT(1-12)=    0    0    0    0    0    0    0    0    0    0    0    0

 ELEMENT TYPE         5 IS SOLID186. KEYOPT(2)=0 IS SUGGESTED AND HAS BEEN RESET.
  KEYOPT(1-12)=    0    0    0    0    0    0    0    0    0    0    0    0

 ELEMENT TYPE         6 IS SOLID186. KEYOPT(2)=0 IS SUGGESTED AND HAS BEEN RESET.
  KEYOPT(1-12)=    0    0    0    0    0    0    0    0    0    0    0    0

 ELEMENT TYPE         7 IS SOLID186. KEYOPT(2)=0 IS SUGGESTED AND HAS BEEN RESET.
  KEYOPT(1-12)=    0    0    0    0    0    0    0    0    0    0    0    0

 ELEMENT TYPE         8 IS SOLID186. KEYOPT(2)=0 IS SUGGESTED AND HAS BEEN RESET.
  KEYOPT(1-12)=    0    0    0    0    0    0    0    0    0    0    0    0

 ELEMENT TYPE         9 IS SOLID186. KEYOPT(2)=0 IS SUGGESTED AND HAS BEEN RESET.
  KEYOPT(1-12)=    0    0    0    0    0    0    0    0    0    0    0    0

 ELEMENT TYPE        10 IS SOLID186. KEYOPT(2)=0 IS SUGGESTED AND HAS BEEN RESET.
  KEYOPT(1-12)=    0    0    0    0    0    0    0    0    0    0    0    0

 ELEMENT TYPE        11 IS SOLID186. KEYOPT(2)=0 IS SUGGESTED AND HAS BEEN RESET.
  KEYOPT(1-12)=    0    0    0    0    0    0    0    0    0    0    0    0

 ELEMENT TYPE        12 IS SOLID186. KEYOPT(2)=0 IS SUGGESTED AND HAS BEEN RESET.
  KEYOPT(1-12)=    0    0    0    0    0    0    0    0    0    0    0    0

 ELEMENT TYPE        13 IS SOLID186. KEYOPT(2)=0 IS SUGGESTED AND HAS BEEN RESET.
  KEYOPT(1-12)=    0    0    0    0    0    0    0    0    0    0    0    0

 ELEMENT TYPE        14 IS SOLID186. KEYOPT(2)=0 IS SUGGESTED AND HAS BEEN RESET.
  KEYOPT(1-12)=    0    0    0    0    0    0    0    0    0    0    0    0

 ELEMENT TYPE        15 IS SOLID186. KEYOPT(2)=0 IS SUGGESTED AND HAS BEEN RESET.
  KEYOPT(1-12)=    0    0    0    0    0    0    0    0    0    0    0    0

 ELEMENT TYPE        16 IS SOLID186. KEYOPT(2)=0 IS SUGGESTED AND HAS BEEN RESET.
  KEYOPT(1-12)=    0    0    0    0    0    0    0    0    0    0    0    0

 ELEMENT TYPE        17 IS SOLID186. KEYOPT(2)=0 IS SUGGESTED AND HAS BEEN RESET.
  KEYOPT(1-12)=    0    0    0    0    0    0    0    0    0    0    0    0

 ELEMENT TYPE        18 IS SOLID186. KEYOPT(2)=0 IS SUGGESTED AND HAS BEEN RESET.
  KEYOPT(1-12)=    0    0    0    0    0    0    0    0    0    0    0    0

 ELEMENT TYPE        19 IS SOLID186. KEYOPT(2)=0 IS SUGGESTED AND HAS BEEN RESET.
  KEYOPT(1-12)=    0    0    0    0    0    0    0    0    0    0    0    0



 *** MAPDL - ENGINEERING ANALYSIS SYSTEM  RELEASE 2024 R1          24.1     ***
 Ansys Mechanical Enterprise Academic Student      
 01055371  VERSION=WINDOWS x64   02:12:45  APR 23, 2024 CP=      0.219

 Rotor FEA--Static Structural (E5)                                             



                       S O L U T I O N   O P T I O N S

   PROBLEM DIMENSIONALITY. . . . . . . . . . . . .3-D                  
   DEGREES OF FREEDOM. . . . . . UX   UY   UZ  
   ANALYSIS TYPE . . . . . . . . . . . . . . . . .STATIC (STEADY-STATE)
   OFFSET TEMPERATURE FROM ABSOLUTE ZERO . . . . .  459.67    
   EQUATION SOLVER OPTION. . . . . . . . . . . . .PCG                
      TOLERANCE. . . . . . . . . . . . . . . . . . 1.00000E-08
   NEWTON-RAPHSON OPTION . . . . . . . . . . . . .PROGRAM CHOSEN   
   GLOBALLY ASSEMBLED MATRIX . . . . . . . . . . .SYMMETRIC  

 *** NOTE ***                            CP =       0.281   TIME= 02:12:45
 This nonlinear analysis defaults to using the full Newton-Raphson       
 solution procedure.  This can be modified using the NROPT command.      

 *** NOTE ***                            CP =       0.281   TIME= 02:12:45
 The conditions for direct assembly have been met.  No .emat or .erot    
 files will be produced.                                                 

 CHECK INITIAL OPEN/CLOSED STATUS OF SELECTED CONTACT ELEMENTS
      AND LIST DETAILED CONTACT PAIR INFORMATION

   26446 CONTACT ELEMENTS &    5020 TARGET ELEMENTS ARE UNSELECTED FOR PREPARATION OF          SPLITTING.
       2 CONTACT PAIRS ARE UNSELECTED. 

 *** NOTE ***                            CP =       1.719   TIME= 02:12:49
 The maximum number of contact elements in any single contact pair is    
 2880, which is smaller than the optimal domain size of 4892 elements    
 for the given number of CPU domains (4).  Therefore, no contact pairs   
 are being split by the CNCH,DMP logic.                                  

 BECAUSE SPLIT WAS NOT DONE FOR CONNECT REGION(S), UNSELECTED ELEMENTS ARE REVERTED (SELECTED). 

 *** NOTE ***                            CP =       2.484   TIME= 02:12:51
 Smoothing on certain target nodes (e.g.1541) for pair ID 20 may have    
 accuracy issue.  Please verify element normal of connected target       
 elements (e.g.98048 & 112397).                                          

 *** NOTE ***                            CP =       5.047   TIME= 02:12:55
 Symmetric Deformable- deformable contact pair identified by real        
 constant set 20 and contact element type 20 has been set up.  The       
 companion pair has real constant set ID 21.  Both pairs should have     
 the same behavior.                                                      
 MAPDL will keep the current pair and deactivate its companion pair,     
 resulting in asymmetric contact.                                        
 Auto surface constraint is built
 Contact algorithm: MPC based approach

 *** NOTE ***                            CP =       5.047   TIME= 02:12:55
 Contact related postprocess items (ETABLE, pressure ...) are not        
 available.                                                              
 Contact detection at: nodal point (normal to target surface)
 *WARNING*: Smoothing on certain contact/target nodes (for example 1541) 
 may have an accuracy issue.  You may switch contact and target          
 surfaces, or split the current pair into multiple pairs, or use Gauss   
 detection.                                                              
 MPC will be built internally to handle bonded contact.
 Average contact surface length               0.66416E-01
 Average contact pair depth                   0.61588E-01
 Average target surface length                0.12158    
 Default pinball region factor PINB           0.25000    
 *WARNING*: The default pinball radius may be too small to capture       
 contacting zone under small sliding assumption.  Redefine the pinball   
 radius if necessary.                                                    
 The resulting pinball region                 0.15397E-01
 Default target edge extension factor TOLS     2.0000    
 Initial penetration/gap is excluded.
 Bonded contact (always) is defined.

 *** NOTE ***                            CP =       5.047   TIME= 02:12:55
 Min.  Initial gap 1.084839564E-02 was detected between contact element  
 73920 and target element 113681.                                        
 Contact is detected due to initial settings.                            
  
 Max.  Geometric gap 1.534827546E-02 has been detected between contact   
 element 73799 and target element 114727.                                
 *WARNING*: The geometric gap/penetration may be too large.  Increase    
 pinball radius if it is a true geometric gap/penetration.  Decrease     
 pinball if it is a false one.                                           
 ****************************************
  

 *** NOTE ***                            CP =       5.047   TIME= 02:12:55
 Symmetric Deformable- deformable contact pair identified by real        
 constant set 21 and contact element type 20 has been set up.  The       
 companion pair has real constant set ID 20.  Both pairs should have     
 the same behavior.                                                      
 MAPDL will deactivate the current pair and keep its companion pair,     
 resulting in asymmetric contact.                                        
 Auto surface constraint is built
 Contact algorithm: MPC based approach

 *** NOTE ***                            CP =       5.047   TIME= 02:12:55
 Contact related postprocess items (ETABLE, pressure ...) are not        
 available.                                                              
 Contact detection at: nodal point (normal to target surface)
 *WARNING*: Smoothing on certain contact/target nodes (for example       
 76988) may have an accuracy issue.  You may switch contact and target   
 surfaces, or split the current pair into multiple pairs, or use Gauss   
 detection.                                                              
 MPC will be built internally to handle bonded contact.
 Average contact surface length               0.12395    
 Average contact pair depth                   0.90601E-01
 Average target surface length                0.66437E-01
 Default pinball region factor PINB           0.25000    
 The resulting pinball region                 0.22650E-01
 Default target edge extension factor TOLS     2.0000    
 Initial penetration/gap is excluded.
 Bonded contact (always) is defined.

 *** NOTE ***                            CP =       5.047   TIME= 02:12:55
 Min.  Initial gap 1.099999992E-02 was detected between contact element  
 89772 and target element 70121.                                         
 Contact is detected due to initial settings.                            
  
 Max.  Geometric gap 1.310965695E-02 has been detected between contact   
 element 90922 and target element 70961.                                 
 *WARNING*: The geometric gap/penetration may be too large.  Increase    
 pinball radius if it is a true geometric gap/penetration.  Decrease     
 pinball if it is a false one.                                           
 ****************************************
  

 *** NOTE ***                            CP =       5.047   TIME= 02:12:55
 Symmetric Deformable- deformable contact pair identified by real        
 constant set 22 and contact element type 22 has been set up.  The       
 companion pair has real constant set ID 23.  Both pairs should have     
 the same behavior.                                                      
 MAPDL will keep the current pair and deactivate its companion pair,     
 resulting in asymmetric contact.                                        
 Small sliding logic is assumed
 Contact algorithm: Augmented Lagrange method
 Contact detection at: Gauss integration point
 Contact stiffness factor FKN                  1.0000    
 The resulting initial contact stiffness      0.36860E+10
 Default penetration tolerance factor FTOLN   0.10000    
 The resulting penetration tolerance          0.10498E-01
 Max. initial friction coefficient MU         0.50000E-01
 Default tangent stiffness factor FKT          1.0000    
 Default elastic slip factor SLTOL            0.10000E-01
 The resulting elastic slip tolerance         0.16118E-02
 Update contact stiffness at each iteration
 Default Max. friction stress TAUMAX          0.10000E+21
 Average contact surface length               0.16118    
 Average contact pair depth                   0.10498    
 Average target surface length                0.16306    
 Default pinball region factor PINB            1.0000    
 The resulting pinball region                 0.10498    
 *WARNING*: Initial penetration is included.

 *** NOTE ***                            CP =       5.047   TIME= 02:12:55
 Max.  Initial penetration 6.938893904E-17 was detected between contact  
 element 126005 and target element 130998.                               
 ****************************************
  

 *** NOTE ***                            CP =       5.047   TIME= 02:12:55
 Symmetric Deformable- deformable contact pair identified by real        
 constant set 23 and contact element type 22 has been set up.  The       
 companion pair has real constant set ID 22.  Both pairs should have     
 the same behavior.                                                      
 MAPDL will deactivate the current pair and keep its companion pair,     
 resulting in asymmetric contact.                                        
 Small sliding logic is assumed
 Contact algorithm: Augmented Lagrange method
 Contact detection at: Gauss integration point
 Contact stiffness factor FKN                  1.0000    
 The resulting initial contact stiffness      0.36860E+10
 Default penetration tolerance factor FTOLN   0.10000    
 The resulting penetration tolerance          0.99098E-02
 Max. initial friction coefficient MU         0.50000E-01
 Default tangent stiffness factor FKT          1.0000    
 Default elastic slip factor SLTOL            0.10000E-01
 The resulting elastic slip tolerance         0.16552E-02
 Update contact stiffness at each iteration
 Default Max. friction stress TAUMAX          0.10000E+21
 Average contact surface length               0.16552    
 Average contact pair depth                   0.99098E-01
 Average target surface length                0.15756    
 Default pinball region factor PINB            1.0000    
 The resulting pinball region                 0.99098E-01
 *WARNING*: Initial penetration is included.

 *** NOTE ***                            CP =       5.047   TIME= 02:12:55
 Max.  Initial penetration 5.551115123E-17 was detected between contact  
 element 127347 and target element 122885.                               
 ****************************************
  
  
  

  
  
     D I S T R I B U T E D   D O M A I N   D E C O M P O S E R
  
  ...Number of elements: 104730
  ...Number of nodes:    96809
  ...Decompose to 4 CPU domains
  ...Element load balance ratio =     2.755


                      L O A D   S T E P   O P T I O N S

   LOAD STEP NUMBER. . . . . . . . . . . . . . . .     1
   TIME AT END OF THE LOAD STEP. . . . . . . . . .  1.0000    
   AUTOMATIC TIME STEPPING . . . . . . . . . . . .    ON
      INITIAL NUMBER OF SUBSTEPS . . . . . . . . .     1
      MAXIMUM NUMBER OF SUBSTEPS . . . . . . . . .    10
      MINIMUM NUMBER OF SUBSTEPS . . . . . . . . .     1
   MAXIMUM NUMBER OF EQUILIBRIUM ITERATIONS. . . .    15
   STEP CHANGE BOUNDARY CONDITIONS . . . . . . . .    NO
   TERMINATE ANALYSIS IF NOT CONVERGED . . . . . .YES (EXIT)  
   CONVERGENCE CONTROLS. . . . . . . . . . . . . .USE DEFAULTS
   INERTIA LOADS                        X           Y           Z 
      CGOMGA . . . . . . . . . . .  0.0000     -5385.6      0.0000    
   PRINT OUTPUT CONTROLS . . . . . . . . . . . . .NO PRINTOUT
   DATABASE OUTPUT CONTROLS
      ITEM     FREQUENCY   COMPONENT
       ALL       NONE               
      NSOL        ALL               
      RSOL        ALL               
      EANG        ALL               
      ETMP        ALL               
      VENG        ALL               
      STRS        ALL               
      EPEL        ALL               
      EPPL        ALL               
      CONT        ALL               


 SOLUTION MONITORING INFO IS WRITTEN TO FILE= file.mntr                                                                                                                                                                                                                                                           
 MAXIMUM NUMBER OF EQUILIBRIUM ITERATIONS HAS BEEN MODIFIED              
  TO BE, NEQIT = 25, BY SOLUTION CONTROL LOGIC.                          


 *** NOTE ***                            CP =       9.969   TIME= 02:13:05
 The PCG solver has automatically set the level of difficulty for this   
 model to 2.                                                             


                         ***********  PRECISE MASS SUMMARY  ***********

   TOTAL RIGID BODY MASS MATRIX ABOUT ORIGIN
               Translational mass               |   Coupled translational/rotational mass
        0.77540E-02    0.0000        0.0000     |     0.0000      -0.17978E-08  -0.19333E-07
         0.0000       0.77540E-02    0.0000     |    0.17978E-08    0.0000       0.11652E-07
         0.0000        0.0000       0.77540E-02 |    0.19333E-07  -0.11652E-07    0.0000    
     ------------------------------------------ | ------------------------------------------
                                                |         Rotational mass (inertia)
                                                |    0.15940E-01  -0.70499E-09   0.17441E-07
                                                |   -0.70499E-09   0.31555E-01  -0.61718E-09
                                                |    0.17441E-07  -0.61718E-09   0.15940E-01

   TOTAL MASS = 0.77540E-02
     The mass principal axes coincide with the global Cartesian axes

   CENTER OF MASS (X,Y,Z)=   0.15027E-05   0.24932E-05  -0.23185E-06

   TOTAL INERTIA ABOUT CENTER OF MASS
        0.15940E-01  -0.70497E-09   0.17441E-07
       -0.70497E-09   0.31555E-01  -0.61718E-09
        0.17441E-07  -0.61718E-09   0.15940E-01
     The inertia principal axes coincide with the global Cartesian axes


  *** MASS SUMMARY BY ELEMENT TYPE ***

  TYPE      MASS
     1  0.426004E-02
     2  0.139801E-02
     3  0.139801E-02
     4  0.436228E-04
     5  0.436228E-04
     6  0.436228E-04
     7  0.436228E-04
     8  0.436228E-04
     9  0.436228E-04
    10  0.436228E-04
    11  0.436228E-04
    12  0.436228E-04
    13  0.436228E-04
    14  0.436228E-04
    15  0.436228E-04
    16  0.436228E-04
    17  0.436228E-04
    18  0.436228E-04
    19  0.436228E-04

 Range of element maximum matrix coefficients in global coordinates
 Maximum = 23203595.7 at element 37961.                                  
 Minimum = 218428.874 at element 10956.                                  

   *** ELEMENT MATRIX FORMULATION TIMES
     TYPE    NUMBER   ENAME      TOTAL CP  AVE CP

        1     27026  SOLID187      0.609   0.000023
        2      5482  SOLID187      0.266   0.000048
        3      5482  SOLID187      0.016   0.000003
        4       238  SOLID186      0.047   0.000197
        5       238  SOLID186      0.047   0.000197
        6       238  SOLID186      0.000   0.000000
        7       238  SOLID186      0.016   0.000066
        8       238  SOLID186      0.016   0.000066
        9       238  SOLID186      0.000   0.000000
       10       238  SOLID186      0.016   0.000066
       11       238  SOLID186      0.016   0.000066
       12       238  SOLID186      0.016   0.000066
       13       238  SOLID186      0.000   0.000000
       14       238  SOLID186      0.000   0.000000
       15       238  SOLID186      0.000   0.000000
       16       238  SOLID186      0.000   0.000000
       17       238  SOLID186      0.000   0.000000
       18       238  SOLID186      0.016   0.000066
       19       238  SOLID186      0.000   0.000000
       20     26684  CONTA174      0.359   0.000013
       21     26684  TARGE170      0.000   0.000000
       22      4782  CONTA174      0.234   0.000049
       23      4782  TARGE170      0.000   0.000000
 Time at end of element matrix formulation CP = 12.46875.                

 ALL CURRENT MAPDL DATA WRITTEN TO FILE NAME= file.rdb
  FOR POSSIBLE RESUME FROM THIS POINT
     FORCE CONVERGENCE VALUE  =   2715.      CRITERION=   13.58    
 Iteration=    40 Ratio=  0.288872     Limit=  1.000000E-08 Wall=     2.2
 Iteration=   140 Ratio=  8.300872E-04 Limit=  1.000000E-08 Wall=     7.7
 Iteration=   245 Ratio=  3.042842E-06 Limit=  1.000000E-08 Wall=    13.6

 DISTRIBUTED PCG SOLVER SOLUTION CONVERGED

 DISTRIBUTED PCG SOLVER SOLUTION STATISTICS

   NUMBER OF ITERATIONS=         349
   NUMBER OF EQUATIONS =      290424
   LEVEL OF CONVERGENCE=           1
   CALCULATED NORM     = 0.96298E-08
   SPECIFIED TOLERANCE = 0.10000E-07
   TOTAL CPU TIME (sec)=        7.16
   TOTAL WALL TIME(sec)=       19.09
   TOTAL MEMORY (GB)   =        0.23

     DISP CONVERGENCE VALUE   =  0.8384E-02  CRITERION=  0.4192E-03
    EQUIL ITER   1 COMPLETED.  NEW TRIANG MATRIX.  MAX DOF INC= -0.8384E-02
     DISP CONVERGENCE VALUE   =  0.8384E-02  CRITERION=  0.4192E-03
     LINE SEARCH PARAMETER =   1.000     SCALED MAX DOF INC = -0.8384E-02
     FORCE CONVERGENCE VALUE  =   1557.      CRITERION=   28.00    
    EQUIL ITER   2 COMPLETED.  NEW TRIANG MATRIX.  MAX DOF INC= -0.9197E-03
     DISP CONVERGENCE VALUE   =  0.9197E-03  CRITERION=  0.4554E-03
     LINE SEARCH PARAMETER =   1.000     SCALED MAX DOF INC = -0.9197E-03
     FORCE CONVERGENCE VALUE  =   703.4      CRITERION=   28.16    
    EQUIL ITER   3 COMPLETED.  NEW TRIANG MATRIX.  MAX DOF INC= -0.8168E-03
     DISP CONVERGENCE VALUE   =  0.8168E-03  CRITERION=  0.4565E-03
     LINE SEARCH PARAMETER =   1.000     SCALED MAX DOF INC = -0.8168E-03
     FORCE CONVERGENCE VALUE  =   180.0      CRITERION=   28.16    
    EQUIL ITER   4 COMPLETED.  NEW TRIANG MATRIX.  MAX DOF INC=  0.1602E-03
     DISP CONVERGENCE VALUE   =  0.1602E-03  CRITERION=  0.4571E-03 <<< CONVERGED
     LINE SEARCH PARAMETER =   1.000     SCALED MAX DOF INC =  0.1602E-03
     FORCE CONVERGENCE VALUE  =   55.13      CRITERION=   28.16    
    EQUIL ITER   5 COMPLETED.  NEW TRIANG MATRIX.  MAX DOF INC=  0.1165E-03
     DISP CONVERGENCE VALUE   =  0.1165E-03  CRITERION=  0.4573E-03 <<< CONVERGED
     LINE SEARCH PARAMETER =   1.000     SCALED MAX DOF INC =  0.1165E-03
     FORCE CONVERGENCE VALUE  =   31.36      CRITERION=   28.16    
    EQUIL ITER   6 COMPLETED.  NEW TRIANG MATRIX.  MAX DOF INC= -0.3403E-03
     DISP CONVERGENCE VALUE   =  0.3403E-03  CRITERION=  0.4578E-03 <<< CONVERGED
     LINE SEARCH PARAMETER =   1.000     SCALED MAX DOF INC = -0.3403E-03
     FORCE CONVERGENCE VALUE  =   31.60      CRITERION=   28.16    
    EQUIL ITER   7 COMPLETED.  NEW TRIANG MATRIX.  MAX DOF INC=  0.3606E-03
     DISP CONVERGENCE VALUE   =  0.3606E-03  CRITERION=  0.4578E-03 <<< CONVERGED
     LINE SEARCH PARAMETER =   1.000     SCALED MAX DOF INC =  0.3606E-03
     FORCE CONVERGENCE VALUE  =   12.80      CRITERION=   33.10     <<< CONVERGED
    >>> SOLUTION CONVERGED AFTER EQUILIBRIUM ITERATION   7

   *** ELEMENT RESULT CALCULATION TIMES
     TYPE    NUMBER   ENAME      TOTAL CP  AVE CP

        1     27026  SOLID187      0.359   0.000013
        2      5482  SOLID187      0.078   0.000014
        3      5482  SOLID187      0.031   0.000006
        4       238  SOLID186      0.000   0.000000
        5       238  SOLID186      0.000   0.000000
        6       238  SOLID186      0.000   0.000000
        7       238  SOLID186      0.000   0.000000
        8       238  SOLID186      0.000   0.000000
        9       238  SOLID186      0.000   0.000000
       10       238  SOLID186      0.031   0.000131
       11       238  SOLID186      0.000   0.000000
       12       238  SOLID186      0.000   0.000000
       13       238  SOLID186      0.000   0.000000
       14       238  SOLID186      0.000   0.000000
       15       238  SOLID186      0.000   0.000000
       16       238  SOLID186      0.000   0.000000
       17       238  SOLID186      0.000   0.000000
       18       238  SOLID186      0.000   0.000000
       19       238  SOLID186      0.000   0.000000
       20     26684  CONTA174      0.047   0.000002
       22      4782  CONTA174      0.000   0.000000

   *** NODAL LOAD CALCULATION TIMES
     TYPE    NUMBER   ENAME      TOTAL CP  AVE CP

        1     27026  SOLID187      0.062   0.000002
        2      5482  SOLID187      0.016   0.000003
        3      5482  SOLID187      0.078   0.000014
        4       238  SOLID186      0.000   0.000000
        5       238  SOLID186      0.000   0.000000
        6       238  SOLID186      0.000   0.000000
        7       238  SOLID186      0.000   0.000000
        8       238  SOLID186      0.000   0.000000
        9       238  SOLID186      0.000   0.000000
       10       238  SOLID186      0.000   0.000000
       11       238  SOLID186      0.016   0.000066
       12       238  SOLID186      0.000   0.000000
       13       238  SOLID186      0.000   0.000000
       14       238  SOLID186      0.000   0.000000
       15       238  SOLID186      0.000   0.000000
       16       238  SOLID186      0.000   0.000000
       17       238  SOLID186      0.000   0.000000
       18       238  SOLID186      0.000   0.000000
       19       238  SOLID186      0.000   0.000000
       20     26684  CONTA174      0.016   0.000001
       22      4782  CONTA174      0.000   0.000000
 *** LOAD STEP     1   SUBSTEP     1  COMPLETED.    CUM ITER =      7
 *** TIME =   1.00000         TIME INC =   1.00000    

 *** NOTE ***                            CP =     136.688   TIME= 02:18:14
 During this loadstep the PCG iterative solver took more than 1000       
 iterations to solve the system of equations.  In the future it may be   
 more efficient to choose a direct solver, such as the SPARSE solver,    
 for this analysis.                                                      


 *** MAPDL BINARY FILE STATISTICS
  BUFFER SIZE USED= 16384
       22.000 MB WRITTEN ON ELEMENT SAVED DATA FILE: file0.esav
        5.562 MB WRITTEN ON RESULTS FILE: file0.rst
 *************** Write FE CONNECTORS *********

 WRITE OUT CONSTRAINT EQUATIONS TO FILE= file.ce                                                                                                                                                                                                                                                             
 ****************************************************
 *************** FINISHED SOLVE FOR LS 1 *************

 *GET  _WALLASOL  FROM  ACTI  ITEM=TIME WALL  VALUE=  2.30416667    

 PRINTOUT RESUMED BY /GOP

 *GET  _PCGITER  FROM  ACTI  ITEM=SOLU CGIT  VALUE=  1107.00000    

 FINISH SOLUTION PROCESSING


 ***** ROUTINE COMPLETED *****  CP =       137.406



 *** MAPDL - ENGINEERING ANALYSIS SYSTEM  RELEASE 2024 R1          24.1     ***
 Ansys Mechanical Enterprise Academic Student      
 01055371  VERSION=WINDOWS x64   02:18:16  APR 23, 2024 CP=    137.406

 Rotor FEA--Static Structural (E5)                                             



          ***** MAPDL RESULTS INTERPRETATION (POST1) *****

 *** NOTE ***                            CP =     137.406   TIME= 02:18:16
 Reading results into the database (SET command) will update the current 
 displacement and force boundary conditions in the database with the     
 values from the results file for that load set.  Note that any          
 subsequent solutions will use these values unless action is taken to    
 either SAVE the current values or not overwrite them (/EXIT,NOSAVE).    

 Set Encoding of XML File to:ISO-8859-1

 Set Output of XML File to:
     PARM,     ,     ,     ,     ,     ,     ,     ,     ,     ,     ,     ,
         ,     ,     ,     ,     ,     ,     ,

 DATABASE WRITTEN ON FILE  parm.xml                                                                                                                                                                                                                                                            

 EXIT THE MAPDL POST1 DATABASE PROCESSOR


 ***** ROUTINE COMPLETED *****  CP =       137.406



 PRINTOUT RESUMED BY /GOP

 *GET  _WALLDONE  FROM  ACTI  ITEM=TIME WALL  VALUE=  2.30444444    

 PARAMETER _PREPTIME =     1.000000000    

 PARAMETER _SOLVTIME =     330.0000000    

 PARAMETER _POSTTIME =     1.000000000    

 PARAMETER _TOTALTIM =     332.0000000    

 *GET  _DLBRATIO  FROM  ACTI  ITEM=SOLU DLBR  VALUE=  2.75473772    

 *GET  _COMBTIME  FROM  ACTI  ITEM=SOLU COMB  VALUE= 0.226701800    

 *GET  _SSMODE   FROM  ACTI  ITEM=SOLU SSMM  VALUE=  0.00000000    

 *GET  _NDOFS    FROM  ACTI  ITEM=SOLU NDOF  VALUE=  289770.000    

 *GET  _SOL_END_TIME  FROM  ACTI  ITEM=SET  TIME  VALUE=  1.00000000    

 *IF  _sol_end_time                     ( =   1.00000     )  EQ  
      1.000000                          ( =   1.00000     )  THEN    

 /FCLEAN COMMAND REMOVING ALL LOCAL FILES

 *ENDIF
 --- Total number of nodes = 96809
 --- Total number of elements = 104730
 --- Element load balance ratio = 2.75473772
 --- Time to combine distributed files = 0.2267018
 --- Sparse memory mode = 0
 --- Number of DOF = 289770

 EXIT MAPDL WITHOUT SAVING DATABASE


 NUMBER OF WARNING MESSAGES ENCOUNTERED=          1
 NUMBER OF ERROR   MESSAGES ENCOUNTERED=          0

 *** WARNING ***                         CP =     137.500   TIME= 02:18:16
 During this session the elapsed time exceeds the CPU time by 142%.      
 This often indicates either a lack of physical memory (RAM) required    
 to efficiently handle this simulation or a particularly slow hard       
 drive configuration.  This simulation can be expected to run faster on  
 identical hardware if additional RAM or a faster hard drive             
 configuration is made available.  For more details, please see the      
 Mechanical APDL Performance Guide which is part of the Ansys Help       
 system.                                                                 

+--------------------- M A P D L   S T A T I S T I C S ------------------------+

Release: 2024 R1            Build: 24.1       Update: UP20231106   Platform: WINDOWS x64 
Date Run: 04/23/2024   Time: 02:18     Process ID: 20908
Operating System: Windows 11  (Build: 22621)

Processor Model: 13th Gen Intel(R) Core(TM) i7-1355U

Compiler: Intel(R) Fortran Compiler Classic Version 2021.9  (Build: 20230302)
          Intel(R) C/C++ Compiler Classic Version 2021.9  (Build: 20230302)
          Intel(R) Math Kernel Library Version 2020.0.0 Product Build 20191125
          BLAS Library supplied by Intel(R) MKL

Number of machines requested            :    1
Total number of cores available         :   12
Number of physical cores available      :   10
Number of processes requested           :    4
Number of threads per process requested :    1
Total number of cores requested         :    4 (Distributed Memory Parallel)               
MPI Type: INTELMPI
MPI Version: Intel(R) MPI Library 2021.10 for Windows* OS


GPU Acceleration: Not Requested

Job Name: file0
Input File: dummy.dat

  Core                Machine Name   Working Directory
 -----------------------------------------------------
     0             Brendans_Lenovo   C:\Users\brend\Desktop\Engine-Development\Ansys Models\Rotor\_ProjectScratch\Scr7ABE
     1             Brendans_Lenovo   C:\Users\brend\Desktop\Engine-Development\Ansys Models\Rotor\_ProjectScratch\Scr7ABE
     2             Brendans_Lenovo   C:\Users\brend\Desktop\Engine-Development\Ansys Models\Rotor\_ProjectScratch\Scr7ABE
     3             Brendans_Lenovo   C:\Users\brend\Desktop\Engine-Development\Ansys Models\Rotor\_ProjectScratch\Scr7ABE
 
Latency time from master to core     1 =    2.161 microseconds
Latency time from master to core     2 =    2.167 microseconds
Latency time from master to core     3 =    1.890 microseconds
 
Communication speed from master to core     1 =  6868.13 MB/sec
Communication speed from master to core     2 =  7375.38 MB/sec
Communication speed from master to core     3 =  6901.61 MB/sec

Total CPU time for main thread                    :      137.3 seconds
Total CPU time summed for all threads             :      137.5 seconds

Elapsed time spent obtaining a license            :        0.4 seconds
Elapsed time spent pre-processing model (/PREP7)  :        0.3 seconds
Elapsed time spent solution - preprocessing       :       12.7 seconds
Elapsed time spent computing solution             :      316.5 seconds
Elapsed time spent solution - postprocessing      :        0.2 seconds
Elapsed time spent post-processing model (/POST1) :        0.0 seconds
 
Equation solver used                              :            PCG (symmetric)
Equation solver computational rate                :        2.7 Gflops

Sum of disk space used on all processes           :     1020.4 MB

Sum of memory used on all processes               :     1750.0 MB
Sum of memory allocated on all processes          :     3840.0 MB
Physical memory available                         :         16 GB
Total amount of I/O written to disk               :        6.3 GB
Total amount of I/O read from disk                :       18.4 GB

+------------------ E N D   M A P D L   S T A T I S T I C S -------------------+


 *-----------------------------------------------------------------------------*
 |                                                                             |
 |                               RUN COMPLETED                                 |
 |                                                                             |
 |-----------------------------------------------------------------------------|
 |                                                                             |
 |  Ansys MAPDL 2024 R1         Build 24.1         UP20231106    WINDOWS x64   |
 |                                                                             |
 |-----------------------------------------------------------------------------|
 |                                                                             |
 |  Database Requested(-db)     1024 MB     Scratch Memory Requested   1024 MB |
 |  Max Database Used(Master)    185 MB     Max Scratch Used(Master)    406 MB |
 |  Max Database Used(Workers)     1 MB     Max Scratch Used(Workers)   695 MB |
 |  Sum Database Used(All)       188 MB     Sum Scratch Used(All)      1562 MB |
 |                                                                             |
 |-----------------------------------------------------------------------------|
 |                                                                             |
 |        CP Time      (sec) =        137.500       Time  =  02:18:16          |
 |        Elapsed Time (sec) =        333.000       Date  =  04/23/2024        |
 |                                                                             |
 *-----------------------------------------------------------------------------*
