
 Ansys Mechanical Enterprise Academic Student      


 *------------------------------------------------------------------*
 |                                                                  |
 |   W E L C O M E   T O   T H E   A N S Y S (R)  P R O G R A M     |
 |                                                                  |
 *------------------------------------------------------------------*




 ***************************************************************
 *         ANSYS MAPDL 2024 R1          LEGAL NOTICES          *
 ***************************************************************
 *                                                             *
 * Copyright 1971-2024 Ansys, Inc.  All rights reserved.       *
 * Unauthorized use, distribution or duplication is            *
 * prohibited.                                                 *
 *                                                             *
 * Ansys is a registered trademark of Ansys, Inc. or its       *
 * subsidiaries in the United States or other countries.       *
 * See the Ansys, Inc. online documentation or the Ansys, Inc. *
 * documentation CD or online help for the complete Legal      *
 * Notice.                                                     *
 *                                                             *
 ***************************************************************
 *                                                             *
 * THIS ANSYS SOFTWARE PRODUCT AND PROGRAM DOCUMENTATION       *
 * INCLUDE TRADE SECRETS AND CONFIDENTIAL AND PROPRIETARY      *
 * PRODUCTS OF ANSYS, INC., ITS SUBSIDIARIES, OR LICENSORS.    *
 * The software products and documentation are furnished by    *
 * Ansys, Inc. or its subsidiaries under a software license    *
 * agreement that contains provisions concerning               *
 * non-disclosure, copying, length and nature of use,          *
 * compliance with exporting laws, warranties, disclaimers,    *
 * limitations of liability, and remedies, and other           *
 * provisions.  The software products and documentation may be *
 * used, disclosed, transferred, or copied only in accordance  *
 * with the terms and conditions of that software license      *
 * agreement.                                                  *
 *                                                             *
 * Ansys, Inc. is a UL registered                              *
 * ISO 9001:2015 company.                                      *
 *                                                             *
 ***************************************************************
 *                                                             *
 * This product is subject to U.S. laws governing export and   *
 * re-export.                                                  *
 *                                                             *
 * For U.S. Government users, except as specifically granted   *
 * by the Ansys, Inc. software license agreement, the use,     *
 * duplication, or disclosure by the United States Government  *
 * is subject to restrictions stated in the Ansys, Inc.        *
 * software license agreement and FAR 12.212 (for non-DOD      *
 * licenses).                                                  *
 *                                                             *
 ***************************************************************

 2024 R1 
     
 Point Releases and Patches installed:   
     
 Discovery 2024 R1   
 Fluids 2024 R1  
 Ansys Dynamic Reporting 2024 R1 
 SpaceClaim 2024 R1  
 CFX (includes CFD-Post) 2024 R1 
 Chemkin 2024 R1 
 EnSight 2024 R1 
 FENSAP-ICE 2024 R1  
 Fluent (includes CFD-Post) 2024 R1  
 Polyflow (includes CFD-Post) 2024 R1
 Forte (includes EnSight) 2024 R1
 TurboGrid 2024 R1   
 ACIS Geometry Interface 2024 R1 
 AutoCAD Geometry Interface 2024 R1  
 Catia, Version 4 Geometry Interface 2024 R1 
 Catia, Version 5 Geometry Interface 2024 R1 
 Catia, Version 6 Geometry Interface 2024 R1 
 Creo Elements/Direct Modeling Geometry Interface 2024 R1
 Creo Parametric Geometry Interface 2024 R1  
 Inventor Geometry Interface 2024 R1 
 JTOpen Geometry Interface 2024 R1   
 NX Geometry Interface 2024 R1   
 Parasolid Geometry Interface  2024 R1   
 Solid Edge Geometry Interface 2024 R1   
 SOLIDWORKS Geometry Interface 2024 R1   
 Speos 2024 R1   
 Aqwa 2024 R1
 Autodyn 2024 R1 
 Material Calibration App 2024 R1
 Customization Files for User Programmable Features 2024 R1  
 Mechanical Products 2024 R1 
 Motion 2024 R1  
 Academic Student 2024 R1


          *****  MAPDL COMMAND LINE ARGUMENTS  *****
  BATCH MODE REQUESTED (-b)    = NOLIST
  INPUT FILE COPY MODE (-c)    = COPY
  DISTRIBUTED MEMORY PARALLEL REQUESTED
       4 PARALLEL PROCESSES REQUESTED WITH SINGLE THREAD PER PROCESS
    TOTAL OF     4 CORES REQUESTED
  INPUT FILE NAME              = C:\Users\brend\Desktop\Engine-Development\Ansys Models\Rotor\_ProjectScratch\ScrBFBC\dummy.dat
  OUTPUT FILE NAME             = C:\Users\brend\Desktop\Engine-Development\Ansys Models\Rotor\_ProjectScratch\ScrBFBC\solve.out
  START-UP FILE MODE           = NOREAD
  STOP FILE MODE               = NOREAD

 RELEASE= 2024 R1              BUILD= 24.1      UP20231106   VERSION=WINDOWS x64 
 CURRENT JOBNAME=file0  00:26:35  APR 23, 2024 CP=      0.031


 PARAMETER _DS_PROGRESS =     999.0000000    

 /INPUT FILE= ds.dat  LINE=       0



 *** NOTE ***                            CP =       0.031   TIME= 00:26:36
 The /CONFIG,NOELDB command is not valid in a distributed memory         
 parallel solution.  Command is ignored.                                 

 *GET  _WALLSTRT  FROM  ACTI  ITEM=TIME WALL  VALUE= 0.443333333    

 TITLE= 
 Rotor FEA--Static Structural (D5)                                             

  ACT Extensions:
      LSDYNA, 2024.1
      5f463412-bd3e-484b-87e7-cbc0a665e474, wbex
 /COM,     ANSYSMotion, 2024.1
      20180725-3f81-49eb-9f31-41364844c769, wbex
  

 SET PARAMETER DIMENSIONS ON  _WB_PROJECTSCRATCH_DIR
  TYPE=STRI  DIMENSIONS=      248        1        1

 PARAMETER _WB_PROJECTSCRATCH_DIR(1) = C:\Users\brend\Desktop\Engine-Development\Ansys Models\Rotor\_ProjectScratch\ScrBFBC\

 SET PARAMETER DIMENSIONS ON  _WB_SOLVERFILES_DIR
  TYPE=STRI  DIMENSIONS=      248        1        1

 PARAMETER _WB_SOLVERFILES_DIR(1) = C:\Users\brend\Desktop\Engine-Development\Ansys Models\Rotor\Rotor FEA_files\dp0\SYS-3\MECH\

 SET PARAMETER DIMENSIONS ON  _WB_USERFILES_DIR
  TYPE=STRI  DIMENSIONS=      248        1        1

 PARAMETER _WB_USERFILES_DIR(1) = C:\Users\brend\Desktop\Engine-Development\Ansys Models\Rotor\Rotor FEA_files\user_files\
 --- Data in consistent BIN units. See Solving Units in the help system for more

 U.S. CUSTOMARY INCH UNITS SPECIFIED FOR INTERNAL    
  LENGTH      = INCHES (IN)
  MASS        = LBF-S**2/IN 
  TIME        = SECONDS (SEC)  
  TEMPERATURE = FAHRENHEIT
  TOFFSET     = 460.0
  FORCE       = LBF
  HEAT        = IN-LBF
  PRESSURE    = PSI (LBF/IN**2)
  ENERGY      = IN-LBF
  POWER       = IN-LBF/SEC

 INPUT  UNITS ARE ALSO SET TO BIN 

 *** MAPDL - ENGINEERING ANALYSIS SYSTEM  RELEASE 2024 R1          24.1     ***
 Ansys Mechanical Enterprise Academic Student      
 01055371  VERSION=WINDOWS x64   00:26:36  APR 23, 2024 CP=      0.031

 Rotor FEA--Static Structural (D5)                                             



          ***** MAPDL ANALYSIS DEFINITION (PREP7) *****
 *********** Nodes for the whole assembly ***********
 *********** Nodes for all Remote Points ***********
 *********** Elements for Body 1 "[TP] [Turb] Rotor Sandwich Bolt - 92196A150_92
 *********** Elements for Body 2 "[TP] [Turb] Rotor Sandwich Bolt - 92196A150_92
 *********** Elements for Body 3 "[TP] [Turb] Rotor Sandwich Bolt - 92196A150_92
 *********** Elements for Body 4 "[TP] [Turb] Rotor Sandwich Bolt - 92196A150_92
 *********** Elements for Body 5 "[TP] [Turb] Rotor Sandwich Bolt - 92196A150_92
 *********** Elements for Body 6 "[TP] [Turb] Rotor Sandwich Bolt - 92196A150_92
 *********** Elements for Body 7 "[TP] [Turb] Rotor Sandwich Bolt - 92196A150_92
 *********** Elements for Body 8 "[TP] [Turb] Rotor Sandwich Bolt - 92196A150_92
 *********** Elements for Body 9 "[TP] [Turb] Blisk|CirPattern3" ***********
 *********** Elements for Body 10 "[TP] [Turb] Rotor Outer Plate|CirPattern3" **
 *********** Elements for Body 11 "[TP] [Turb] Rotor Outer Plate|CirPattern3[2]"
 *********** Elements for Body 12 "[TP] [Turb] Rotor Rim Bolt - 92196A112_92196A
 *********** Elements for Body 13 "[TP] [Turb] Rotor Rim Bolt - 92196A112_92196A
 *********** Elements for Body 14 "[TP] [Turb] Rotor Rim Bolt - 92196A112_92196A
 *********** Elements for Body 15 "[TP] [Turb] Rotor Rim Bolt - 92196A112_92196A
 *********** Elements for Body 16 "[TP] [Turb] Rotor Rim Bolt - 92196A112_92196A
 *********** Elements for Body 17 "[TP] [Turb] Rotor Rim Bolt - 92196A112_92196A
 *********** Elements for Body 18 "[TP] [Turb] Rotor Rim Bolt - 92196A112_92196A
 *********** Elements for Body 19 "[TP] [Turb] Rotor Rim Bolt - 92196A112_92196A
 *********** Elements for Body 20 "[TP] [Turb] Rotor Rim Bolt - 92196A112_92196A
 *********** Elements for Body 21 "[TP] [Turb] Rotor Rim Bolt - 92196A112_92196A
 *********** Elements for Body 22 "[TP] [Turb] Rotor Rim Bolt - 92196A112_92196A
 *********** Elements for Body 23 "[TP] [Turb] Rotor Rim Bolt - 92196A112_92196A
 *********** Elements for Body 24 "[TP] [Turb] Rotor Rim Bolt - 92196A112_92196A
 *********** Elements for Body 25 "[TP] [Turb] Rotor Rim Bolt - 92196A112_92196A
 *********** Elements for Body 26 "[TP] [Turb] Rotor Rim Bolt - 92196A112_92196A
 *********** Elements for Body 27 "[TP] [Turb] Rotor Rim Bolt - 92196A112_92196A
 *********** Elements for Body 28 "[TP] [Turb] Rotor Rim Bolt - 92196A112_92196A
 *********** Elements for Body 29 "[TP] [Turb] Rotor Rim Bolt - 92196A112_92196A
 *********** Elements for Body 30 "[TP] [Turb] Rotor Rim Bolt - 92196A112_92196A
 *********** Elements for Body 31 "[TP] [Turb] Rotor Rim Bolt - 92196A112_92196A
 *********** Elements for Body 32 "[TP] [Turb] Rotor Rim Bolt - 92196A112_92196A
 *********** Elements for Body 33 "[TP] [Turb] Rotor Rim Bolt - 92196A112_92196A
 *********** Elements for Body 34 "[TP] [Turb] Rotor Rim Bolt - 92196A112_92196A
 *********** Elements for Body 35 "[TP] [Turb] Rotor Rim Bolt - 92196A112_92196A
 *********** Elements for Body 36 "[TP] [Turb] Rotor Rim Bolt - 92196A112_92196A
 *********** Elements for Body 37 "[TP] [Turb] Rotor Rim Bolt - 92196A112_92196A
 *********** Elements for Body 38 "[TP] [Turb] Rotor Rim Bolt - 92196A112_92196A
 *********** Elements for Body 39 "[TP] [Turb] Rotor Rim Bolt - 92196A112_92196A
 *********** Elements for Body 40 "[TP] [Turb] Rotor Rim Bolt - 92196A112_92196A
 *********** Elements for Body 41 "[TP] [Turb] Rotor Rim Bolt - 92196A112_92196A
 *********** Elements for Body 42 "[TP] [Turb] Rotor Rim Bolt - 92196A112_92196A
 *********** Elements for Body 43 "[TP] [Turb] Rotor Rim Bolt - 92196A112_92196A
 *********** Send User Defined Coordinate System(s) ***********
 *********** Set Reference Temperature ***********
 *********** Send Materials ***********
 *********** Create Contact "Bonded - Multiple To Multiple" ***********
             Real Constant Set For Above Contact Is 45 & 44
 *********** Create Contact "Frictional - Multiple To [TP] [Turb] Blisk|CirPatte
             Real Constant Set For Above Contact Is 47 & 46
 *********** Fixed Supports ***********
 *********** Define Rotational Velocity ***********


 ***** ROUTINE COMPLETED *****  CP =         0.078


 --- Number of total nodes = 63652
 --- Number of contact elements = 52920
 --- Number of spring elements = 0
 --- Number of bearing elements = 0
 --- Number of solid elements = 30588
 --- Number of condensed parts = 0
 --- Number of total elements = 83508

 *GET  _WALLBSOL  FROM  ACTI  ITEM=TIME WALL  VALUE= 0.443333333    
 ****************************************************************************
 *************************    SOLUTION       ********************************
 ****************************************************************************

 *****  MAPDL SOLUTION ROUTINE  *****


 PERFORM A STATIC ANALYSIS
  THIS WILL BE A NEW ANALYSIS

 PARAMETER _THICKRATIO =     0.000000000    

 USE SPARSE MATRIX DIRECT SOLVER

 CONTACT INFORMATION PRINTOUT LEVEL       1

 CHECK INITIAL OPEN/CLOSED STATUS OF SELECTED CONTACT ELEMENTS
      AND LIST DETAILED CONTACT PAIR INFORMATION

 SPLIT CONTACT SURFACES AT SOLVE PHASE

    NUMBER OF SPLITTING TBD BY PROGRAM

 DO NOT COMBINE ELEMENT MATRIX FILES (.emat) AFTER DISTRIBUTED PARALLEL SOLUTION

 DO NOT COMBINE ELEMENT SAVE DATA FILES (.esav) AFTER DISTRIBUTED PARALLEL SOLUTION

 NLDIAG: Nonlinear diagnostics CONT option is set to ON. 
         Writing frequency : each ITERATION.

 DEFINE RESTART CONTROL FOR LOADSTEP LAST
 AT FREQUENCY OF LAST AND NUMBER FOR OVERWRITE IS   -1

 DELETE RESTART FILES OF ENDSTEP
 ****************************************************
 ******************* SOLVE FOR LS 1 OF 1 ****************

 CGOMGA=  0.0000     -5385.6      0.0000    

 PRINTOUT RESUMED BY /GOP

 USE AUTOMATIC TIME STEPPING THIS LOAD STEP

 USE       1 SUBSTEPS INITIALLY THIS LOAD STEP FOR ALL  DEGREES OF FREEDOM
 FOR AUTOMATIC TIME STEPPING:
   USE     10 SUBSTEPS AS A MAXIMUM
   USE      1 SUBSTEPS AS A MINIMUM

 TIME=  1.0000    

 ERASE THE CURRENT DATABASE OUTPUT CONTROL TABLE.


 WRITE ALL  ITEMS TO THE DATABASE WITH A FREQUENCY OF NONE
   FOR ALL APPLICABLE ENTITIES

 WRITE NSOL ITEMS TO THE DATABASE WITH A FREQUENCY OF ALL 
   FOR ALL APPLICABLE ENTITIES

 WRITE RSOL ITEMS TO THE DATABASE WITH A FREQUENCY OF ALL 
   FOR ALL APPLICABLE ENTITIES

 WRITE EANG ITEMS TO THE DATABASE WITH A FREQUENCY OF ALL 
   FOR ALL APPLICABLE ENTITIES

 WRITE ETMP ITEMS TO THE DATABASE WITH A FREQUENCY OF ALL 
   FOR ALL APPLICABLE ENTITIES

 WRITE VENG ITEMS TO THE DATABASE WITH A FREQUENCY OF ALL 
   FOR ALL APPLICABLE ENTITIES

 WRITE STRS ITEMS TO THE DATABASE WITH A FREQUENCY OF ALL 
   FOR ALL APPLICABLE ENTITIES

 WRITE EPEL ITEMS TO THE DATABASE WITH A FREQUENCY OF ALL 
   FOR ALL APPLICABLE ENTITIES

 WRITE EPPL ITEMS TO THE DATABASE WITH A FREQUENCY OF ALL 
   FOR ALL APPLICABLE ENTITIES

 WRITE CONT ITEMS TO THE DATABASE WITH A FREQUENCY OF ALL 
   FOR ALL APPLICABLE ENTITIES

 *GET  ANSINTER_  FROM  ACTI  ITEM=INT        VALUE=  0.00000000    

 *IF  ANSINTER_                         ( =   0.00000     )  NE  
      0                                 ( =   0.00000     )  THEN    

 *ENDIF

 *** NOTE ***                            CP =       0.078   TIME= 00:26:36
 The automatic domain decomposition logic has selected the MESH domain   
 decomposition method with 4 processes per solution.                     

 *****  MAPDL SOLVE    COMMAND  *****

 *** WARNING ***                         CP =       0.109   TIME= 00:26:36
 Element shape checking is currently inactive.  Issue SHPP,ON or         
 SHPP,WARN to reactivate, if desired.                                    

 *** NOTE ***                            CP =       0.109   TIME= 00:26:36
 The model data was checked and warning messages were found.             
  Please review output or errors file (                                  
 C:\Users\brend\Desktop\Engine-Development\Ansys                         
 Models\Rotor\_ProjectScratch\ScrBFBC\file0.err ) for these warning      
 messages.                                                               

 *** SELECTION OF ELEMENT TECHNOLOGIES FOR APPLICABLE ELEMENTS ***
      --- GIVE SUGGESTIONS AND RESET THE KEY OPTIONS ---

 ELEMENT TYPE         1 IS SOLID187. IT IS NOT ASSOCIATED WITH FULLY INCOMPRESSIBLE
 HYPERELASTIC MATERIALS. NO SUGGESTION IS AVAILABLE AND NO RESETTING IS NEEDED.

 ELEMENT TYPE         2 IS SOLID187. IT IS NOT ASSOCIATED WITH FULLY INCOMPRESSIBLE
 HYPERELASTIC MATERIALS. NO SUGGESTION IS AVAILABLE AND NO RESETTING IS NEEDED.

 ELEMENT TYPE         3 IS SOLID187. IT IS NOT ASSOCIATED WITH FULLY INCOMPRESSIBLE
 HYPERELASTIC MATERIALS. NO SUGGESTION IS AVAILABLE AND NO RESETTING IS NEEDED.

 ELEMENT TYPE         4 IS SOLID187. IT IS NOT ASSOCIATED WITH FULLY INCOMPRESSIBLE
 HYPERELASTIC MATERIALS. NO SUGGESTION IS AVAILABLE AND NO RESETTING IS NEEDED.

 ELEMENT TYPE         5 IS SOLID187. IT IS NOT ASSOCIATED WITH FULLY INCOMPRESSIBLE
 HYPERELASTIC MATERIALS. NO SUGGESTION IS AVAILABLE AND NO RESETTING IS NEEDED.

 ELEMENT TYPE         6 IS SOLID187. IT IS NOT ASSOCIATED WITH FULLY INCOMPRESSIBLE
 HYPERELASTIC MATERIALS. NO SUGGESTION IS AVAILABLE AND NO RESETTING IS NEEDED.

 ELEMENT TYPE         7 IS SOLID187. IT IS NOT ASSOCIATED WITH FULLY INCOMPRESSIBLE
 HYPERELASTIC MATERIALS. NO SUGGESTION IS AVAILABLE AND NO RESETTING IS NEEDED.

 ELEMENT TYPE         8 IS SOLID187. IT IS NOT ASSOCIATED WITH FULLY INCOMPRESSIBLE
 HYPERELASTIC MATERIALS. NO SUGGESTION IS AVAILABLE AND NO RESETTING IS NEEDED.

 ELEMENT TYPE         9 IS SOLID187. IT IS NOT ASSOCIATED WITH FULLY INCOMPRESSIBLE
 HYPERELASTIC MATERIALS. NO SUGGESTION IS AVAILABLE AND NO RESETTING IS NEEDED.

 ELEMENT TYPE        10 IS SOLID187. IT IS NOT ASSOCIATED WITH FULLY INCOMPRESSIBLE
 HYPERELASTIC MATERIALS. NO SUGGESTION IS AVAILABLE AND NO RESETTING IS NEEDED.

 ELEMENT TYPE        11 IS SOLID187. IT IS NOT ASSOCIATED WITH FULLY INCOMPRESSIBLE
 HYPERELASTIC MATERIALS. NO SUGGESTION IS AVAILABLE AND NO RESETTING IS NEEDED.

 ELEMENT TYPE        12 IS SOLID187. IT IS NOT ASSOCIATED WITH FULLY INCOMPRESSIBLE
 HYPERELASTIC MATERIALS. NO SUGGESTION IS AVAILABLE AND NO RESETTING IS NEEDED.

 ELEMENT TYPE        13 IS SOLID187. IT IS NOT ASSOCIATED WITH FULLY INCOMPRESSIBLE
 HYPERELASTIC MATERIALS. NO SUGGESTION IS AVAILABLE AND NO RESETTING IS NEEDED.

 ELEMENT TYPE        14 IS SOLID187. IT IS NOT ASSOCIATED WITH FULLY INCOMPRESSIBLE
 HYPERELASTIC MATERIALS. NO SUGGESTION IS AVAILABLE AND NO RESETTING IS NEEDED.

 ELEMENT TYPE        15 IS SOLID187. IT IS NOT ASSOCIATED WITH FULLY INCOMPRESSIBLE
 HYPERELASTIC MATERIALS. NO SUGGESTION IS AVAILABLE AND NO RESETTING IS NEEDED.

 ELEMENT TYPE        16 IS SOLID187. IT IS NOT ASSOCIATED WITH FULLY INCOMPRESSIBLE
 HYPERELASTIC MATERIALS. NO SUGGESTION IS AVAILABLE AND NO RESETTING IS NEEDED.

 ELEMENT TYPE        17 IS SOLID187. IT IS NOT ASSOCIATED WITH FULLY INCOMPRESSIBLE
 HYPERELASTIC MATERIALS. NO SUGGESTION IS AVAILABLE AND NO RESETTING IS NEEDED.

 ELEMENT TYPE        18 IS SOLID187. IT IS NOT ASSOCIATED WITH FULLY INCOMPRESSIBLE
 HYPERELASTIC MATERIALS. NO SUGGESTION IS AVAILABLE AND NO RESETTING IS NEEDED.

 ELEMENT TYPE        19 IS SOLID187. IT IS NOT ASSOCIATED WITH FULLY INCOMPRESSIBLE
 HYPERELASTIC MATERIALS. NO SUGGESTION IS AVAILABLE AND NO RESETTING IS NEEDED.

 ELEMENT TYPE        20 IS SOLID187. IT IS NOT ASSOCIATED WITH FULLY INCOMPRESSIBLE
 HYPERELASTIC MATERIALS. NO SUGGESTION IS AVAILABLE AND NO RESETTING IS NEEDED.

 ELEMENT TYPE        21 IS SOLID187. IT IS NOT ASSOCIATED WITH FULLY INCOMPRESSIBLE
 HYPERELASTIC MATERIALS. NO SUGGESTION IS AVAILABLE AND NO RESETTING IS NEEDED.

 ELEMENT TYPE        22 IS SOLID187. IT IS NOT ASSOCIATED WITH FULLY INCOMPRESSIBLE
 HYPERELASTIC MATERIALS. NO SUGGESTION IS AVAILABLE AND NO RESETTING IS NEEDED.

 ELEMENT TYPE        23 IS SOLID187. IT IS NOT ASSOCIATED WITH FULLY INCOMPRESSIBLE
 HYPERELASTIC MATERIALS. NO SUGGESTION IS AVAILABLE AND NO RESETTING IS NEEDED.

 ELEMENT TYPE        24 IS SOLID187. IT IS NOT ASSOCIATED WITH FULLY INCOMPRESSIBLE
 HYPERELASTIC MATERIALS. NO SUGGESTION IS AVAILABLE AND NO RESETTING IS NEEDED.

 ELEMENT TYPE        25 IS SOLID187. IT IS NOT ASSOCIATED WITH FULLY INCOMPRESSIBLE
 HYPERELASTIC MATERIALS. NO SUGGESTION IS AVAILABLE AND NO RESETTING IS NEEDED.

 ELEMENT TYPE        26 IS SOLID187. IT IS NOT ASSOCIATED WITH FULLY INCOMPRESSIBLE
 HYPERELASTIC MATERIALS. NO SUGGESTION IS AVAILABLE AND NO RESETTING IS NEEDED.

 ELEMENT TYPE        27 IS SOLID187. IT IS NOT ASSOCIATED WITH FULLY INCOMPRESSIBLE
 HYPERELASTIC MATERIALS. NO SUGGESTION IS AVAILABLE AND NO RESETTING IS NEEDED.

 ELEMENT TYPE        28 IS SOLID187. IT IS NOT ASSOCIATED WITH FULLY INCOMPRESSIBLE
 HYPERELASTIC MATERIALS. NO SUGGESTION IS AVAILABLE AND NO RESETTING IS NEEDED.

 ELEMENT TYPE        29 IS SOLID187. IT IS NOT ASSOCIATED WITH FULLY INCOMPRESSIBLE
 HYPERELASTIC MATERIALS. NO SUGGESTION IS AVAILABLE AND NO RESETTING IS NEEDED.

 ELEMENT TYPE        30 IS SOLID187. IT IS NOT ASSOCIATED WITH FULLY INCOMPRESSIBLE
 HYPERELASTIC MATERIALS. NO SUGGESTION IS AVAILABLE AND NO RESETTING IS NEEDED.

 ELEMENT TYPE        31 IS SOLID187. IT IS NOT ASSOCIATED WITH FULLY INCOMPRESSIBLE
 HYPERELASTIC MATERIALS. NO SUGGESTION IS AVAILABLE AND NO RESETTING IS NEEDED.

 ELEMENT TYPE        32 IS SOLID187. IT IS NOT ASSOCIATED WITH FULLY INCOMPRESSIBLE
 HYPERELASTIC MATERIALS. NO SUGGESTION IS AVAILABLE AND NO RESETTING IS NEEDED.

 ELEMENT TYPE        33 IS SOLID187. IT IS NOT ASSOCIATED WITH FULLY INCOMPRESSIBLE
 HYPERELASTIC MATERIALS. NO SUGGESTION IS AVAILABLE AND NO RESETTING IS NEEDED.

 ELEMENT TYPE        34 IS SOLID187. IT IS NOT ASSOCIATED WITH FULLY INCOMPRESSIBLE
 HYPERELASTIC MATERIALS. NO SUGGESTION IS AVAILABLE AND NO RESETTING IS NEEDED.

 ELEMENT TYPE        35 IS SOLID187. IT IS NOT ASSOCIATED WITH FULLY INCOMPRESSIBLE
 HYPERELASTIC MATERIALS. NO SUGGESTION IS AVAILABLE AND NO RESETTING IS NEEDED.

 ELEMENT TYPE        36 IS SOLID187. IT IS NOT ASSOCIATED WITH FULLY INCOMPRESSIBLE
 HYPERELASTIC MATERIALS. NO SUGGESTION IS AVAILABLE AND NO RESETTING IS NEEDED.

 ELEMENT TYPE        37 IS SOLID187. IT IS NOT ASSOCIATED WITH FULLY INCOMPRESSIBLE
 HYPERELASTIC MATERIALS. NO SUGGESTION IS AVAILABLE AND NO RESETTING IS NEEDED.

 ELEMENT TYPE        38 IS SOLID187. IT IS NOT ASSOCIATED WITH FULLY INCOMPRESSIBLE
 HYPERELASTIC MATERIALS. NO SUGGESTION IS AVAILABLE AND NO RESETTING IS NEEDED.

 ELEMENT TYPE        39 IS SOLID187. IT IS NOT ASSOCIATED WITH FULLY INCOMPRESSIBLE
 HYPERELASTIC MATERIALS. NO SUGGESTION IS AVAILABLE AND NO RESETTING IS NEEDED.

 ELEMENT TYPE        40 IS SOLID187. IT IS NOT ASSOCIATED WITH FULLY INCOMPRESSIBLE
 HYPERELASTIC MATERIALS. NO SUGGESTION IS AVAILABLE AND NO RESETTING IS NEEDED.

 ELEMENT TYPE        41 IS SOLID187. IT IS NOT ASSOCIATED WITH FULLY INCOMPRESSIBLE
 HYPERELASTIC MATERIALS. NO SUGGESTION IS AVAILABLE AND NO RESETTING IS NEEDED.

 ELEMENT TYPE        42 IS SOLID187. IT IS NOT ASSOCIATED WITH FULLY INCOMPRESSIBLE
 HYPERELASTIC MATERIALS. NO SUGGESTION IS AVAILABLE AND NO RESETTING IS NEEDED.

 ELEMENT TYPE        43 IS SOLID187. IT IS NOT ASSOCIATED WITH FULLY INCOMPRESSIBLE
 HYPERELASTIC MATERIALS. NO SUGGESTION IS AVAILABLE AND NO RESETTING IS NEEDED.



 *** MAPDL - ENGINEERING ANALYSIS SYSTEM  RELEASE 2024 R1          24.1     ***
 Ansys Mechanical Enterprise Academic Student      
 01055371  VERSION=WINDOWS x64   00:26:36  APR 23, 2024 CP=      0.109

 Rotor FEA--Static Structural (D5)                                             



                       S O L U T I O N   O P T I O N S

   PROBLEM DIMENSIONALITY. . . . . . . . . . . . .3-D                  
   DEGREES OF FREEDOM. . . . . . UX   UY   UZ  
   ANALYSIS TYPE . . . . . . . . . . . . . . . . .STATIC (STEADY-STATE)
   OFFSET TEMPERATURE FROM ABSOLUTE ZERO . . . . .  459.67    
   EQUATION SOLVER OPTION. . . . . . . . . . . . .SPARSE             
   NEWTON-RAPHSON OPTION . . . . . . . . . . . . .PROGRAM CHOSEN   
   GLOBALLY ASSEMBLED MATRIX . . . . . . . . . . .SYMMETRIC  

 *** NOTE ***                            CP =       0.109   TIME= 00:26:36
 This nonlinear analysis defaults to using the full Newton-Raphson       
 solution procedure.  This can be modified using the NROPT command.      

 *** NOTE ***                            CP =       0.109   TIME= 00:26:36
 The conditions for direct assembly have been met.  No .emat or .erot    
 files will be produced.                                                 

 CHECK INITIAL OPEN/CLOSED STATUS OF SELECTED CONTACT ELEMENTS
      AND LIST DETAILED CONTACT PAIR INFORMATION

   20438 CONTACT ELEMENTS &    6022 TARGET ELEMENTS ARE UNSELECTED FOR PREPARATION OF          SPLITTING.
       2 CONTACT PAIRS ARE UNSELECTED. 

 *** NOTE ***                            CP =       1.297   TIME= 00:26:39
 No contact pairs are being split by the CNCH,DMP logic.  This may be    
 due to CHCH,DMP command has been applied before for this model or       
 number of contact elements in each domain is small enough for good      
 scalability.                                                            

 BECAUSE SPLIT WAS NOT DONE FOR CONNECT REGION(S), UNSELECTED ELEMENTS ARE REVERTED (SELECTED). 

 *** NOTE ***                            CP =       1.562   TIME= 00:26:40
 Smoothing on certain target nodes (e.g.38) for pair ID 44 may have      
 accuracy issue.  Please verify element normal of connected target       
 elements (e.g.88652 & 88729).                                           

 *** NOTE ***                            CP =       2.266   TIME= 00:26:42
 Symmetric Deformable- deformable contact pair identified by real        
 constant set 44 and contact element type 44 has been set up.  The       
 companion pair has real constant set ID 45.  Both pairs should have     
 the same behavior.                                                      
 MAPDL will deactivate the current pair and keep its companion pair,     
 resulting in asymmetric contact.                                        
 Auto surface constraint is built
 Contact algorithm: MPC based approach

 *** NOTE ***                            CP =       2.266   TIME= 00:26:42
 Contact related postprocess items (ETABLE, pressure ...) are not        
 available.                                                              
 Contact detection at: nodal point (normal to target surface)
 *WARNING*: Smoothing on certain contact/target nodes (for example 38)   
 may have an accuracy issue.  You may switch contact and target          
 surfaces, or split the current pair into multiple pairs, or use Gauss   
 detection.                                                              
 MPC will be built internally to handle bonded contact.
 Average contact surface length               0.15158    
 Average contact pair depth                   0.11044    
 Average target surface length                0.87081E-01
 Default pinball region factor PINB           0.25000    
 *WARNING*: The default pinball radius may be too small to capture       
 contacting zone under small sliding assumption.  Redefine the pinball   
 radius if necessary.                                                    
 The resulting pinball region                 0.27610E-01
 Default target edge extension factor TOLS     2.0000    
 Initial penetration/gap is excluded.
 Bonded contact (always) is defined.

 *** NOTE ***                            CP =       2.266   TIME= 00:26:42
 Max.  Initial penetration 6.448030464E-03 was detected between contact  
 element 67746 and target element 91990.                                 
 You may move entire target surface by : x= 5.029413058E-03, y=          
 3.0768121E-04, z= 4.023360962E-03,to reduce initial penetration.        
  
 Max.  Geometric gap 2.758746955E-02 has been detected between contact   
 element 80969 and target element 91645.                                 
 *WARNING*: The geometric gap/penetration may be too large.  Increase    
 pinball radius if it is a true geometric gap/penetration.  Decrease     
 pinball if it is a false one.                                           
 ****************************************
  

 *** NOTE ***                            CP =       2.266   TIME= 00:26:42
 Symmetric Deformable- deformable contact pair identified by real        
 constant set 45 and contact element type 44 has been set up.  The       
 companion pair has real constant set ID 44.  Both pairs should have     
 the same behavior.                                                      
 MAPDL will keep the current pair and deactivate its companion pair,     
 resulting in asymmetric contact.                                        
 Auto surface constraint is built
 Contact algorithm: MPC based approach

 *** NOTE ***                            CP =       2.266   TIME= 00:26:42
 Contact related postprocess items (ETABLE, pressure ...) are not        
 available.                                                              
 Contact detection at: nodal point (normal to target surface)
 *WARNING*: Smoothing on certain contact/target nodes (for example 2651) 
 may have an accuracy issue.  You may switch contact and target          
 surfaces, or split the current pair into multiple pairs, or use Gauss   
 detection.                                                              
 MPC will be built internally to handle bonded contact.
 Average contact surface length               0.89892E-01
 Average contact pair depth                   0.60990E-01
 Average target surface length                0.14778    
 Default pinball region factor PINB           0.25000    
 *WARNING*: The default pinball radius may be too small to capture       
 contacting zone under small sliding assumption.  Redefine the pinball   
 radius if necessary.                                                    
 The resulting pinball region                 0.15247E-01
 Default target edge extension factor TOLS     2.0000    
 Initial penetration/gap is excluded.
 Bonded contact (always) is defined.

 *** NOTE ***                            CP =       2.266   TIME= 00:26:42
 Max.  Initial penetration 6.093046577E-03 was detected between contact  
 element 87814 and target element 51668.                                 
 You may move entire target surface by : x= -4.130706819E-03, y=         
 8.444680807E-05, z= -4.478319607E-03,to reduce initial penetration.     
  
 Max.  Geometric gap 1.492853424E-02 has been detected between contact   
 element 86369 and target element 57690.                                 
 *WARNING*: The geometric gap/penetration may be too large.  Increase    
 pinball radius if it is a true geometric gap/penetration.  Decrease     
 pinball if it is a false one.                                           
 ****************************************
  

 *** NOTE ***                            CP =       2.266   TIME= 00:26:42
 Symmetric Deformable- deformable contact pair identified by real        
 constant set 46 and contact element type 46 has been set up.  The       
 companion pair has real constant set ID 47.  Both pairs should have     
 the same behavior.                                                      
 MAPDL will deactivate the current pair and keep its companion pair,     
 resulting in asymmetric contact.                                        
 Small sliding logic is assumed
 Contact algorithm: Augmented Lagrange method
 Contact detection at: Gauss integration point
 Contact stiffness factor FKN                  1.0000    
 The resulting initial contact stiffness      0.27639E+10
 Default penetration tolerance factor FTOLN   0.10000    
 The resulting penetration tolerance          0.10204E-01
 Max. initial friction coefficient MU         0.50000E-01
 Default tangent stiffness factor FKT          1.0000    
 Default elastic slip factor SLTOL            0.10000E-01
 The resulting elastic slip tolerance         0.13498E-02
 Update contact stiffness at each iteration
 Default Max. friction stress TAUMAX          0.10000E+21
 Average contact surface length               0.13498    
 Average contact pair depth                   0.10204    
 Average target surface length                0.16902    
 Default pinball region factor PINB            1.0000    
 The resulting pinball region                 0.10204    
 *WARNING*: Initial penetration is included.

 *** NOTE ***                            CP =       2.266   TIME= 00:26:42
 Max.  Initial penetration 5.551115123E-17 was detected between contact  
 element 99448 and target element 104324.                                
 ****************************************
  

 *** NOTE ***                            CP =       2.266   TIME= 00:26:42
 Symmetric Deformable- deformable contact pair identified by real        
 constant set 47 and contact element type 46 has been set up.  The       
 companion pair has real constant set ID 46.  Both pairs should have     
 the same behavior.                                                      
 MAPDL will keep the current pair and deactivate its companion pair,     
 resulting in asymmetric contact.                                        
 Small sliding logic is assumed
 Contact algorithm: Augmented Lagrange method
 Contact detection at: Gauss integration point
 Contact stiffness factor FKN                  1.0000    
 The resulting initial contact stiffness      0.27639E+10
 Default penetration tolerance factor FTOLN   0.10000    
 The resulting penetration tolerance          0.14001E-01
 Max. initial friction coefficient MU         0.50000E-01
 Default tangent stiffness factor FKT          1.0000    
 Default elastic slip factor SLTOL            0.10000E-01
 The resulting elastic slip tolerance         0.17404E-02
 Update contact stiffness at each iteration
 Default Max. friction stress TAUMAX          0.10000E+21
 Average contact surface length               0.17404    
 Average contact pair depth                   0.14001    
 Average target surface length                0.13350    
 Default pinball region factor PINB            1.0000    
 The resulting pinball region                 0.14001    
 *WARNING*: Initial penetration is included.

 *** NOTE ***                            CP =       2.266   TIME= 00:26:42
 Max.  Initial penetration 5.551115123E-17 was detected between contact  
 element 102304 and target element 97575.                                
 ****************************************
  
  
  

  
  
     D I S T R I B U T E D   D O M A I N   D E C O M P O S E R
  
  ...Number of elements: 83508
  ...Number of nodes:    63652
  ...Decompose to 4 CPU domains
  ...Element load balance ratio =     2.755


                      L O A D   S T E P   O P T I O N S

   LOAD STEP NUMBER. . . . . . . . . . . . . . . .     1
   TIME AT END OF THE LOAD STEP. . . . . . . . . .  1.0000    
   AUTOMATIC TIME STEPPING . . . . . . . . . . . .    ON
      INITIAL NUMBER OF SUBSTEPS . . . . . . . . .     1
      MAXIMUM NUMBER OF SUBSTEPS . . . . . . . . .    10
      MINIMUM NUMBER OF SUBSTEPS . . . . . . . . .     1
   MAXIMUM NUMBER OF EQUILIBRIUM ITERATIONS. . . .    15
   STEP CHANGE BOUNDARY CONDITIONS . . . . . . . .    NO
   TERMINATE ANALYSIS IF NOT CONVERGED . . . . . .YES (EXIT)  
   CONVERGENCE CONTROLS. . . . . . . . . . . . . .USE DEFAULTS
   INERTIA LOADS                        X           Y           Z 
      CGLOC. . . . . . . . . . . .  0.0000     0.18750      0.0000    
      CGOMGA . . . . . . . . . . .  0.0000     -5385.6      0.0000    
   PRINT OUTPUT CONTROLS . . . . . . . . . . . . .NO PRINTOUT
   DATABASE OUTPUT CONTROLS
      ITEM     FREQUENCY   COMPONENT
       ALL       NONE               
      NSOL        ALL               
      RSOL        ALL               
      EANG        ALL               
      ETMP        ALL               
      VENG        ALL               
      STRS        ALL               
      EPEL        ALL               
      EPPL        ALL               
      CONT        ALL               


 SOLUTION MONITORING INFO IS WRITTEN TO FILE= file.mntr                                                                                                                                                                                                                                                           
 MAXIMUM NUMBER OF EQUILIBRIUM ITERATIONS HAS BEEN MODIFIED              
  TO BE, NEQIT = 25, BY SOLUTION CONTROL LOGIC.                          



                         ***********  PRECISE MASS SUMMARY  ***********

   TOTAL RIGID BODY MASS MATRIX ABOUT ORIGIN
               Translational mass               |   Coupled translational/rotational mass
        0.72240E-02    0.0000        0.0000     |     0.0000      -0.74722E-07  -0.19281E-04
         0.0000       0.72240E-02    0.0000     |    0.74722E-07    0.0000      -0.18602E-07
         0.0000        0.0000       0.72240E-02 |    0.19281E-04   0.18602E-07    0.0000    
     ------------------------------------------ | ------------------------------------------
                                                |         Rotational mass (inertia)
                                                |    0.15128E-01  -0.29358E-08   0.22851E-07
                                                |   -0.29358E-08   0.29909E-01   0.46129E-09
                                                |    0.22851E-07   0.46129E-09   0.15128E-01

   TOTAL MASS = 0.72240E-02
     The mass principal axes coincide with the global Cartesian axes

   CENTER OF MASS (X,Y,Z)=  -0.25750E-05   0.26690E-02  -0.10344E-04

   TOTAL INERTIA ABOUT CENTER OF MASS
        0.15127E-01  -0.29855E-08   0.22851E-07
       -0.29855E-08   0.29909E-01   0.26186E-09
        0.22851E-07   0.26186E-09   0.15128E-01
     The inertia principal axes coincide with the global Cartesian axes


  *** MASS SUMMARY BY ELEMENT TYPE ***

  TYPE      MASS
     1  0.104365E-04
     2  0.104365E-04
     3  0.104365E-04
     4  0.104365E-04
     5  0.104365E-04
     6  0.104365E-04
     7  0.104365E-04
     8  0.104365E-04
     9  0.385743E-02
    10  0.153992E-02
    11  0.153992E-02
    12  0.635120E-05
    13  0.635120E-05
    14  0.635120E-05
    15  0.635120E-05
    16  0.635120E-05
    17  0.635120E-05
    18  0.635120E-05
    19  0.635120E-05
    20  0.635120E-05
    21  0.635120E-05
    22  0.635120E-05
    23  0.635120E-05
    24  0.635120E-05
    25  0.635120E-05
    26  0.635120E-05
    27  0.635120E-05
    28  0.635120E-05
    29  0.635120E-05
    30  0.635120E-05
    31  0.635120E-05
    32  0.635120E-05
    33  0.635120E-05
    34  0.635120E-05
    35  0.635120E-05
    36  0.635120E-05
    37  0.635120E-05
    38  0.635120E-05
    39  0.635120E-05
    40  0.635120E-05
    41  0.635120E-05
    42  0.635120E-05
    43  0.635120E-05

 Range of element maximum matrix coefficients in global coordinates
 Maximum = 70755005.6 at element 9894.                                   
 Minimum = 380438.123 at element 103095.                                 

   *** ELEMENT MATRIX FORMULATION TIMES
     TYPE    NUMBER   ENAME      TOTAL CP  AVE CP

        1       143  SOLID187      0.000   0.000000
        2       143  SOLID187      0.000   0.000000
        3       143  SOLID187      0.000   0.000000
        4       143  SOLID187      0.000   0.000000
        5       143  SOLID187      0.000   0.000000
        6       143  SOLID187      0.016   0.000109
        7       143  SOLID187      0.000   0.000000
        8       143  SOLID187      0.000   0.000000
        9      8762  SOLID187      0.156   0.000018
       10      8021  SOLID187      0.203   0.000025
       11      8021  SOLID187      0.062   0.000008
       12       145  SOLID187      0.000   0.000000
       13       145  SOLID187      0.000   0.000000
       14       145  SOLID187      0.000   0.000000
       15       145  SOLID187      0.000   0.000000
       16       145  SOLID187      0.000   0.000000
       17       145  SOLID187      0.000   0.000000
       18       145  SOLID187      0.000   0.000000
       19       145  SOLID187      0.000   0.000000
       20       145  SOLID187      0.016   0.000108
       21       145  SOLID187      0.000   0.000000
       22       145  SOLID187      0.000   0.000000
       23       145  SOLID187      0.000   0.000000
       24       145  SOLID187      0.000   0.000000
       25       145  SOLID187      0.000   0.000000
       26       145  SOLID187      0.000   0.000000
       27       145  SOLID187      0.000   0.000000
       28       145  SOLID187      0.000   0.000000
       29       145  SOLID187      0.000   0.000000
       30       145  SOLID187      0.000   0.000000
       31       145  SOLID187      0.000   0.000000
       32       145  SOLID187      0.000   0.000000
       33       145  SOLID187      0.000   0.000000
       34       145  SOLID187      0.000   0.000000
       35       145  SOLID187      0.000   0.000000
       36       145  SOLID187      0.000   0.000000
       37       145  SOLID187      0.000   0.000000
       38       145  SOLID187      0.000   0.000000
       39       145  SOLID187      0.000   0.000000
       40       145  SOLID187      0.000   0.000000
       41       145  SOLID187      0.000   0.000000
       42       145  SOLID187      0.031   0.000216
       43       145  SOLID187      0.000   0.000000
       44     20922  CONTA174      0.328   0.000016
       45     20922  TARGE170      0.016   0.000001
       46      5538  CONTA174      0.062   0.000011
       47      5538  TARGE170      0.016   0.000003
 Time at end of element matrix formulation CP = 6.640625.                

 ALL CURRENT MAPDL DATA WRITTEN TO FILE NAME= file.rdb
  FOR POSSIBLE RESUME FROM THIS POINT
     FORCE CONVERGENCE VALUE  =   5292.      CRITERION=   26.46    

 DISTRIBUTED SPARSE MATRIX DIRECT SOLVER.
  Number of equations =      177078,    Maximum wavefront =    693

  Process memory allocated for solver              =   307.890 MB
  Process memory required for in-core solution     =   295.349 MB
  Process memory required for out-of-core solution =   129.423 MB

  Total memory allocated for solver                =  1189.853 MB
  Total memory required for in-core solution       =  1143.908 MB
  Total memory required for out-of-core solution   =   553.638 MB

 *** NOTE ***                            CP =       7.750   TIME= 00:26:53
 The Distributed Sparse Matrix Solver is currently running in the        
 in-core memory mode.  This memory mode uses the most amount of memory   
 in order to avoid using the hard drive as much as possible, which most  
 often results in the fastest solution time.  This mode is recommended   
 if enough physical memory is present to accommodate all of the solver   
 data.                                                                   
 curEqn=  48090  totEqn=  48090 Job CP sec=      8.859
      Factor Done= 100% Factor Wall sec=      1.512 rate=      14.2 GFlops
 Distributed sparse solver maximum pivot= 69280030.9 at node 8007 UZ.    
 Distributed sparse solver minimum pivot= 68442.9029 at node 3092 UY.    
 Distributed sparse solver minimum pivot in absolute value= 68442.9029   
 at node 3092 UY.                                                        
     DISP CONVERGENCE VALUE   =  0.7755E-02  CRITERION=  0.3877E-03
    EQUIL ITER   1 COMPLETED.  NEW TRIANG MATRIX.  MAX DOF INC= -0.7755E-02
     DISP CONVERGENCE VALUE   =  0.7755E-02  CRITERION=  0.3877E-03
     LINE SEARCH PARAMETER =   1.000     SCALED MAX DOF INC = -0.7755E-02
     FORCE CONVERGENCE VALUE  =   3555.      CRITERION=   51.29    
    EQUIL ITER   2 COMPLETED.  NEW TRIANG MATRIX.  MAX DOF INC=  0.1972E-02
     DISP CONVERGENCE VALUE   =  0.1972E-02  CRITERION=  0.4270E-03
     LINE SEARCH PARAMETER =   1.000     SCALED MAX DOF INC =  0.1972E-02
     FORCE CONVERGENCE VALUE  =   1870.      CRITERION=   51.81    
    EQUIL ITER   3 COMPLETED.  NEW TRIANG MATRIX.  MAX DOF INC= -0.9393E-03
     DISP CONVERGENCE VALUE   =  0.9393E-03  CRITERION=  0.4340E-03
     LINE SEARCH PARAMETER =   1.000     SCALED MAX DOF INC = -0.9393E-03
     FORCE CONVERGENCE VALUE  =   505.4      CRITERION=   51.78    
    EQUIL ITER   4 COMPLETED.  NEW TRIANG MATRIX.  MAX DOF INC= -0.1519E-03
     DISP CONVERGENCE VALUE   =  0.1519E-03  CRITERION=  0.4347E-03 <<< CONVERGED
     LINE SEARCH PARAMETER =   1.000     SCALED MAX DOF INC = -0.1519E-03
     FORCE CONVERGENCE VALUE  =   47.93      CRITERION=   51.79     <<< CONVERGED
    >>> SOLUTION CONVERGED AFTER EQUILIBRIUM ITERATION   4

   *** ELEMENT RESULT CALCULATION TIMES
     TYPE    NUMBER   ENAME      TOTAL CP  AVE CP

        1       143  SOLID187      0.000   0.000000
        2       143  SOLID187      0.000   0.000000
        3       143  SOLID187      0.000   0.000000
        4       143  SOLID187      0.000   0.000000
        5       143  SOLID187      0.000   0.000000
        6       143  SOLID187      0.000   0.000000
        7       143  SOLID187      0.000   0.000000
        8       143  SOLID187      0.016   0.000109
        9      8762  SOLID187      0.203   0.000023
       10      8021  SOLID187      0.203   0.000025
       11      8021  SOLID187      0.109   0.000014
       12       145  SOLID187      0.000   0.000000
       13       145  SOLID187      0.016   0.000108
       14       145  SOLID187      0.031   0.000216
       15       145  SOLID187      0.016   0.000108
       16       145  SOLID187      0.000   0.000000
       17       145  SOLID187      0.016   0.000108
       18       145  SOLID187      0.000   0.000000
       19       145  SOLID187      0.000   0.000000
       20       145  SOLID187      0.000   0.000000
       21       145  SOLID187      0.000   0.000000
       22       145  SOLID187      0.016   0.000108
       23       145  SOLID187      0.016   0.000108
       24       145  SOLID187      0.000   0.000000
       25       145  SOLID187      0.000   0.000000
       26       145  SOLID187      0.016   0.000108
       27       145  SOLID187      0.016   0.000108
       28       145  SOLID187      0.000   0.000000
       29       145  SOLID187      0.000   0.000000
       30       145  SOLID187      0.000   0.000000
       31       145  SOLID187      0.000   0.000000
       32       145  SOLID187      0.000   0.000000
       33       145  SOLID187      0.016   0.000108
       34       145  SOLID187      0.000   0.000000
       35       145  SOLID187      0.000   0.000000
       36       145  SOLID187      0.000   0.000000
       37       145  SOLID187      0.016   0.000108
       38       145  SOLID187      0.000   0.000000
       39       145  SOLID187      0.000   0.000000
       40       145  SOLID187      0.016   0.000108
       41       145  SOLID187      0.000   0.000000
       42       145  SOLID187      0.000   0.000000
       43       145  SOLID187      0.000   0.000000
       44     20922  CONTA174      0.219   0.000010
       46      5538  CONTA174      0.062   0.000011

   *** NODAL LOAD CALCULATION TIMES
     TYPE    NUMBER   ENAME      TOTAL CP  AVE CP

        1       143  SOLID187      0.000   0.000000
        2       143  SOLID187      0.000   0.000000
        3       143  SOLID187      0.000   0.000000
        4       143  SOLID187      0.000   0.000000
        5       143  SOLID187      0.000   0.000000
        6       143  SOLID187      0.000   0.000000
        7       143  SOLID187      0.000   0.000000
        8       143  SOLID187      0.000   0.000000
        9      8762  SOLID187      0.031   0.000004
       10      8021  SOLID187      0.047   0.000006
       11      8021  SOLID187      0.016   0.000002
       12       145  SOLID187      0.000   0.000000
       13       145  SOLID187      0.000   0.000000
       14       145  SOLID187      0.000   0.000000
       15       145  SOLID187      0.000   0.000000
       16       145  SOLID187      0.000   0.000000
       17       145  SOLID187      0.000   0.000000
       18       145  SOLID187      0.000   0.000000
       19       145  SOLID187      0.000   0.000000
       20       145  SOLID187      0.000   0.000000
       21       145  SOLID187      0.000   0.000000
       22       145  SOLID187      0.000   0.000000
       23       145  SOLID187      0.000   0.000000
       24       145  SOLID187      0.000   0.000000
       25       145  SOLID187      0.000   0.000000
       26       145  SOLID187      0.000   0.000000
       27       145  SOLID187      0.000   0.000000
       28       145  SOLID187      0.000   0.000000
       29       145  SOLID187      0.000   0.000000
       30       145  SOLID187      0.000   0.000000
       31       145  SOLID187      0.000   0.000000
       32       145  SOLID187      0.000   0.000000
       33       145  SOLID187      0.000   0.000000
       34       145  SOLID187      0.000   0.000000
       35       145  SOLID187      0.000   0.000000
       36       145  SOLID187      0.000   0.000000
       37       145  SOLID187      0.000   0.000000
       38       145  SOLID187      0.000   0.000000
       39       145  SOLID187      0.000   0.000000
       40       145  SOLID187      0.000   0.000000
       41       145  SOLID187      0.000   0.000000
       42       145  SOLID187      0.000   0.000000
       43       145  SOLID187      0.000   0.000000
       44     20922  CONTA174      0.031   0.000001
       46      5538  CONTA174      0.000   0.000000
 *** LOAD STEP     1   SUBSTEP     1  COMPLETED.    CUM ITER =      4
 *** TIME =   1.00000         TIME INC =   1.00000    


 *** MAPDL BINARY FILE STATISTICS
  BUFFER SIZE USED= 16384
       13.312 MB WRITTEN ON ELEMENT SAVED DATA FILE: file0.esav
       33.062 MB WRITTEN ON ASSEMBLED MATRIX FILE: file0.full
        3.438 MB WRITTEN ON RESULTS FILE: file0.rst
 *************** Write FE CONNECTORS *********

 WRITE OUT CONSTRAINT EQUATIONS TO FILE= file.ce                                                                                                                                                                                                                                                             
 ****************************************************
 *************** FINISHED SOLVE FOR LS 1 *************

 *GET  _WALLASOL  FROM  ACTI  ITEM=TIME WALL  VALUE= 0.455000000    

 PRINTOUT RESUMED BY /GOP

 FINISH SOLUTION PROCESSING


 ***** ROUTINE COMPLETED *****  CP =        20.125



 *** MAPDL - ENGINEERING ANALYSIS SYSTEM  RELEASE 2024 R1          24.1     ***
 Ansys Mechanical Enterprise Academic Student      
 01055371  VERSION=WINDOWS x64   00:27:19  APR 23, 2024 CP=     20.125

 Rotor FEA--Static Structural (D5)                                             



          ***** MAPDL RESULTS INTERPRETATION (POST1) *****

 *** NOTE ***                            CP =      20.125   TIME= 00:27:19
 Reading results into the database (SET command) will update the current 
 displacement and force boundary conditions in the database with the     
 values from the results file for that load set.  Note that any          
 subsequent solutions will use these values unless action is taken to    
 either SAVE the current values or not overwrite them (/EXIT,NOSAVE).    

 Set Encoding of XML File to:ISO-8859-1

 Set Output of XML File to:
     PARM,     ,     ,     ,     ,     ,     ,     ,     ,     ,     ,     ,
         ,     ,     ,     ,     ,     ,     ,

 DATABASE WRITTEN ON FILE  parm.xml                                                                                                                                                                                                                                                            

 EXIT THE MAPDL POST1 DATABASE PROCESSOR


 ***** ROUTINE COMPLETED *****  CP =        20.125



 PRINTOUT RESUMED BY /GOP

 *GET  _WALLDONE  FROM  ACTI  ITEM=TIME WALL  VALUE= 0.455277778    

 PARAMETER _PREPTIME =     0.000000000    

 PARAMETER _SOLVTIME =     42.00000000    

 PARAMETER _POSTTIME =     1.000000000    

 PARAMETER _TOTALTIM =     43.00000000    

 *GET  _DLBRATIO  FROM  ACTI  ITEM=SOLU DLBR  VALUE=  2.75547812    

 *GET  _COMBTIME  FROM  ACTI  ITEM=SOLU COMB  VALUE= 0.198484700    

 *GET  _SSMODE   FROM  ACTI  ITEM=SOLU SSMM  VALUE=  2.00000000    

 *GET  _NDOFS    FROM  ACTI  ITEM=SOLU NDOF  VALUE=  177078.000    

 *GET  _SOL_END_TIME  FROM  ACTI  ITEM=SET  TIME  VALUE=  1.00000000    

 *IF  _sol_end_time                     ( =   1.00000     )  EQ  
      1.000000                          ( =   1.00000     )  THEN    

 /FCLEAN COMMAND REMOVING ALL LOCAL FILES

 *ENDIF
 --- Total number of nodes = 63652
 --- Total number of elements = 83508
 --- Element load balance ratio = 2.75547812
 --- Time to combine distributed files = 0.1984847
 --- Sparse memory mode = 2
 --- Number of DOF = 177078

 EXIT MAPDL WITHOUT SAVING DATABASE


 NUMBER OF WARNING MESSAGES ENCOUNTERED=          1
 NUMBER OF ERROR   MESSAGES ENCOUNTERED=          0

+--------------------- M A P D L   S T A T I S T I C S ------------------------+

Release: 2024 R1            Build: 24.1       Update: UP20231106   Platform: WINDOWS x64 
Date Run: 04/23/2024   Time: 00:27     Process ID: 12740
Operating System: Windows 11  (Build: 22621)

Processor Model: 13th Gen Intel(R) Core(TM) i7-1355U

Compiler: Intel(R) Fortran Compiler Classic Version 2021.9  (Build: 20230302)
          Intel(R) C/C++ Compiler Classic Version 2021.9  (Build: 20230302)
          Intel(R) Math Kernel Library Version 2020.0.0 Product Build 20191125
          BLAS Library supplied by Intel(R) MKL

Number of machines requested            :    1
Total number of cores available         :   12
Number of physical cores available      :   10
Number of processes requested           :    4
Number of threads per process requested :    1
Total number of cores requested         :    4 (Distributed Memory Parallel)               
MPI Type: INTELMPI
MPI Version: Intel(R) MPI Library 2021.10 for Windows* OS


GPU Acceleration: Not Requested

Job Name: file0
Input File: dummy.dat

  Core                Machine Name   Working Directory
 -----------------------------------------------------
     0             Brendans_Lenovo   C:\Users\brend\Desktop\Engine-Development\Ansys Models\Rotor\_ProjectScratch\ScrBFBC
     1             Brendans_Lenovo   C:\Users\brend\Desktop\Engine-Development\Ansys Models\Rotor\_ProjectScratch\ScrBFBC
     2             Brendans_Lenovo   C:\Users\brend\Desktop\Engine-Development\Ansys Models\Rotor\_ProjectScratch\ScrBFBC
     3             Brendans_Lenovo   C:\Users\brend\Desktop\Engine-Development\Ansys Models\Rotor\_ProjectScratch\ScrBFBC
 
Latency time from master to core     1 =    2.050 microseconds
Latency time from master to core     2 =    2.696 microseconds
Latency time from master to core     3 =    1.989 microseconds
 
Communication speed from master to core     1 =  5051.53 MB/sec
Communication speed from master to core     2 =  4733.03 MB/sec
Communication speed from master to core     3 =  5719.02 MB/sec

Total CPU time for main thread                    :       20.0 seconds
Total CPU time summed for all threads             :       20.1 seconds

Elapsed time spent obtaining a license            :        0.3 seconds
Elapsed time spent pre-processing model (/PREP7)  :        0.2 seconds
Elapsed time spent solution - preprocessing       :        8.1 seconds
Elapsed time spent computing solution             :       33.4 seconds
Elapsed time spent solution - postprocessing      :        0.2 seconds
Elapsed time spent post-processing model (/POST1) :        0.0 seconds
 
Equation solver used                              :            Sparse (symmetric)
Equation solver computational rate                :       51.1 Gflops
Equation solver effective I/O rate                :       19.1 GB/sec

Sum of disk space used on all processes           :      816.0 MB

Sum of memory used on all processes               :     2249.0 MB
Sum of memory allocated on all processes          :     4804.0 MB
Physical memory available                         :         16 GB
Total amount of I/O written to disk               :        3.5 GB
Total amount of I/O read from disk                :       10.9 GB

+------------------ E N D   M A P D L   S T A T I S T I C S -------------------+


 *-----------------------------------------------------------------------------*
 |                                                                             |
 |                               RUN COMPLETED                                 |
 |                                                                             |
 |-----------------------------------------------------------------------------|
 |                                                                             |
 |  Ansys MAPDL 2024 R1         Build 24.1         UP20231106    WINDOWS x64   |
 |                                                                             |
 |-----------------------------------------------------------------------------|
 |                                                                             |
 |  Database Requested(-db)     1024 MB     Scratch Memory Requested   1024 MB |
 |  Max Database Used(Master)    134 MB     Max Scratch Used(Master)    400 MB |
 |  Max Database Used(Workers)     1 MB     Max Scratch Used(Workers)   718 MB |
 |  Sum Database Used(All)       137 MB     Sum Scratch Used(All)      2112 MB |
 |                                                                             |
 |-----------------------------------------------------------------------------|
 |                                                                             |
 |        CP Time      (sec) =         20.125       Time  =  00:27:20          |
 |        Elapsed Time (sec) =         46.000       Date  =  04/23/2024        |
 |                                                                             |
 *-----------------------------------------------------------------------------*
