
 Ansys Mechanical Enterprise Academic Student      


 *------------------------------------------------------------------*
 |                                                                  |
 |   W E L C O M E   T O   T H E   A N S Y S (R)  P R O G R A M     |
 |                                                                  |
 *------------------------------------------------------------------*




 ***************************************************************
 *         ANSYS MAPDL 2024 R1          LEGAL NOTICES          *
 ***************************************************************
 *                                                             *
 * Copyright 1971-2024 Ansys, Inc.  All rights reserved.       *
 * Unauthorized use, distribution or duplication is            *
 * prohibited.                                                 *
 *                                                             *
 * Ansys is a registered trademark of Ansys, Inc. or its       *
 * subsidiaries in the United States or other countries.       *
 * See the Ansys, Inc. online documentation or the Ansys, Inc. *
 * documentation CD or online help for the complete Legal      *
 * Notice.                                                     *
 *                                                             *
 ***************************************************************
 *                                                             *
 * THIS ANSYS SOFTWARE PRODUCT AND PROGRAM DOCUMENTATION       *
 * INCLUDE TRADE SECRETS AND CONFIDENTIAL AND PROPRIETARY      *
 * PRODUCTS OF ANSYS, INC., ITS SUBSIDIARIES, OR LICENSORS.    *
 * The software products and documentation are furnished by    *
 * Ansys, Inc. or its subsidiaries under a software license    *
 * agreement that contains provisions concerning               *
 * non-disclosure, copying, length and nature of use,          *
 * compliance with exporting laws, warranties, disclaimers,    *
 * limitations of liability, and remedies, and other           *
 * provisions.  The software products and documentation may be *
 * used, disclosed, transferred, or copied only in accordance  *
 * with the terms and conditions of that software license      *
 * agreement.                                                  *
 *                                                             *
 * Ansys, Inc. is a UL registered                              *
 * ISO 9001:2015 company.                                      *
 *                                                             *
 ***************************************************************
 *                                                             *
 * This product is subject to U.S. laws governing export and   *
 * re-export.                                                  *
 *                                                             *
 * For U.S. Government users, except as specifically granted   *
 * by the Ansys, Inc. software license agreement, the use,     *
 * duplication, or disclosure by the United States Government  *
 * is subject to restrictions stated in the Ansys, Inc.        *
 * software license agreement and FAR 12.212 (for non-DOD      *
 * licenses).                                                  *
 *                                                             *
 ***************************************************************

 2024 R1 
     
 Point Releases and Patches installed:   
     
 Discovery 2024 R1   
 Fluids 2024 R1  
 Ansys Dynamic Reporting 2024 R1 
 SpaceClaim 2024 R1  
 CFX (includes CFD-Post) 2024 R1 
 Chemkin 2024 R1 
 EnSight 2024 R1 
 FENSAP-ICE 2024 R1  
 Fluent (includes CFD-Post) 2024 R1  
 Polyflow (includes CFD-Post) 2024 R1
 Forte (includes EnSight) 2024 R1
 TurboGrid 2024 R1   
 ACIS Geometry Interface 2024 R1 
 AutoCAD Geometry Interface 2024 R1  
 Catia, Version 4 Geometry Interface 2024 R1 
 Catia, Version 5 Geometry Interface 2024 R1 
 Catia, Version 6 Geometry Interface 2024 R1 
 Creo Elements/Direct Modeling Geometry Interface 2024 R1
 Creo Parametric Geometry Interface 2024 R1  
 Inventor Geometry Interface 2024 R1 
 JTOpen Geometry Interface 2024 R1   
 NX Geometry Interface 2024 R1   
 Parasolid Geometry Interface  2024 R1   
 Solid Edge Geometry Interface 2024 R1   
 SOLIDWORKS Geometry Interface 2024 R1   
 Speos 2024 R1   
 Aqwa 2024 R1
 Autodyn 2024 R1 
 Material Calibration App 2024 R1
 Customization Files for User Programmable Features 2024 R1  
 Mechanical Products 2024 R1 
 Motion 2024 R1  
 Academic Student 2024 R1


          *****  MAPDL COMMAND LINE ARGUMENTS  *****
  BATCH MODE REQUESTED (-b)    = NOLIST
  INPUT FILE COPY MODE (-c)    = COPY
  DISTRIBUTED MEMORY PARALLEL REQUESTED
       4 PARALLEL PROCESSES REQUESTED WITH SINGLE THREAD PER PROCESS
    TOTAL OF     4 CORES REQUESTED
  INPUT FILE NAME              = C:\Users\brend\Desktop\Engine-Development\Ansys Models\Rotor\_ProjectScratch\Scr3F33\dummy.dat
  OUTPUT FILE NAME             = C:\Users\brend\Desktop\Engine-Development\Ansys Models\Rotor\_ProjectScratch\Scr3F33\solve.out
  START-UP FILE MODE           = NOREAD
  STOP FILE MODE               = NOREAD

 RELEASE= 2024 R1              BUILD= 24.1      UP20231106   VERSION=WINDOWS x64 
 CURRENT JOBNAME=file0  17:05:35  APR 30, 2024 CP=      0.031


 PARAMETER _DS_PROGRESS =     999.0000000    

 /INPUT FILE= ds.dat  LINE=       0



 *** NOTE ***                            CP =       0.062   TIME= 17:05:36
 The /CONFIG,NOELDB command is not valid in a distributed memory         
 parallel solution.  Command is ignored.                                 

 *GET  _WALLSTRT  FROM  ACTI  ITEM=TIME WALL  VALUE=  17.0933333    

 TITLE= 
 Rotor FEA--Static Structural (I5)                                             

  ACT Extensions:
      LSDYNA, 2024.1
      5f463412-bd3e-484b-87e7-cbc0a665e474, wbex
 /COM,     ANSYSMotion, 2024.1
      20180725-3f81-49eb-9f31-41364844c769, wbex
  

 SET PARAMETER DIMENSIONS ON  _WB_PROJECTSCRATCH_DIR
  TYPE=STRI  DIMENSIONS=      248        1        1

 PARAMETER _WB_PROJECTSCRATCH_DIR(1) = C:\Users\brend\Desktop\Engine-Development\Ansys Models\Rotor\_ProjectScratch\Scr3F33\

 SET PARAMETER DIMENSIONS ON  _WB_SOLVERFILES_DIR
  TYPE=STRI  DIMENSIONS=      248        1        1

 PARAMETER _WB_SOLVERFILES_DIR(1) = C:\Users\brend\Desktop\Engine-Development\Ansys Models\Rotor\Rotor FEA_files\dp0\SYS-8\MECH\

 SET PARAMETER DIMENSIONS ON  _WB_USERFILES_DIR
  TYPE=STRI  DIMENSIONS=      248        1        1

 PARAMETER _WB_USERFILES_DIR(1) = C:\Users\brend\Desktop\Engine-Development\Ansys Models\Rotor\Rotor FEA_files\user_files\
 --- Data in consistent BIN units. See Solving Units in the help system for more

 U.S. CUSTOMARY INCH UNITS SPECIFIED FOR INTERNAL    
  LENGTH      = INCHES (IN)
  MASS        = LBF-S**2/IN 
  TIME        = SECONDS (SEC)  
  TEMPERATURE = FAHRENHEIT
  TOFFSET     = 460.0
  FORCE       = LBF
  HEAT        = IN-LBF
  PRESSURE    = PSI (LBF/IN**2)
  ENERGY      = IN-LBF
  POWER       = IN-LBF/SEC

 INPUT  UNITS ARE ALSO SET TO BIN 

 *** MAPDL - ENGINEERING ANALYSIS SYSTEM  RELEASE 2024 R1          24.1     ***
 Ansys Mechanical Enterprise Academic Student      
 01055371  VERSION=WINDOWS x64   17:05:36  APR 30, 2024 CP=      0.062

 Rotor FEA--Static Structural (I5)                                             



          ***** MAPDL ANALYSIS DEFINITION (PREP7) *****
 *********** Nodes for the whole assembly ***********
 *********** Nodes for all Remote Points ***********
 *********** Elements for Body 1 "[TP] [Turb] Blisk Column Pins|Boss-Extrude1" *
 *********** Elements for Body 2 "[TP] [Turb] Blisk Column Pins|Boss-Extrude1[2]
 *********** Elements for Body 3 "[TP] [Turb] Blisk Column Pins|Boss-Extrude1[3]
 *********** Elements for Body 4 "[TP] [Turb] Blisk Column Pins|Boss-Extrude1[4]
 *********** Elements for Body 5 "[TP] [Turb] Blisk Column Pins|Boss-Extrude1[5]
 *********** Elements for Body 6 "[TP] [Turb] Blisk Column Pins|Boss-Extrude1[6]
 *********** Elements for Body 7 "[TP] [Turb] Blisk Column Pins|Boss-Extrude1[7]
 *********** Elements for Body 8 "[TP] [Turb] Blisk Column Pins|Boss-Extrude1[8]
 *********** Elements for Body 9 "[TP] [Turb] Blisk Column Pins|Boss-Extrude1[9]
 *********** Elements for Body 10 "[TP] [Turb] Blisk Column Pins|Boss-Extrude1[1
 *********** Elements for Body 11 "[TP] [Turb] Blisk Column Pins|Boss-Extrude1[1
 *********** Elements for Body 12 "[TP] [Turb] Blisk Column Pins|Boss-Extrude1[1
 *********** Elements for Body 13 "[TP] [Turb] Blisk Column Pins|Boss-Extrude1[1
 *********** Elements for Body 14 "[TP] [Turb] Blisk Column Pins|Boss-Extrude1[1
 *********** Elements for Body 15 "[TP] [Turb] Blisk Column Pins|Boss-Extrude1[1
 *********** Elements for Body 16 "[TP] [Turb] Blisk Column Pins|Boss-Extrude1[1
 *********** Elements for Body 17 "[TP] [Turb] Blisk|CirPattern3" ***********
 *********** Elements for Body 18 "[TP] [Turb] Rotor Outer Plate|CirPattern4" **
 *********** Elements for Body 19 "[TP] [Turb] Rotor Outer Plate|CirPattern4[2]"
 *********** Elements for Body 20 "[TP] [Turb] Rotor Blade Retaining Ring|Boss-E
 *********** Elements for Body 21 "[TP] [Turb] Small Column Pin|Boss-Extrude1" *
 *********** Elements for Body 22 "[TP] [Turb] Small Column Pin|Boss-Extrude1[2]
 *********** Elements for Body 23 "[TP] [Turb] Small Column Pin|Boss-Extrude1[3]
 *********** Elements for Body 24 "[TP] [Turb] Small Column Pin|Boss-Extrude1[4]
 *********** Elements for Body 25 "[TP] [Turb] Small Column Pin|Boss-Extrude1[5]
 *********** Elements for Body 26 "[TP] [Turb] Small Column Pin|Boss-Extrude1[6]
 *********** Elements for Body 27 "[TP] [Turb] Small Column Pin|Boss-Extrude1[7]
 *********** Elements for Body 28 "[TP] [Turb] Small Column Pin|Boss-Extrude1[8]
 *********** Send User Defined Coordinate System(s) ***********
 *********** Set Reference Temperature ***********
 *********** Send Materials ***********
 *********** Create Contact "Bonded - Multiple To Multiple" ***********
             Real Constant Set For Above Contact Is 30 & 29
 *********** Create Contact "Bonded - [TP] [Turb] Blisk|CirPattern3 To [TP] [Tur
             Real Constant Set For Above Contact Is 32 & 31
 *********** Fixed Supports ***********
 *********** Define Rotational Velocity ***********


 ***** ROUTINE COMPLETED *****  CP =         0.172


 --- Number of total nodes = 40855
 --- Number of contact elements = 45960
 --- Number of spring elements = 0
 --- Number of bearing elements = 0
 --- Number of solid elements = 14137
 --- Number of condensed parts = 0
 --- Number of total elements = 60097

 *GET  _WALLBSOL  FROM  ACTI  ITEM=TIME WALL  VALUE=  17.0933333    
 ****************************************************************************
 *************************    SOLUTION       ********************************
 ****************************************************************************

 *****  MAPDL SOLUTION ROUTINE  *****


 PERFORM A STATIC ANALYSIS
  THIS WILL BE A NEW ANALYSIS

 PARAMETER _THICKRATIO =    0.5710000000    

 USE PRECONDITIONED CONJUGATE GRADIENT SOLVER
  CONVERGENCE TOLERANCE = 1.00000E-08
  MAXIMUM ITERATION     = NumNode*DofPerNode*  1.0000    

 CONTACT INFORMATION PRINTOUT LEVEL       1

 CHECK INITIAL OPEN/CLOSED STATUS OF SELECTED CONTACT ELEMENTS
      AND LIST DETAILED CONTACT PAIR INFORMATION

 SPLIT CONTACT SURFACES AT SOLVE PHASE

    NUMBER OF SPLITTING TBD BY PROGRAM

 DO NOT COMBINE ELEMENT MATRIX FILES (.emat) AFTER DISTRIBUTED PARALLEL SOLUTION

 DO NOT COMBINE ELEMENT SAVE DATA FILES (.esav) AFTER DISTRIBUTED PARALLEL SOLUTION

 NLDIAG: Nonlinear diagnostics CONT option is set to ON. 
         Writing frequency : each ITERATION.

 DO NOT SAVE ANY RESTART FILES AT ALL
 ****************************************************
 ******************* SOLVE FOR LS 1 OF 1 ****************

 CGOMGA=  0.0000     -4451.0      0.0000    

 PRINTOUT RESUMED BY /GOP

 USE       1 SUBSTEPS INITIALLY THIS LOAD STEP FOR ALL  DEGREES OF FREEDOM
 FOR AUTOMATIC TIME STEPPING:
   USE      1 SUBSTEPS AS A MAXIMUM
   USE      1 SUBSTEPS AS A MINIMUM

 TIME=  1.0000    

 ERASE THE CURRENT DATABASE OUTPUT CONTROL TABLE.


 WRITE ALL  ITEMS TO THE DATABASE WITH A FREQUENCY OF NONE
   FOR ALL APPLICABLE ENTITIES

 WRITE NSOL ITEMS TO THE DATABASE WITH A FREQUENCY OF ALL 
   FOR ALL APPLICABLE ENTITIES

 WRITE RSOL ITEMS TO THE DATABASE WITH A FREQUENCY OF ALL 
   FOR ALL APPLICABLE ENTITIES

 WRITE EANG ITEMS TO THE DATABASE WITH A FREQUENCY OF ALL 
   FOR ALL APPLICABLE ENTITIES

 WRITE ETMP ITEMS TO THE DATABASE WITH A FREQUENCY OF ALL 
   FOR ALL APPLICABLE ENTITIES

 WRITE VENG ITEMS TO THE DATABASE WITH A FREQUENCY OF ALL 
   FOR ALL APPLICABLE ENTITIES

 WRITE STRS ITEMS TO THE DATABASE WITH A FREQUENCY OF ALL 
   FOR ALL APPLICABLE ENTITIES

 WRITE EPEL ITEMS TO THE DATABASE WITH A FREQUENCY OF ALL 
   FOR ALL APPLICABLE ENTITIES

 WRITE EPPL ITEMS TO THE DATABASE WITH A FREQUENCY OF ALL 
   FOR ALL APPLICABLE ENTITIES

 WRITE CONT ITEMS TO THE DATABASE WITH A FREQUENCY OF ALL 
   FOR ALL APPLICABLE ENTITIES

 *GET  ANSINTER_  FROM  ACTI  ITEM=INT        VALUE=  0.00000000    

 *IF  ANSINTER_                         ( =   0.00000     )  NE  
      0                                 ( =   0.00000     )  THEN    

 *ENDIF

 *** NOTE ***                            CP =       0.219   TIME= 17:05:36
 The automatic domain decomposition logic has selected the MESH domain   
 decomposition method with 4 processes per solution.                     

 *****  MAPDL SOLVE    COMMAND  *****

 *** WARNING ***                         CP =       0.234   TIME= 17:05:36
 Element shape checking is currently inactive.  Issue SHPP,ON or         
 SHPP,WARN to reactivate, if desired.                                    

 *** NOTE ***                            CP =       0.250   TIME= 17:05:36
 The model data was checked and warning messages were found.             
  Please review output or errors file (                                  
 C:\Users\brend\Desktop\Engine-Development\Ansys                         
 Models\Rotor\_ProjectScratch\Scr3F33\file0.err ) for these warning      
 messages.                                                               

 *** SELECTION OF ELEMENT TECHNOLOGIES FOR APPLICABLE ELEMENTS ***
      --- GIVE SUGGESTIONS AND RESET THE KEY OPTIONS ---

 ELEMENT TYPE         1 IS SOLID186. KEYOPT(2)=0 IS SUGGESTED AND HAS BEEN RESET.
  KEYOPT(1-12)=    0    0    0    0    0    0    0    0    0    0    0    0

 ELEMENT TYPE         2 IS SOLID186. KEYOPT(2)=0 IS SUGGESTED AND HAS BEEN RESET.
  KEYOPT(1-12)=    0    0    0    0    0    0    0    0    0    0    0    0

 ELEMENT TYPE         3 IS SOLID186. KEYOPT(2)=0 IS SUGGESTED AND HAS BEEN RESET.
  KEYOPT(1-12)=    0    0    0    0    0    0    0    0    0    0    0    0

 ELEMENT TYPE         4 IS SOLID186. KEYOPT(2)=0 IS SUGGESTED AND HAS BEEN RESET.
  KEYOPT(1-12)=    0    0    0    0    0    0    0    0    0    0    0    0

 ELEMENT TYPE         5 IS SOLID186. KEYOPT(2)=0 IS SUGGESTED AND HAS BEEN RESET.
  KEYOPT(1-12)=    0    0    0    0    0    0    0    0    0    0    0    0

 ELEMENT TYPE         6 IS SOLID186. KEYOPT(2)=0 IS SUGGESTED AND HAS BEEN RESET.
  KEYOPT(1-12)=    0    0    0    0    0    0    0    0    0    0    0    0

 ELEMENT TYPE         7 IS SOLID186. KEYOPT(2)=0 IS SUGGESTED AND HAS BEEN RESET.
  KEYOPT(1-12)=    0    0    0    0    0    0    0    0    0    0    0    0

 ELEMENT TYPE         8 IS SOLID186. KEYOPT(2)=0 IS SUGGESTED AND HAS BEEN RESET.
  KEYOPT(1-12)=    0    0    0    0    0    0    0    0    0    0    0    0

 ELEMENT TYPE         9 IS SOLID186. KEYOPT(2)=0 IS SUGGESTED AND HAS BEEN RESET.
  KEYOPT(1-12)=    0    0    0    0    0    0    0    0    0    0    0    0

 ELEMENT TYPE        10 IS SOLID186. KEYOPT(2)=0 IS SUGGESTED AND HAS BEEN RESET.
  KEYOPT(1-12)=    0    0    0    0    0    0    0    0    0    0    0    0

 ELEMENT TYPE        11 IS SOLID186. KEYOPT(2)=0 IS SUGGESTED AND HAS BEEN RESET.
  KEYOPT(1-12)=    0    0    0    0    0    0    0    0    0    0    0    0

 ELEMENT TYPE        12 IS SOLID186. KEYOPT(2)=0 IS SUGGESTED AND HAS BEEN RESET.
  KEYOPT(1-12)=    0    0    0    0    0    0    0    0    0    0    0    0

 ELEMENT TYPE        13 IS SOLID186. KEYOPT(2)=0 IS SUGGESTED AND HAS BEEN RESET.
  KEYOPT(1-12)=    0    0    0    0    0    0    0    0    0    0    0    0

 ELEMENT TYPE        14 IS SOLID186. KEYOPT(2)=0 IS SUGGESTED AND HAS BEEN RESET.
  KEYOPT(1-12)=    0    0    0    0    0    0    0    0    0    0    0    0

 ELEMENT TYPE        15 IS SOLID186. KEYOPT(2)=0 IS SUGGESTED AND HAS BEEN RESET.
  KEYOPT(1-12)=    0    0    0    0    0    0    0    0    0    0    0    0

 ELEMENT TYPE        16 IS SOLID186. KEYOPT(2)=0 IS SUGGESTED AND HAS BEEN RESET.
  KEYOPT(1-12)=    0    0    0    0    0    0    0    0    0    0    0    0

 ELEMENT TYPE        17 IS SOLID187. IT IS NOT ASSOCIATED WITH FULLY INCOMPRESSIBLE
 HYPERELASTIC MATERIALS. NO SUGGESTION IS AVAILABLE AND NO RESETTING IS NEEDED.

 ELEMENT TYPE        18 IS SOLID186. KEYOPT(2)=0 IS SUGGESTED AND HAS BEEN RESET.
  KEYOPT(1-12)=    0    0    0    0    0    0    0    0    0    0    0    0

 ELEMENT TYPE        19 IS SOLID186. KEYOPT(2)=0 IS SUGGESTED AND HAS BEEN RESET.
  KEYOPT(1-12)=    0    0    0    0    0    0    0    0    0    0    0    0

 ELEMENT TYPE        20 IS SOLID186. KEYOPT(2)=0 IS SUGGESTED AND HAS BEEN RESET.
  KEYOPT(1-12)=    0    0    0    0    0    0    0    0    0    0    0    0

 ELEMENT TYPE        21 IS SOLID186. KEYOPT(2)=0 IS SUGGESTED AND HAS BEEN RESET.
  KEYOPT(1-12)=    0    0    0    0    0    0    0    0    0    0    0    0

 ELEMENT TYPE        22 IS SOLID186. KEYOPT(2)=0 IS SUGGESTED AND HAS BEEN RESET.
  KEYOPT(1-12)=    0    0    0    0    0    0    0    0    0    0    0    0

 ELEMENT TYPE        23 IS SOLID186. KEYOPT(2)=0 IS SUGGESTED AND HAS BEEN RESET.
  KEYOPT(1-12)=    0    0    0    0    0    0    0    0    0    0    0    0

 ELEMENT TYPE        24 IS SOLID186. KEYOPT(2)=0 IS SUGGESTED AND HAS BEEN RESET.
  KEYOPT(1-12)=    0    0    0    0    0    0    0    0    0    0    0    0

 ELEMENT TYPE        25 IS SOLID186. KEYOPT(2)=0 IS SUGGESTED AND HAS BEEN RESET.
  KEYOPT(1-12)=    0    0    0    0    0    0    0    0    0    0    0    0

 ELEMENT TYPE        26 IS SOLID186. KEYOPT(2)=0 IS SUGGESTED AND HAS BEEN RESET.
  KEYOPT(1-12)=    0    0    0    0    0    0    0    0    0    0    0    0

 ELEMENT TYPE        27 IS SOLID186. KEYOPT(2)=0 IS SUGGESTED AND HAS BEEN RESET.
  KEYOPT(1-12)=    0    0    0    0    0    0    0    0    0    0    0    0

 ELEMENT TYPE        28 IS SOLID186. KEYOPT(2)=0 IS SUGGESTED AND HAS BEEN RESET.
  KEYOPT(1-12)=    0    0    0    0    0    0    0    0    0    0    0    0



 *** MAPDL - ENGINEERING ANALYSIS SYSTEM  RELEASE 2024 R1          24.1     ***
 Ansys Mechanical Enterprise Academic Student      
 01055371  VERSION=WINDOWS x64   17:05:36  APR 30, 2024 CP=      0.250

 Rotor FEA--Static Structural (I5)                                             



                       S O L U T I O N   O P T I O N S

   PROBLEM DIMENSIONALITY. . . . . . . . . . . . .3-D                  
   DEGREES OF FREEDOM. . . . . . UX   UY   UZ  
   ANALYSIS TYPE . . . . . . . . . . . . . . . . .STATIC (STEADY-STATE)
   OFFSET TEMPERATURE FROM ABSOLUTE ZERO . . . . .  459.67    
   EQUATION SOLVER OPTION. . . . . . . . . . . . .PCG                
      TOLERANCE. . . . . . . . . . . . . . . . . . 1.00000E-08
   GLOBALLY ASSEMBLED MATRIX . . . . . . . . . . .SYMMETRIC  

 *** NOTE ***                            CP =       0.281   TIME= 17:05:36
 The conditions for direct assembly have been met.  No .emat or .erot    
 files will be produced.                                                 

 CHECK INITIAL OPEN/CLOSED STATUS OF SELECTED CONTACT ELEMENTS
      AND LIST DETAILED CONTACT PAIR INFORMATION
 *WARNING*: Some MPC/Lagrange based elements (e.g.29469) in real         
 constant set 30 overlap with other MPC/Lagrange based elements          
 (e.g.62523) in real constant set 31 which can cause overconstraint.     
 *WARNING*: Most likely no MPC equations (or Lagrange multiliers) will   
 be built due to overlapping with other pairs (i.e.  Real constant set   
 30).                                                                    

 *** WARNING ***                         CP =       2.000   TIME= 17:05:39
 Overconstraint may occur for Lagrange multiplier or MPC based contact   
 algorithm.                                                              

 *** WARNING ***                         CP =       2.000   TIME= 17:05:39
 Boundary conditions, coupling, and/or constraint equations have been    
 applied on certain contact nodes (for example 19308).                   

 *** WARNING ***                         CP =       2.000   TIME= 17:05:39
 Certain contact pairs (for example 31 & 30) overlap with other.         

   12706 CONTACT ELEMENTS &   10274 TARGET ELEMENTS ARE UNSELECTED FOR PREPARATION OF          SPLITTING.
       2 CONTACT PAIRS ARE UNSELECTED. 
 
 SPLITTING CONTACT SURFACES WITH A CONNECTED REGION
 

 CONTACT PAIR ASSOCIATED WITH REAL CONSTANT 31 SPLIT INTO 2 NEW PAIRS 
 ASSOCIATED WITH REAL CONSTANTS 33 - 33

 NEW CONTACT ELEMENTS FROM 73701 TO 73934 WERE CREATED TO HANDLE OVERLAPPING LAYERS

 NEW TARGET ELEMENTS FROM 73935 TO 74818 WERE CREATED TO HANDLE
 THE SPLIT CONTACT PAIRS

 BECAUSE SPLIT WAS DONE FOR CONNECTED REGION(S), UNSELECTED ELEMENTS ARE DELETED. 

 12686 ELEMENTES IN NEW REAL CONSTANT 30 WERE DELETED. 

 10294 ELEMENTES IN NEW REAL CONSTANT 32 WERE DELETED. 

 TRIM CONTACT/TARGET SURFACE
 *WARNING*: Some target elements on target surface specified by real     
 constant set 29 belong to symmetric contact (e.g.  33), some do not.    

 *** WARNING ***                         CP =       2.766   TIME= 17:05:41
 Overconstraint may occur for Lagrange multiplier or MPC based contact   
 algorithm.                                                              

 *** WARNING ***                         CP =       2.766   TIME= 17:05:41
 Boundary conditions, coupling, and/or constraint equations have been    
 applied on certain contact nodes (for example 19308).                   
 START TRIMMING FAR-FIELD ELEMENTS FOR CONTACT PAIRS WITH DMP RUN.       
 START TRIMMING FAR-FIELD ELEMENTS.                                      

       0 CONTACT ELEMENTS &    1091 TARGET ELEMENTS ARE DELETED DUE TO SPLITTING LOGIC.
 *WARNING*: Some target elements on target surface specified by real     
 constant set 29 belong to symmetric contact (e.g.  33), some do not.    

 *** NOTE ***                            CP =       3.578   TIME= 17:05:43
 Smoothing on certain target nodes (e.g.2675) for pair ID 29 may have    
 accuracy issue.  Please verify element normal of connected target       
 elements (e.g.41291 & 44248).                                           

 *** NOTE ***                            CP =       3.828   TIME= 17:05:43
 Deformable-deformable contact pair identified by real constant set 29   
 and contact element type 29 has been set up.                            
 Auto surface constraint is built
 Contact algorithm: MPC based approach

 *** NOTE ***                            CP =       3.828   TIME= 17:05:43
 Contact related postprocess items (ETABLE, pressure ...) are not        
 available.                                                              
 Contact detection at: nodal point (normal to target surface)
 *WARNING*: Smoothing on certain contact/target nodes (for example 2675) 
 may have an accuracy issue.  You may switch contact and target          
 surfaces, or split the current pair into multiple pairs, or use Gauss   
 detection.                                                              
 MPC will be built internally to handle bonded contact.
 Average contact surface length               0.16508    
 Average contact pair depth                   0.13427    
 Average target surface length                0.16731    
 Default pinball region factor PINB           0.25000    
 *WARNING*: The default pinball radius may be too small to capture       
 contacting zone under small sliding assumption.  Redefine the pinball   
 radius if necessary.                                                    
 The resulting pinball region                 0.33567E-01
 Default target edge extension factor TOLS     2.0000    
 Initial penetration/gap is excluded.
 Bonded contact (always) is defined.

 *** NOTE ***                            CP =       3.828   TIME= 17:05:43
 Max.  Initial penetration 1.200159067E-03 was detected between contact  
 element 29116 and target element 49841.                                 
 You may move entire target surface by : x= 1.083284046E-03, y=          
 -1.18259123E-06, z= 5.166004862E-04,to reduce initial penetration.      
  
 Max.  Geometric gap 1.362995289E-02 has been detected between contact   
 element 29383 and target element 50682.                                 
 ****************************************
  

 *** NOTE ***                            CP =       3.828   TIME= 17:05:43
 Deformable-deformable contact pair identified by real constant set 31   
 and contact element type 31 has been set up.                            
 Auto surface constraint is built
 The current pair was split from a base pair (real ID 31).               
 Contact algorithm: MPC based approach

 *** NOTE ***                            CP =       3.828   TIME= 17:05:43
 Contact related postprocess items (ETABLE, pressure ...) are not        
 available.                                                              
 Contact detection at: nodal point (normal to target surface)
 *WARNING*: Smoothing on certain contact/target nodes (for example       
 37327) may have an accuracy issue.  You may switch contact and target   
 surfaces, or split the current pair into multiple pairs, or use Gauss   
 detection.                                                              
 MPC will be built internally to handle bonded contact.
 *WARNING*: Boundary conditions, coupling, and/or constraint equations   
 has been applied on certain contact nodes (for example 13595).          
 Overconstraint may occur.                                               
 Average contact surface length               0.16711    
 Average contact pair depth                   0.11532    
 Average target surface length                0.17928    
 Default pinball region factor PINB           0.25000    
 *WARNING*: The default pinball radius may be too small to capture       
 contacting zone under small sliding assumption.  Redefine the pinball   
 radius if necessary.                                                    
 The resulting pinball region                 0.28829E-01
 Default target edge extension factor TOLS     2.0000    
 Initial penetration/gap is excluded.
 Bonded contact (always) is defined.

 *** NOTE ***                            CP =       3.828   TIME= 17:05:43
 Max.  Initial penetration 8.601362063E-06 was detected between contact  
 element 63775 and target element 72931.                                 
 You may move entire target surface by : x= -5.20227081E-06, y=          
 7.304578218E-07, z= 6.810744389E-06,to reduce initial penetration.      
 ****************************************
  

 *** NOTE ***                            CP =       3.828   TIME= 17:05:43
 Deformable-deformable contact pair identified by real constant set 33   
 and contact element type 31 has been set up.                            
 Auto surface constraint is built
 The current pair was split from a base pair (real ID 31).               
 Contact algorithm: MPC based approach

 *** NOTE ***                            CP =       3.828   TIME= 17:05:43
 Contact related postprocess items (ETABLE, pressure ...) are not        
 available.                                                              
 Contact detection at: nodal point (normal to target surface)
 *WARNING*: Smoothing on certain contact/target nodes (for example       
 37315) may have an accuracy issue.  You may switch contact and target   
 surfaces, or split the current pair into multiple pairs, or use Gauss   
 detection.                                                              
 MPC will be built internally to handle bonded contact.
 *WARNING*: Boundary conditions, coupling, and/or constraint equations   
 has been applied on certain contact nodes (for example 19308).          
 Overconstraint may occur.                                               
 Average contact surface length               0.16711    
 Average contact pair depth                   0.11532    
 Average target surface length                0.17982    
 Default pinball region factor PINB           0.25000    
 *WARNING*: The default pinball radius may be too small to capture       
 contacting zone under small sliding assumption.  Redefine the pinball   
 radius if necessary.                                                    
 The resulting pinball region                 0.28829E-01
 Default target edge extension factor TOLS     2.0000    
 Initial penetration/gap is excluded.
 Bonded contact (always) is defined.

 *** NOTE ***                            CP =       3.828   TIME= 17:05:43
 Max.  Initial penetration 8.601362063E-06 was detected between contact  
 element 63775 and target element 72931.                                 
 You may move entire target surface by : x= 6.810744375E-06, y=          
 7.304578649E-07, z= 5.202270822E-06,to reduce initial penetration.      
 ****************************************
  

 *** WARNING ***                         CP =       3.828   TIME= 17:05:43
 Overconstraint may occur for Lagrange multiplier or MPC based contact   
 algorithm.                                                              
 The reasons for possible overconstraint are:                            

 *** WARNING ***                         CP =       3.828   TIME= 17:05:43
 Boundary conditions, coupling, and/or constraint equations have been    
 applied on certain contact nodes (for example 19308).                   
 ****************************************
  
  

  
  
     D I S T R I B U T E D   D O M A I N   D E C O M P O S E R
  
  ...Number of elements: 37144
  ...Number of nodes:    40855
  ...Decompose to 4 CPU domains
  ...Element load balance ratio =     1.454


                      L O A D   S T E P   O P T I O N S

   LOAD STEP NUMBER. . . . . . . . . . . . . . . .     1
   TIME AT END OF THE LOAD STEP. . . . . . . . . .  1.0000    
   NUMBER OF SUBSTEPS. . . . . . . . . . . . . . .     1
   STEP CHANGE BOUNDARY CONDITIONS . . . . . . . .    NO
   INERTIA LOADS                        X           Y           Z 
      CGOMGA . . . . . . . . . . .  0.0000     -4451.0      0.0000    
   PRINT OUTPUT CONTROLS . . . . . . . . . . . . .NO PRINTOUT
   DATABASE OUTPUT CONTROLS
      ITEM     FREQUENCY   COMPONENT
       ALL       NONE               
      NSOL        ALL               
      RSOL        ALL               
      EANG        ALL               
      ETMP        ALL               
      VENG        ALL               
      STRS        ALL               
      EPEL        ALL               
      EPPL        ALL               
      CONT        ALL               


 SOLUTION MONITORING INFO IS WRITTEN TO FILE= file.mntr                                                                                                                                                                                                                                                           


 *** NOTE ***                            CP =       5.359   TIME= 17:05:47
 The PCG solver has automatically set the level of difficulty for this   
 model to 2.                                                             


                         ***********  PRECISE MASS SUMMARY  ***********

   TOTAL RIGID BODY MASS MATRIX ABOUT ORIGIN
               Translational mass               |   Coupled translational/rotational mass
        0.11468E-01    0.0000        0.0000     |     0.0000       0.87134E-07  -0.79356E-08
         0.0000       0.11468E-01    0.0000     |   -0.87134E-07    0.0000       0.15172E-06
         0.0000        0.0000       0.11468E-01 |    0.79356E-08  -0.15172E-06    0.0000    
     ------------------------------------------ | ------------------------------------------
                                                |         Rotational mass (inertia)
                                                |    0.32204E-01  -0.33614E-07   0.22478E-06
                                                |   -0.33614E-07   0.63966E-01  -0.20756E-08
                                                |    0.22478E-06  -0.20756E-08   0.32205E-01

   TOTAL MASS = 0.11468E-01
     The mass principal axes coincide with the global Cartesian axes

   CENTER OF MASS (X,Y,Z)=   0.13229E-04   0.69197E-06   0.75979E-05

   TOTAL INERTIA ABOUT CENTER OF MASS
        0.32204E-01  -0.33614E-07   0.22479E-06
       -0.33614E-07   0.63966E-01  -0.20755E-08
        0.22479E-06  -0.20755E-08   0.32205E-01
     The inertia principal axes coincide with the global Cartesian axes


  *** MASS SUMMARY BY ELEMENT TYPE ***

  TYPE      MASS
     1  0.774952E-04
     2  0.774952E-04
     3  0.774952E-04
     4  0.774952E-04
     5  0.774952E-04
     6  0.774952E-04
     7  0.774952E-04
     8  0.774952E-04
     9  0.774952E-04
    10  0.774952E-04
    11  0.774952E-04
    12  0.774952E-04
    13  0.774952E-04
    14  0.774952E-04
    15  0.774952E-04
    16  0.774952E-04
    17  0.617281E-02
    18  0.146909E-02
    19  0.146909E-02
    20  0.962499E-03
    21  0.193419E-04
    22  0.193419E-04
    23  0.193419E-04
    24  0.193419E-04
    25  0.193419E-04
    26  0.193419E-04
    27  0.193419E-04
    28  0.193419E-04

 Range of element maximum matrix coefficients in global coordinates
 Maximum = 43622529.6 at element 12044.                                  
 Minimum = 498538.163 at element 2818.                                   

   *** ELEMENT MATRIX FORMULATION TIMES
     TYPE    NUMBER   ENAME      TOTAL CP  AVE CP

        1        27  SOLID186      0.000   0.000000
        2        27  SOLID186      0.000   0.000000
        3        27  SOLID186      0.000   0.000000
        4        27  SOLID186      0.000   0.000000
        5        27  SOLID186      0.000   0.000000
        6        27  SOLID186      0.000   0.000000
        7        27  SOLID186      0.000   0.000000
        8        27  SOLID186      0.000   0.000000
        9        27  SOLID186      0.000   0.000000
       10        27  SOLID186      0.000   0.000000
       11        27  SOLID186      0.000   0.000000
       12        27  SOLID186      0.000   0.000000
       13        27  SOLID186      0.000   0.000000
       14        27  SOLID186      0.000   0.000000
       15        27  SOLID186      0.000   0.000000
       16        27  SOLID186      0.000   0.000000
       17     12399  SOLID187      0.188   0.000015
       18       449  SOLID186      0.016   0.000035
       19       449  SOLID186      0.000   0.000000
       20       336  SOLID186      0.016   0.000047
       21         9  SOLID186      0.000   0.000000
       22         9  SOLID186      0.000   0.000000
       23         9  SOLID186      0.000   0.000000
       24         9  SOLID186      0.000   0.000000
       25         9  SOLID186      0.000   0.000000
       26         9  SOLID186      0.000   0.000000
       27         9  SOLID186      0.000   0.000000
       28         9  SOLID186      0.000   0.000000
       29       864  CONTA174      0.094   0.000109
       30     11822  TARGE170      0.000   0.000000
       31      9644  CONTA174      0.078   0.000008
       32       677  TARGE170      0.000   0.000000
 Time at end of element matrix formulation CP = 5.765625.                
 Iteration=    10 Ratio=  0.173891     Limit=  1.000000E-08 Wall=     0.1
 Iteration=   145 Ratio=  9.308046E-04 Limit=  1.000000E-08 Wall=     2.1
 Iteration=   530 Ratio=  3.085618E-06 Limit=  1.000000E-08 Wall=     7.4

 DISTRIBUTED PCG SOLVER SOLUTION CONVERGED

 DISTRIBUTED PCG SOLVER SOLUTION STATISTICS

   NUMBER OF ITERATIONS=        1001
   NUMBER OF EQUATIONS =      122466
   LEVEL OF CONVERGENCE=           1
   CALCULATED NORM     = 0.98092E-08
   SPECIFIED TOLERANCE = 0.10000E-07
   TOTAL CPU TIME (sec)=        6.86
   TOTAL WALL TIME(sec)=       14.24
   TOTAL MEMORY (GB)   =        0.07


   *** ELEMENT RESULT CALCULATION TIMES
     TYPE    NUMBER   ENAME      TOTAL CP  AVE CP

        1        27  SOLID186      0.000   0.000000
        2        27  SOLID186      0.000   0.000000
        3        27  SOLID186      0.000   0.000000
        4        27  SOLID186      0.000   0.000000
        5        27  SOLID186      0.000   0.000000
        6        27  SOLID186      0.000   0.000000
        7        27  SOLID186      0.000   0.000000
        8        27  SOLID186      0.000   0.000000
        9        27  SOLID186      0.000   0.000000
       10        27  SOLID186      0.000   0.000000
       11        27  SOLID186      0.000   0.000000
       12        27  SOLID186      0.000   0.000000
       13        27  SOLID186      0.000   0.000000
       14        27  SOLID186      0.000   0.000000
       15        27  SOLID186      0.000   0.000000
       16        27  SOLID186      0.000   0.000000
       17     12399  SOLID187      0.375   0.000030
       18       449  SOLID186      0.047   0.000104
       19       449  SOLID186      0.000   0.000000
       20       336  SOLID186      0.000   0.000000
       21         9  SOLID186      0.000   0.000000
       22         9  SOLID186      0.000   0.000000
       23         9  SOLID186      0.000   0.000000
       24         9  SOLID186      0.000   0.000000
       25         9  SOLID186      0.000   0.000000
       26         9  SOLID186      0.000   0.000000
       27         9  SOLID186      0.000   0.000000
       28         9  SOLID186      0.000   0.000000
       29       864  CONTA174      0.000   0.000000
       31      4779  CONTA174      0.062   0.000013

   *** NODAL LOAD CALCULATION TIMES
     TYPE    NUMBER   ENAME      TOTAL CP  AVE CP

        1        27  SOLID186      0.000   0.000000
        2        27  SOLID186      0.000   0.000000
        3        27  SOLID186      0.000   0.000000
        4        27  SOLID186      0.000   0.000000
        5        27  SOLID186      0.000   0.000000
        6        27  SOLID186      0.000   0.000000
        7        27  SOLID186      0.000   0.000000
        8        27  SOLID186      0.000   0.000000
        9        27  SOLID186      0.000   0.000000
       10        27  SOLID186      0.000   0.000000
       11        27  SOLID186      0.000   0.000000
       12        27  SOLID186      0.000   0.000000
       13        27  SOLID186      0.000   0.000000
       14        27  SOLID186      0.000   0.000000
       15        27  SOLID186      0.000   0.000000
       16        27  SOLID186      0.000   0.000000
       17     12399  SOLID187      0.078   0.000006
       18       449  SOLID186      0.000   0.000000
       19       449  SOLID186      0.000   0.000000
       20       336  SOLID186      0.000   0.000000
       21         9  SOLID186      0.000   0.000000
       22         9  SOLID186      0.000   0.000000
       23         9  SOLID186      0.000   0.000000
       24         9  SOLID186      0.000   0.000000
       25         9  SOLID186      0.000   0.000000
       26         9  SOLID186      0.000   0.000000
       27         9  SOLID186      0.000   0.000000
       28         9  SOLID186      0.000   0.000000
       29       864  CONTA174      0.000   0.000000
       31      4779  CONTA174      0.000   0.000000
 *** LOAD STEP     1   SUBSTEP     1  COMPLETED.    CUM ITER =      1
 *** TIME =   1.00000         TIME INC =   1.00000      NEW TRIANG MATRIX

 *** NOTE ***                            CP =      13.109   TIME= 17:06:03
 During this loadstep the PCG iterative solver took more than 1000       
 iterations to solve the system of equations.  In the future it may be   
 more efficient to choose a direct solver, such as the SPARSE solver,    
 for this analysis.                                                      


 *** MAPDL BINARY FILE STATISTICS
  BUFFER SIZE USED= 16384
        2.188 MB WRITTEN ON ELEMENT SAVED DATA FILE: file0.esav
        3.875 MB WRITTEN ON RESULTS FILE: file0.rst
 *************** Write FE CONNECTORS *********

 WRITE OUT CONSTRAINT EQUATIONS TO FILE= file.ce                                                                                                                                                                                                                                                             
 ****************************************************
 *************** FINISHED SOLVE FOR LS 1 *************

 *GET  _WALLASOL  FROM  ACTI  ITEM=TIME WALL  VALUE=  17.1008333    

 PRINTOUT RESUMED BY /GOP

 *GET  _PCGITER  FROM  ACTI  ITEM=SOLU CGIT  VALUE=  1001.00000    

 FINISH SOLUTION PROCESSING


 ***** ROUTINE COMPLETED *****  CP =        13.344



 *** MAPDL - ENGINEERING ANALYSIS SYSTEM  RELEASE 2024 R1          24.1     ***
 Ansys Mechanical Enterprise Academic Student      
 01055371  VERSION=WINDOWS x64   17:06:03  APR 30, 2024 CP=     13.359

 Rotor FEA--Static Structural (I5)                                             



          ***** MAPDL RESULTS INTERPRETATION (POST1) *****

 *** NOTE ***                            CP =      13.359   TIME= 17:06:03
 Reading results into the database (SET command) will update the current 
 displacement and force boundary conditions in the database with the     
 values from the results file for that load set.  Note that any          
 subsequent solutions will use these values unless action is taken to    
 either SAVE the current values or not overwrite them (/EXIT,NOSAVE).    

 Set Encoding of XML File to:ISO-8859-1

 Set Output of XML File to:
     PARM,     ,     ,     ,     ,     ,     ,     ,     ,     ,     ,     ,
         ,     ,     ,     ,     ,     ,     ,

 DATABASE WRITTEN ON FILE  parm.xml                                                                                                                                                                                                                                                            

 EXIT THE MAPDL POST1 DATABASE PROCESSOR


 ***** ROUTINE COMPLETED *****  CP =        13.359



 PRINTOUT RESUMED BY /GOP

 *GET  _WALLDONE  FROM  ACTI  ITEM=TIME WALL  VALUE=  17.1008333    

 PARAMETER _PREPTIME =     0.000000000    

 PARAMETER _SOLVTIME =     27.00000000    

 PARAMETER _POSTTIME =     0.000000000    

 PARAMETER _TOTALTIM =     27.00000000    

 *GET  _DLBRATIO  FROM  ACTI  ITEM=SOLU DLBR  VALUE=  1.45419435    

 *GET  _COMBTIME  FROM  ACTI  ITEM=SOLU COMB  VALUE= 0.105015100    

 *GET  _SSMODE   FROM  ACTI  ITEM=SOLU SSMM  VALUE=  0.00000000    

 *GET  _NDOFS    FROM  ACTI  ITEM=SOLU NDOF  VALUE=  122058.000    

 *GET  _SOL_END_TIME  FROM  ACTI  ITEM=SET  TIME  VALUE=  1.00000000    

 *IF  _sol_end_time                     ( =   1.00000     )  EQ  
      1.000000                          ( =   1.00000     )  THEN    

 /FCLEAN COMMAND REMOVING ALL LOCAL FILES

 *ENDIF
 --- Total number of nodes = 40855
 --- Total number of elements = 37144
 --- Element load balance ratio = 1.45419435
 --- Time to combine distributed files = 0.1050151
 --- Sparse memory mode = 0
 --- Number of DOF = 122058

 EXIT MAPDL WITHOUT SAVING DATABASE


 NUMBER OF WARNING MESSAGES ENCOUNTERED=          8
 NUMBER OF ERROR   MESSAGES ENCOUNTERED=          0

+--------------------- M A P D L   S T A T I S T I C S ------------------------+

Release: 2024 R1            Build: 24.1       Update: UP20231106   Platform: WINDOWS x64 
Date Run: 04/30/2024   Time: 17:06     Process ID: 14020
Operating System: Windows 11  (Build: 22621)

Processor Model: 13th Gen Intel(R) Core(TM) i7-1355U

Compiler: Intel(R) Fortran Compiler Classic Version 2021.9  (Build: 20230302)
          Intel(R) C/C++ Compiler Classic Version 2021.9  (Build: 20230302)
          Intel(R) Math Kernel Library Version 2020.0.0 Product Build 20191125
          BLAS Library supplied by Intel(R) MKL

Number of machines requested            :    1
Total number of cores available         :   12
Number of physical cores available      :   10
Number of processes requested           :    4
Number of threads per process requested :    1
Total number of cores requested         :    4 (Distributed Memory Parallel)               
MPI Type: INTELMPI
MPI Version: Intel(R) MPI Library 2021.10 for Windows* OS


GPU Acceleration: Not Requested

Job Name: file0
Input File: dummy.dat

  Core                Machine Name   Working Directory
 -----------------------------------------------------
     0             Brendans_Lenovo   C:\Users\brend\Desktop\Engine-Development\Ansys Models\Rotor\_ProjectScratch\Scr3F33
     1             Brendans_Lenovo   C:\Users\brend\Desktop\Engine-Development\Ansys Models\Rotor\_ProjectScratch\Scr3F33
     2             Brendans_Lenovo   C:\Users\brend\Desktop\Engine-Development\Ansys Models\Rotor\_ProjectScratch\Scr3F33
     3             Brendans_Lenovo   C:\Users\brend\Desktop\Engine-Development\Ansys Models\Rotor\_ProjectScratch\Scr3F33
 
Latency time from master to core     1 =    1.913 microseconds
Latency time from master to core     2 =    1.792 microseconds
Latency time from master to core     3 =    1.718 microseconds
 
Communication speed from master to core     1 =  7914.37 MB/sec
Communication speed from master to core     2 =  5205.42 MB/sec
Communication speed from master to core     3 =  4440.60 MB/sec

Total CPU time for main thread                    :       13.4 seconds
Total CPU time summed for all threads             :       13.4 seconds

Elapsed time spent obtaining a license            :        0.4 seconds
Elapsed time spent pre-processing model (/PREP7)  :        0.2 seconds
Elapsed time spent solution - preprocessing       :        8.3 seconds
Elapsed time spent computing solution             :       18.4 seconds
Elapsed time spent solution - postprocessing      :        0.1 seconds
Elapsed time spent post-processing model (/POST1) :        0.0 seconds
 
Equation solver used                              :            PCG (symmetric)
Equation solver computational rate                :        2.9 Gflops

Sum of disk space used on all processes           :      244.8 MB

Sum of memory used on all processes               :      734.0 MB
Sum of memory allocated on all processes          :     3000.0 MB
Physical memory available                         :         16 GB
Total amount of I/O written to disk               :        0.4 GB
Total amount of I/O read from disk                :        0.2 GB

+------------------ E N D   M A P D L   S T A T I S T I C S -------------------+


 *-----------------------------------------------------------------------------*
 |                                                                             |
 |                               RUN COMPLETED                                 |
 |                                                                             |
 |-----------------------------------------------------------------------------|
 |                                                                             |
 |  Ansys MAPDL 2024 R1         Build 24.1         UP20231106    WINDOWS x64   |
 |                                                                             |
 |-----------------------------------------------------------------------------|
 |                                                                             |
 |  Database Requested(-db)     1024 MB     Scratch Memory Requested   1024 MB |
 |  Max Database Used(Master)    109 MB     Max Scratch Used(Master)    178 MB |
 |  Max Database Used(Workers)     1 MB     Max Scratch Used(Workers)   173 MB |
 |  Sum Database Used(All)       112 MB     Sum Scratch Used(All)       622 MB |
 |                                                                             |
 |-----------------------------------------------------------------------------|
 |                                                                             |
 |        CP Time      (sec) =         13.391       Time  =  17:06:04          |
 |        Elapsed Time (sec) =         30.000       Date  =  04/30/2024        |
 |                                                                             |
 *-----------------------------------------------------------------------------*
