
 Ansys Mechanical Enterprise Academic Student      


 *------------------------------------------------------------------*
 |                                                                  |
 |   W E L C O M E   T O   T H E   A N S Y S (R)  P R O G R A M     |
 |                                                                  |
 *------------------------------------------------------------------*




 ***************************************************************
 *         ANSYS MAPDL 2024 R1          LEGAL NOTICES          *
 ***************************************************************
 *                                                             *
 * Copyright 1971-2024 Ansys, Inc.  All rights reserved.       *
 * Unauthorized use, distribution or duplication is            *
 * prohibited.                                                 *
 *                                                             *
 * Ansys is a registered trademark of Ansys, Inc. or its       *
 * subsidiaries in the United States or other countries.       *
 * See the Ansys, Inc. online documentation or the Ansys, Inc. *
 * documentation CD or online help for the complete Legal      *
 * Notice.                                                     *
 *                                                             *
 ***************************************************************
 *                                                             *
 * THIS ANSYS SOFTWARE PRODUCT AND PROGRAM DOCUMENTATION       *
 * INCLUDE TRADE SECRETS AND CONFIDENTIAL AND PROPRIETARY      *
 * PRODUCTS OF ANSYS, INC., ITS SUBSIDIARIES, OR LICENSORS.    *
 * The software products and documentation are furnished by    *
 * Ansys, Inc. or its subsidiaries under a software license    *
 * agreement that contains provisions concerning               *
 * non-disclosure, copying, length and nature of use,          *
 * compliance with exporting laws, warranties, disclaimers,    *
 * limitations of liability, and remedies, and other           *
 * provisions.  The software products and documentation may be *
 * used, disclosed, transferred, or copied only in accordance  *
 * with the terms and conditions of that software license      *
 * agreement.                                                  *
 *                                                             *
 * Ansys, Inc. is a UL registered                              *
 * ISO 9001:2015 company.                                      *
 *                                                             *
 ***************************************************************
 *                                                             *
 * This product is subject to U.S. laws governing export and   *
 * re-export.                                                  *
 *                                                             *
 * For U.S. Government users, except as specifically granted   *
 * by the Ansys, Inc. software license agreement, the use,     *
 * duplication, or disclosure by the United States Government  *
 * is subject to restrictions stated in the Ansys, Inc.        *
 * software license agreement and FAR 12.212 (for non-DOD      *
 * licenses).                                                  *
 *                                                             *
 ***************************************************************

 2024 R1 
     
 Point Releases and Patches installed:   
     
 Discovery 2024 R1   
 Fluids 2024 R1  
 Ansys Dynamic Reporting 2024 R1 
 SpaceClaim 2024 R1  
 CFX (includes CFD-Post) 2024 R1 
 Chemkin 2024 R1 
 EnSight 2024 R1 
 FENSAP-ICE 2024 R1  
 Fluent (includes CFD-Post) 2024 R1  
 Polyflow (includes CFD-Post) 2024 R1
 Forte (includes EnSight) 2024 R1
 TurboGrid 2024 R1   
 ACIS Geometry Interface 2024 R1 
 AutoCAD Geometry Interface 2024 R1  
 Catia, Version 4 Geometry Interface 2024 R1 
 Catia, Version 5 Geometry Interface 2024 R1 
 Catia, Version 6 Geometry Interface 2024 R1 
 Creo Elements/Direct Modeling Geometry Interface 2024 R1
 Creo Parametric Geometry Interface 2024 R1  
 Inventor Geometry Interface 2024 R1 
 JTOpen Geometry Interface 2024 R1   
 NX Geometry Interface 2024 R1   
 Parasolid Geometry Interface  2024 R1   
 Solid Edge Geometry Interface 2024 R1   
 SOLIDWORKS Geometry Interface 2024 R1   
 Speos 2024 R1   
 Aqwa 2024 R1
 Autodyn 2024 R1 
 Material Calibration App 2024 R1
 Customization Files for User Programmable Features 2024 R1  
 Mechanical Products 2024 R1 
 Motion 2024 R1  
 Academic Student 2024 R1


          *****  MAPDL COMMAND LINE ARGUMENTS  *****
  BATCH MODE REQUESTED (-b)    = NOLIST
  INPUT FILE COPY MODE (-c)    = COPY
  DISTRIBUTED MEMORY PARALLEL REQUESTED
       4 PARALLEL PROCESSES REQUESTED WITH SINGLE THREAD PER PROCESS
    TOTAL OF     4 CORES REQUESTED
  INPUT FILE NAME              = C:\Users\brend\Desktop\Engine-Development\Ansys Models\Rotor\_ProjectScratch\ScrB3A2\dummy.dat
  OUTPUT FILE NAME             = C:\Users\brend\Desktop\Engine-Development\Ansys Models\Rotor\_ProjectScratch\ScrB3A2\solve.out
  START-UP FILE MODE           = NOREAD
  STOP FILE MODE               = NOREAD

 RELEASE= 2024 R1              BUILD= 24.1      UP20231106   VERSION=WINDOWS x64 
 CURRENT JOBNAME=file0  23:24:59  MAY 07, 2024 CP=      0.016


 PARAMETER _DS_PROGRESS =     999.0000000    

 /INPUT FILE= ds.dat  LINE=       0



 *** NOTE ***                            CP =       0.062   TIME= 23:24:59
 The /CONFIG,NOELDB command is not valid in a distributed memory         
 parallel solution.  Command is ignored.                                 

 *GET  _WALLSTRT  FROM  ACTI  ITEM=TIME WALL  VALUE=  23.4163889    

 TITLE= 
 Rotor FEA--Static Structural (L5)                                             

  ACT Extensions:
      LSDYNA, 2024.1
      5f463412-bd3e-484b-87e7-cbc0a665e474, wbex
 /COM,     ANSYSMotion, 2024.1
      20180725-3f81-49eb-9f31-41364844c769, wbex
  

 SET PARAMETER DIMENSIONS ON  _WB_PROJECTSCRATCH_DIR
  TYPE=STRI  DIMENSIONS=      248        1        1

 PARAMETER _WB_PROJECTSCRATCH_DIR(1) = C:\Users\brend\Desktop\Engine-Development\Ansys Models\Rotor\_ProjectScratch\ScrB3A2\

 SET PARAMETER DIMENSIONS ON  _WB_SOLVERFILES_DIR
  TYPE=STRI  DIMENSIONS=      248        1        1

 PARAMETER _WB_SOLVERFILES_DIR(1) = C:\Users\brend\Desktop\Engine-Development\Ansys Models\Rotor\Rotor FEA_files\dp0\SYS-11\MECH\

 SET PARAMETER DIMENSIONS ON  _WB_USERFILES_DIR
  TYPE=STRI  DIMENSIONS=      248        1        1

 PARAMETER _WB_USERFILES_DIR(1) = C:\Users\brend\Desktop\Engine-Development\Ansys Models\Rotor\Rotor FEA_files\user_files\
 --- Data in consistent BIN units. See Solving Units in the help system for more

 U.S. CUSTOMARY INCH UNITS SPECIFIED FOR INTERNAL    
  LENGTH      = INCHES (IN)
  MASS        = LBF-S**2/IN 
  TIME        = SECONDS (SEC)  
  TEMPERATURE = FAHRENHEIT
  TOFFSET     = 460.0
  FORCE       = LBF
  HEAT        = IN-LBF
  PRESSURE    = PSI (LBF/IN**2)
  ENERGY      = IN-LBF
  POWER       = IN-LBF/SEC

 INPUT  UNITS ARE ALSO SET TO BIN 

 *** MAPDL - ENGINEERING ANALYSIS SYSTEM  RELEASE 2024 R1          24.1     ***
 Ansys Mechanical Enterprise Academic Student      
 01055371  VERSION=WINDOWS x64   23:24:59  MAY 07, 2024 CP=      0.062

 Rotor FEA--Static Structural (L5)                                             



          ***** MAPDL ANALYSIS DEFINITION (PREP7) *****
 *********** Nodes for the whole assembly ***********
 *********** Nodes for all Remote Points ***********
 *********** Elements for Body 1 "[TP] [Turb] Blisk - Copy|NONE" ***********
 *********** Elements for Body 2 "[TP] [Turb] Keyed Shaft - 7398K211_304_7398K21
 *********** Elements for Body 3 "[TP] [Turb] Key_98870A114|Boss-Extrude1" *****
 *********** Send User Defined Coordinate System(s) ***********
 *********** Set Reference Temperature ***********
 *********** Send Materials ***********
 *********** Create Contact "Bonded - [TP] [Turb] Blisk - Copy|NONE To [TP] [Tur
             Real Constant Set For Above Contact Is 5 & 4
 *********** Create Contact "Bonded - [TP] [Turb] Key_98870A114|Boss-Extrude1 To
             Real Constant Set For Above Contact Is 7 & 6
 *********** Fixed Supports ***********
 *********** Define Rotational Velocity ***********


 ***** ROUTINE COMPLETED *****  CP =         0.078


 --- Number of total nodes = 49190
 --- Number of contact elements = 27702
 --- Number of spring elements = 0
 --- Number of bearing elements = 0
 --- Number of solid elements = 26099
 --- Number of condensed parts = 0
 --- Number of total elements = 53801

 *GET  _WALLBSOL  FROM  ACTI  ITEM=TIME WALL  VALUE=  23.4163889    
 ****************************************************************************
 *************************    SOLUTION       ********************************
 ****************************************************************************

 *****  MAPDL SOLUTION ROUTINE  *****


 PERFORM A STATIC ANALYSIS
  THIS WILL BE A NEW ANALYSIS

 PARAMETER _THICKRATIO =    0.6670000000    

 USE PRECONDITIONED CONJUGATE GRADIENT SOLVER
  CONVERGENCE TOLERANCE = 1.00000E-08
  MAXIMUM ITERATION     = NumNode*DofPerNode*  1.0000    

 CONTACT INFORMATION PRINTOUT LEVEL       1

 CHECK INITIAL OPEN/CLOSED STATUS OF SELECTED CONTACT ELEMENTS
      AND LIST DETAILED CONTACT PAIR INFORMATION

 SPLIT CONTACT SURFACES AT SOLVE PHASE

    NUMBER OF SPLITTING TBD BY PROGRAM

 DO NOT COMBINE ELEMENT MATRIX FILES (.emat) AFTER DISTRIBUTED PARALLEL SOLUTION

 DO NOT COMBINE ELEMENT SAVE DATA FILES (.esav) AFTER DISTRIBUTED PARALLEL SOLUTION

 NLDIAG: Nonlinear diagnostics CONT option is set to ON. 
         Writing frequency : each ITERATION.

 DO NOT SAVE ANY RESTART FILES AT ALL
 ****************************************************
 ******************* SOLVE FOR LS 1 OF 1 ****************

 CGOMGA=  0.0000     -4451.0      0.0000    

 PRINTOUT RESUMED BY /GOP

 USE       1 SUBSTEPS INITIALLY THIS LOAD STEP FOR ALL  DEGREES OF FREEDOM
 FOR AUTOMATIC TIME STEPPING:
   USE      1 SUBSTEPS AS A MAXIMUM
   USE      1 SUBSTEPS AS A MINIMUM

 TIME=  1.0000    

 ERASE THE CURRENT DATABASE OUTPUT CONTROL TABLE.


 WRITE ALL  ITEMS TO THE DATABASE WITH A FREQUENCY OF NONE
   FOR ALL APPLICABLE ENTITIES

 WRITE NSOL ITEMS TO THE DATABASE WITH A FREQUENCY OF ALL 
   FOR ALL APPLICABLE ENTITIES

 WRITE RSOL ITEMS TO THE DATABASE WITH A FREQUENCY OF ALL 
   FOR ALL APPLICABLE ENTITIES

 WRITE EANG ITEMS TO THE DATABASE WITH A FREQUENCY OF ALL 
   FOR ALL APPLICABLE ENTITIES

 WRITE ETMP ITEMS TO THE DATABASE WITH A FREQUENCY OF ALL 
   FOR ALL APPLICABLE ENTITIES

 WRITE VENG ITEMS TO THE DATABASE WITH A FREQUENCY OF ALL 
   FOR ALL APPLICABLE ENTITIES

 WRITE STRS ITEMS TO THE DATABASE WITH A FREQUENCY OF ALL 
   FOR ALL APPLICABLE ENTITIES

 WRITE EPEL ITEMS TO THE DATABASE WITH A FREQUENCY OF ALL 
   FOR ALL APPLICABLE ENTITIES

 WRITE EPPL ITEMS TO THE DATABASE WITH A FREQUENCY OF ALL 
   FOR ALL APPLICABLE ENTITIES

 WRITE CONT ITEMS TO THE DATABASE WITH A FREQUENCY OF ALL 
   FOR ALL APPLICABLE ENTITIES

 *GET  ANSINTER_  FROM  ACTI  ITEM=INT        VALUE=  0.00000000    

 *IF  ANSINTER_                         ( =   0.00000     )  NE  
      0                                 ( =   0.00000     )  THEN    

 *ENDIF

 *** NOTE ***                            CP =       0.109   TIME= 23:24:59
 The automatic domain decomposition logic has selected the MESH domain   
 decomposition method with 4 processes per solution.                     

 *****  MAPDL SOLVE    COMMAND  *****

 *** WARNING ***                         CP =       0.156   TIME= 23:25:00
 Element shape checking is currently inactive.  Issue SHPP,ON or         
 SHPP,WARN to reactivate, if desired.                                    

 *** NOTE ***                            CP =       0.172   TIME= 23:25:00
 The model data was checked and warning messages were found.             
  Please review output or errors file (                                  
 C:\Users\brend\Desktop\Engine-Development\Ansys                         
 Models\Rotor\_ProjectScratch\ScrB3A2\file0.err ) for these warning      
 messages.                                                               

 *** SELECTION OF ELEMENT TECHNOLOGIES FOR APPLICABLE ELEMENTS ***
      --- GIVE SUGGESTIONS AND RESET THE KEY OPTIONS ---

 ELEMENT TYPE         1 IS SOLID187. IT IS NOT ASSOCIATED WITH FULLY INCOMPRESSIBLE
 HYPERELASTIC MATERIALS. NO SUGGESTION IS AVAILABLE AND NO RESETTING IS NEEDED.

 ELEMENT TYPE         2 IS SOLID186. KEYOPT(2)=0 IS SUGGESTED AND HAS BEEN RESET.
  KEYOPT(1-12)=    0    0    0    0    0    0    0    0    0    0    0    0

 ELEMENT TYPE         3 IS SOLID186. KEYOPT(2)=0 IS SUGGESTED AND HAS BEEN RESET.
  KEYOPT(1-12)=    0    0    0    0    0    0    0    0    0    0    0    0



 *** MAPDL - ENGINEERING ANALYSIS SYSTEM  RELEASE 2024 R1          24.1     ***
 Ansys Mechanical Enterprise Academic Student      
 01055371  VERSION=WINDOWS x64   23:25:00  MAY 07, 2024 CP=      0.172

 Rotor FEA--Static Structural (L5)                                             



                       S O L U T I O N   O P T I O N S

   PROBLEM DIMENSIONALITY. . . . . . . . . . . . .3-D                  
   DEGREES OF FREEDOM. . . . . . UX   UY   UZ  
   ANALYSIS TYPE . . . . . . . . . . . . . . . . .STATIC (STEADY-STATE)
   OFFSET TEMPERATURE FROM ABSOLUTE ZERO . . . . .  459.67    
   EQUATION SOLVER OPTION. . . . . . . . . . . . .PCG                
      TOLERANCE. . . . . . . . . . . . . . . . . . 1.00000E-08
   GLOBALLY ASSEMBLED MATRIX . . . . . . . . . . .SYMMETRIC  

 *** NOTE ***                            CP =       0.203   TIME= 23:25:00
 The conditions for direct assembly have been met.  No .emat or .erot    
 files will be produced.                                                 

 CHECK INITIAL OPEN/CLOSED STATUS OF SELECTED CONTACT ELEMENTS
      AND LIST DETAILED CONTACT PAIR INFORMATION

   13831 CONTACT ELEMENTS &      20 TARGET ELEMENTS ARE UNSELECTED FOR PREPARATION OF          SPLITTING.
       2 CONTACT PAIRS ARE UNSELECTED. 

 *** NOTE ***                            CP =       0.656   TIME= 23:25:01
 The maximum number of contact elements in any single contact pair is    
 18, which is smaller than the optimal domain size of 2498 elements for  
 the given number of CPU domains (4).  Therefore, no contact pairs are   
 being split by the CNCH,DMP logic.                                      

 BECAUSE SPLIT WAS NOT DONE FOR CONNECT REGION(S), UNSELECTED ELEMENTS ARE REVERTED (SELECTED). 

 *** NOTE ***                            CP =       1.141   TIME= 23:25:01
 Smoothing on certain target nodes (e.g.355) for pair ID 6 may have      
 accuracy issue.  Please verify element normal of connected target       
 elements (e.g.53822 & 60295).                                           

 *** NOTE ***                            CP =       1.203   TIME= 23:25:02
 Symmetric Deformable- deformable contact pair identified by real        
 constant set 4 and contact element type 4 has been set up.  The         
 companion pair has real constant set ID 5.  Both pairs should have the  
 same behavior.                                                          
 MAPDL will keep the current pair and deactivate its companion pair,     
 resulting in asymmetric contact.                                        
 Linear contact is defined
 Contact algorithm: Augmented Lagrange method
 Contact detection at: Gauss integration point
 Contact stiffness factor FKN                  10.000    
 The resulting initial contact stiffness      0.27845E+11
 Default penetration tolerance factor FTOLN   0.10000    
 The resulting penetration tolerance          0.65169E-02
 Default opening contact stiffness OPSF will be used.
 Default tangent stiffness factor FKT          1.0000    
 Use constant contact stiffness
 Default Max. friction stress TAUMAX          0.10000E+21
 Average contact surface length               0.11355    
 Average contact pair depth                   0.65169E-01
 Average target surface length                0.17266    
 Default pinball region factor PINB           0.25000    
 The resulting pinball region                 0.16292E-01
 Initial penetration/gap is excluded.
 Bonded contact (always) is defined.

 *** NOTE ***                            CP =       1.203   TIME= 23:25:02
 No contact was detected for this contact pair.                          
 ****************************************
  

 *** NOTE ***                            CP =       1.203   TIME= 23:25:02
 Symmetric Deformable- deformable contact pair identified by real        
 constant set 5 and contact element type 4 has been set up.  The         
 companion pair has real constant set ID 4.  Both pairs should have the  
 same behavior.                                                          
 MAPDL will deactivate the current pair and keep its companion pair,     
 resulting in asymmetric contact.                                        
 Linear contact is defined
 Contact algorithm: Augmented Lagrange method
 Contact detection at: Gauss integration point
 Contact stiffness factor FKN                  10.000    
 The resulting initial contact stiffness      0.27845E+11
 Default penetration tolerance factor FTOLN   0.10000    
 The resulting penetration tolerance          0.13897E-01
 Default opening contact stiffness OPSF will be used.
 Default tangent stiffness factor FKT          1.0000    
 Use constant contact stiffness
 Default Max. friction stress TAUMAX          0.10000E+21
 Average contact surface length               0.19349    
 Average contact pair depth                   0.13897    
 Average target surface length                0.11054    
 Default pinball region factor PINB           0.25000    
 The resulting pinball region                 0.34742E-01
 Initial penetration/gap is excluded.
 Bonded contact (always) is defined.

 *** NOTE ***                            CP =       1.203   TIME= 23:25:02
 No contact was detected for this contact pair.                          
 ****************************************
  

 *** NOTE ***                            CP =       1.203   TIME= 23:25:02
 Symmetric Deformable- deformable contact pair identified by real        
 constant set 6 and contact element type 6 has been set up.  The         
 companion pair has real constant set ID 7.  Both pairs should have the  
 same behavior.                                                          
 MAPDL will keep the current pair and deactivate its companion pair,     
 resulting in asymmetric contact.                                        
 Auto surface constraint is built
 Contact algorithm: MPC based approach

 *** NOTE ***                            CP =       1.203   TIME= 23:25:02
 Contact related postprocess items (ETABLE, pressure ...) are not        
 available.                                                              
 Contact detection at: nodal point (normal to target surface)
 *WARNING*: Smoothing on certain contact/target nodes (for example 355)  
 may have an accuracy issue.  You may switch contact and target          
 surfaces, or split the current pair into multiple pairs, or use Gauss   
 detection.                                                              
 MPC will be built internally to handle bonded contact.
 Average contact surface length               0.15279    
 Average contact pair depth                   0.12467    
 Average target surface length                0.16055    
 Default pinball region factor PINB           0.25000    
 The resulting pinball region                 0.31168E-01
 Default target edge extension factor TOLS     2.0000    
 Initial penetration/gap is excluded.
 Bonded contact (always) is defined.

 *** NOTE ***                            CP =       1.203   TIME= 23:25:02
 Max.  Initial penetration 1.099834488E-11 was detected between contact  
 element 40099 and target element 67502.                                 
  
 Max.  Geometric gap 1.341696425E-03 has been detected between contact   
 element 40093 and target element 63739.                                 
 ****************************************
  

 *** NOTE ***                            CP =       1.203   TIME= 23:25:02
 Symmetric Deformable- deformable contact pair identified by real        
 constant set 7 and contact element type 6 has been set up.  The         
 companion pair has real constant set ID 6.  Both pairs should have the  
 same behavior.                                                          
 MAPDL will deactivate the current pair and keep its companion pair,     
 resulting in asymmetric contact.                                        
 Auto surface constraint is built
 Contact algorithm: MPC based approach

 *** NOTE ***                            CP =       1.203   TIME= 23:25:02
 Contact related postprocess items (ETABLE, pressure ...) are not        
 available.                                                              
 Contact detection at: nodal point (normal to target surface)
 *WARNING*: Smoothing on certain contact/target nodes (for example       
 49140) may have an accuracy issue.  You may switch contact and target   
 surfaces, or split the current pair into multiple pairs, or use Gauss   
 detection.                                                              
 MPC will be built internally to handle bonded contact.
 Average contact surface length               0.16548    
 Average contact pair depth                   0.95880E-01
 Average target surface length                0.14436    
 Default pinball region factor PINB           0.25000    
 The resulting pinball region                 0.23970E-01
 Default target edge extension factor TOLS     2.0000    
 Initial penetration/gap is excluded.
 Bonded contact (always) is defined.

 *** NOTE ***                            CP =       1.203   TIME= 23:25:02
 Max.  Initial penetration 1.24602378E-11 was detected between contact   
 element 53696 and target element 40078.                                 
  
 Max.  Geometric gap 1.691092458E-03 has been detected between contact   
 element 49987 and target element 40074.                                 
 ****************************************
  
  
  

  
  
     D I S T R I B U T E D   D O M A I N   D E C O M P O S E R
  
  ...Number of elements: 53801
  ...Number of nodes:    49190
  ...Decompose to 4 CPU domains
  ...Element load balance ratio =     2.655


                      L O A D   S T E P   O P T I O N S

   LOAD STEP NUMBER. . . . . . . . . . . . . . . .     1
   TIME AT END OF THE LOAD STEP. . . . . . . . . .  1.0000    
   NUMBER OF SUBSTEPS. . . . . . . . . . . . . . .     1
   STEP CHANGE BOUNDARY CONDITIONS . . . . . . . .    NO
   INERTIA LOADS                        X           Y           Z 
      CGOMGA . . . . . . . . . . .  0.0000     -4451.0      0.0000    
   PRINT OUTPUT CONTROLS . . . . . . . . . . . . .NO PRINTOUT
   DATABASE OUTPUT CONTROLS
      ITEM     FREQUENCY   COMPONENT
       ALL       NONE               
      NSOL        ALL               
      RSOL        ALL               
      EANG        ALL               
      ETMP        ALL               
      VENG        ALL               
      STRS        ALL               
      EPEL        ALL               
      EPPL        ALL               
      CONT        ALL               


 SOLUTION MONITORING INFO IS WRITTEN TO FILE= file.mntr                                                                                                                                                                                                                                                           


 *** NOTE ***                            CP =       1.750   TIME= 23:25:04
 The PCG solver has automatically set the level of difficulty for this   
 model to 2.                                                             


                         ***********  PRECISE MASS SUMMARY  ***********

   TOTAL RIGID BODY MASS MATRIX ABOUT ORIGIN
               Translational mass               |   Coupled translational/rotational mass
        0.10533E-01    0.0000        0.0000     |     0.0000      -0.56988E-05   0.22267E-01
         0.0000       0.10533E-01    0.0000     |    0.56988E-05    0.0000       0.33850E-05
         0.0000        0.0000       0.10533E-01 |   -0.22267E-01  -0.33850E-05    0.0000    
     ------------------------------------------ | ------------------------------------------
                                                |         Rotational mass (inertia)
                                                |    0.70291E-01   0.91318E-05   0.10956E-04
                                                |    0.91318E-05   0.44963E-01  -0.13500E-04
                                                |    0.10956E-04  -0.13500E-04   0.70281E-01

   TOTAL MASS = 0.10533E-01
     The mass principal axes coincide with the global Cartesian axes

   CENTER OF MASS (X,Y,Z)=   0.32136E-03   -2.1140      -0.54103E-03

   TOTAL INERTIA ABOUT CENTER OF MASS
        0.23220E-01   0.19761E-05   0.10954E-04
        0.19761E-05   0.44963E-01  -0.14529E-05
        0.10954E-04  -0.14529E-05   0.23210E-01
     The inertia principal axes coincide with the global Cartesian axes


  *** MASS SUMMARY BY ELEMENT TYPE ***

  TYPE      MASS
     1  0.102888E-01
     2  0.237466E-03
     3  0.703033E-05

 Range of element maximum matrix coefficients in global coordinates
 Maximum = 60309108 at element 23202.                                    
 Minimum = 661359.347 at element 11433.                                  

   *** ELEMENT MATRIX FORMULATION TIMES
     TYPE    NUMBER   ENAME      TOTAL CP  AVE CP

        1     25975  SOLID187      0.391   0.000015
        2       120  SOLID186      0.000   0.000000
        3         4  SOLID186      0.000   0.000000
        4       122  CONTA174      0.000   0.000000
        5       122  TARGE170      0.000   0.000000
        6     13729  CONTA174      0.125   0.000009
        7     13729  TARGE170      0.000   0.000000
 Time at end of element matrix formulation CP = 2.1875.                  
 Iteration=    10 Ratio=  8.600980E-02 Limit=  1.000000E-08 Wall=     0.1
 Iteration=    65 Ratio=  8.241642E-04 Limit=  1.000000E-08 Wall=     1.0
 Iteration=   145 Ratio=  2.831825E-06 Limit=  1.000000E-08 Wall=     2.4

 DISTRIBUTED PCG SOLVER SOLUTION CONVERGED

 DISTRIBUTED PCG SOLVER SOLUTION STATISTICS

   NUMBER OF ITERATIONS=         211
   NUMBER OF EQUATIONS =      147567
   LEVEL OF CONVERGENCE=           1
   CALCULATED NORM     = 0.97125E-08
   SPECIFIED TOLERANCE = 0.10000E-07
   TOTAL CPU TIME (sec)=        1.52
   TOTAL WALL TIME(sec)=        3.79
   TOTAL MEMORY (GB)   =        0.08


   *** ELEMENT RESULT CALCULATION TIMES
     TYPE    NUMBER   ENAME      TOTAL CP  AVE CP

        1     25975  SOLID187      0.562   0.000022
        2       120  SOLID186      0.000   0.000000
        3         4  SOLID186      0.000   0.000000
        4       120  CONTA174      0.000   0.000000
        6     13729  CONTA174      0.062   0.000005

   *** NODAL LOAD CALCULATION TIMES
     TYPE    NUMBER   ENAME      TOTAL CP  AVE CP

        1     25975  SOLID187      0.078   0.000003
        2       120  SOLID186      0.000   0.000000
        3         4  SOLID186      0.000   0.000000
        4       120  CONTA174      0.000   0.000000
        6     13729  CONTA174      0.000   0.000000
 *** LOAD STEP     1   SUBSTEP     1  COMPLETED.    CUM ITER =      1
 *** TIME =   1.00000         TIME INC =   1.00000      NEW TRIANG MATRIX


 *** MAPDL BINARY FILE STATISTICS
  BUFFER SIZE USED= 16384
        2.188 MB WRITTEN ON ELEMENT SAVED DATA FILE: file0.esav
        3.875 MB WRITTEN ON RESULTS FILE: file0.rst
 *************** Write FE CONNECTORS *********

 WRITE OUT CONSTRAINT EQUATIONS TO FILE= file.ce                                                                                                                                                                                                                                                             
 ****************************************************
 *************** FINISHED SOLVE FOR LS 1 *************

 *GET  _WALLASOL  FROM  ACTI  ITEM=TIME WALL  VALUE=  23.4197222    

 PRINTOUT RESUMED BY /GOP

 *GET  _PCGITER  FROM  ACTI  ITEM=SOLU CGIT  VALUE=  211.000000    

 FINISH SOLUTION PROCESSING


 ***** ROUTINE COMPLETED *****  CP =         4.312



 *** MAPDL - ENGINEERING ANALYSIS SYSTEM  RELEASE 2024 R1          24.1     ***
 Ansys Mechanical Enterprise Academic Student      
 01055371  VERSION=WINDOWS x64   23:25:11  MAY 07, 2024 CP=      4.312

 Rotor FEA--Static Structural (L5)                                             



          ***** MAPDL RESULTS INTERPRETATION (POST1) *****

 *** NOTE ***                            CP =       4.312   TIME= 23:25:11
 Reading results into the database (SET command) will update the current 
 displacement and force boundary conditions in the database with the     
 values from the results file for that load set.  Note that any          
 subsequent solutions will use these values unless action is taken to    
 either SAVE the current values or not overwrite them (/EXIT,NOSAVE).    

 Set Encoding of XML File to:ISO-8859-1

 Set Output of XML File to:
     PARM,     ,     ,     ,     ,     ,     ,     ,     ,     ,     ,     ,
         ,     ,     ,     ,     ,     ,     ,

 DATABASE WRITTEN ON FILE  parm.xml                                                                                                                                                                                                                                                            

 EXIT THE MAPDL POST1 DATABASE PROCESSOR


 ***** ROUTINE COMPLETED *****  CP =         4.312



 PRINTOUT RESUMED BY /GOP

 *GET  _WALLDONE  FROM  ACTI  ITEM=TIME WALL  VALUE=  23.4197222    

 PARAMETER _PREPTIME =     0.000000000    

 PARAMETER _SOLVTIME =     12.00000000    

 PARAMETER _POSTTIME =     0.000000000    

 PARAMETER _TOTALTIM =     12.00000000    

 *GET  _DLBRATIO  FROM  ACTI  ITEM=SOLU DLBR  VALUE=  2.65469854    

 *GET  _COMBTIME  FROM  ACTI  ITEM=SOLU COMB  VALUE= 0.242083800    

 *GET  _SSMODE   FROM  ACTI  ITEM=SOLU SSMM  VALUE=  0.00000000    

 *GET  _NDOFS    FROM  ACTI  ITEM=SOLU NDOF  VALUE=  145929.000    

 *GET  _SOL_END_TIME  FROM  ACTI  ITEM=SET  TIME  VALUE=  1.00000000    

 *IF  _sol_end_time                     ( =   1.00000     )  EQ  
      1.000000                          ( =   1.00000     )  THEN    

 /FCLEAN COMMAND REMOVING ALL LOCAL FILES

 *ENDIF
 --- Total number of nodes = 49190
 --- Total number of elements = 53801
 --- Element load balance ratio = 2.65469854
 --- Time to combine distributed files = 0.2420838
 --- Sparse memory mode = 0
 --- Number of DOF = 145929

 EXIT MAPDL WITHOUT SAVING DATABASE


 NUMBER OF WARNING MESSAGES ENCOUNTERED=          1
 NUMBER OF ERROR   MESSAGES ENCOUNTERED=          0

+--------------------- M A P D L   S T A T I S T I C S ------------------------+

Release: 2024 R1            Build: 24.1       Update: UP20231106   Platform: WINDOWS x64 
Date Run: 05/07/2024   Time: 23:25     Process ID: 4268
Operating System: Windows 11  (Build: 22621)

Processor Model: 13th Gen Intel(R) Core(TM) i7-1355U

Compiler: Intel(R) Fortran Compiler Classic Version 2021.9  (Build: 20230302)
          Intel(R) C/C++ Compiler Classic Version 2021.9  (Build: 20230302)
          Intel(R) Math Kernel Library Version 2020.0.0 Product Build 20191125
          BLAS Library supplied by Intel(R) MKL

Number of machines requested            :    1
Total number of cores available         :   12
Number of physical cores available      :   10
Number of processes requested           :    4
Number of threads per process requested :    1
Total number of cores requested         :    4 (Distributed Memory Parallel)               
MPI Type: INTELMPI
MPI Version: Intel(R) MPI Library 2021.10 for Windows* OS


GPU Acceleration: Not Requested

Job Name: file0
Input File: dummy.dat

  Core                Machine Name   Working Directory
 -----------------------------------------------------
     0             Brendans_Lenovo   C:\Users\brend\Desktop\Engine-Development\Ansys Models\Rotor\_ProjectScratch\ScrB3A2
     1             Brendans_Lenovo   C:\Users\brend\Desktop\Engine-Development\Ansys Models\Rotor\_ProjectScratch\ScrB3A2
     2             Brendans_Lenovo   C:\Users\brend\Desktop\Engine-Development\Ansys Models\Rotor\_ProjectScratch\ScrB3A2
     3             Brendans_Lenovo   C:\Users\brend\Desktop\Engine-Development\Ansys Models\Rotor\_ProjectScratch\ScrB3A2
 
Latency time from master to core     1 =    1.918 microseconds
Latency time from master to core     2 =    1.516 microseconds
Latency time from master to core     3 =    1.469 microseconds
 
Communication speed from master to core     1 =  5942.30 MB/sec
Communication speed from master to core     2 =  9830.06 MB/sec
Communication speed from master to core     3 = 10269.97 MB/sec

Total CPU time for main thread                    :        4.3 seconds
Total CPU time summed for all threads             :        4.4 seconds

Elapsed time spent obtaining a license            :        0.3 seconds
Elapsed time spent pre-processing model (/PREP7)  :        0.2 seconds
Elapsed time spent solution - preprocessing       :        2.9 seconds
Elapsed time spent computing solution             :        7.9 seconds
Elapsed time spent solution - postprocessing      :        0.2 seconds
Elapsed time spent post-processing model (/POST1) :        0.0 seconds
 
Equation solver used                              :            PCG (symmetric)
Equation solver computational rate                :        3.7 Gflops

Sum of disk space used on all processes           :      312.5 MB

Sum of memory used on all processes               :      715.0 MB
Sum of memory allocated on all processes          :     3000.0 MB
Physical memory available                         :         16 GB
Total amount of I/O written to disk               :        0.5 GB
Total amount of I/O read from disk                :        0.3 GB

+------------------ E N D   M A P D L   S T A T I S T I C S -------------------+


 *-----------------------------------------------------------------------------*
 |                                                                             |
 |                               RUN COMPLETED                                 |
 |                                                                             |
 |-----------------------------------------------------------------------------|
 |                                                                             |
 |  Ansys MAPDL 2024 R1         Build 24.1         UP20231106    WINDOWS x64   |
 |                                                                             |
 |-----------------------------------------------------------------------------|
 |                                                                             |
 |  Database Requested(-db)     1024 MB     Scratch Memory Requested   1024 MB |
 |  Max Database Used(Master)     84 MB     Max Scratch Used(Master)    169 MB |
 |  Max Database Used(Workers)     1 MB     Max Scratch Used(Workers)   246 MB |
 |  Sum Database Used(All)        87 MB     Sum Scratch Used(All)       628 MB |
 |                                                                             |
 |-----------------------------------------------------------------------------|
 |                                                                             |
 |        CP Time      (sec) =          4.359       Time  =  23:25:11          |
 |        Elapsed Time (sec) =         13.000       Date  =  05/07/2024        |
 |                                                                             |
 *-----------------------------------------------------------------------------*
