
 Ansys Mechanical Enterprise Academic Student      


 *------------------------------------------------------------------*
 |                                                                  |
 |   W E L C O M E   T O   T H E   A N S Y S (R)  P R O G R A M     |
 |                                                                  |
 *------------------------------------------------------------------*




 ***************************************************************
 *         ANSYS MAPDL 2024 R1          LEGAL NOTICES          *
 ***************************************************************
 *                                                             *
 * Copyright 1971-2024 Ansys, Inc.  All rights reserved.       *
 * Unauthorized use, distribution or duplication is            *
 * prohibited.                                                 *
 *                                                             *
 * Ansys is a registered trademark of Ansys, Inc. or its       *
 * subsidiaries in the United States or other countries.       *
 * See the Ansys, Inc. online documentation or the Ansys, Inc. *
 * documentation CD or online help for the complete Legal      *
 * Notice.                                                     *
 *                                                             *
 ***************************************************************
 *                                                             *
 * THIS ANSYS SOFTWARE PRODUCT AND PROGRAM DOCUMENTATION       *
 * INCLUDE TRADE SECRETS AND CONFIDENTIAL AND PROPRIETARY      *
 * PRODUCTS OF ANSYS, INC., ITS SUBSIDIARIES, OR LICENSORS.    *
 * The software products and documentation are furnished by    *
 * Ansys, Inc. or its subsidiaries under a software license    *
 * agreement that contains provisions concerning               *
 * non-disclosure, copying, length and nature of use,          *
 * compliance with exporting laws, warranties, disclaimers,    *
 * limitations of liability, and remedies, and other           *
 * provisions.  The software products and documentation may be *
 * used, disclosed, transferred, or copied only in accordance  *
 * with the terms and conditions of that software license      *
 * agreement.                                                  *
 *                                                             *
 * Ansys, Inc. is a UL registered                              *
 * ISO 9001:2015 company.                                      *
 *                                                             *
 ***************************************************************
 *                                                             *
 * This product is subject to U.S. laws governing export and   *
 * re-export.                                                  *
 *                                                             *
 * For U.S. Government users, except as specifically granted   *
 * by the Ansys, Inc. software license agreement, the use,     *
 * duplication, or disclosure by the United States Government  *
 * is subject to restrictions stated in the Ansys, Inc.        *
 * software license agreement and FAR 12.212 (for non-DOD      *
 * licenses).                                                  *
 *                                                             *
 ***************************************************************

 2024 R1 
     
 Point Releases and Patches installed:   
     
 Discovery 2024 R1   
 Fluids 2024 R1  
 Ansys Dynamic Reporting 2024 R1 
 SpaceClaim 2024 R1  
 CFX (includes CFD-Post) 2024 R1 
 Chemkin 2024 R1 
 EnSight 2024 R1 
 FENSAP-ICE 2024 R1  
 Fluent (includes CFD-Post) 2024 R1  
 Polyflow (includes CFD-Post) 2024 R1
 Forte (includes EnSight) 2024 R1
 TurboGrid 2024 R1   
 ACIS Geometry Interface 2024 R1 
 AutoCAD Geometry Interface 2024 R1  
 Catia, Version 4 Geometry Interface 2024 R1 
 Catia, Version 5 Geometry Interface 2024 R1 
 Catia, Version 6 Geometry Interface 2024 R1 
 Creo Elements/Direct Modeling Geometry Interface 2024 R1
 Creo Parametric Geometry Interface 2024 R1  
 Inventor Geometry Interface 2024 R1 
 JTOpen Geometry Interface 2024 R1   
 NX Geometry Interface 2024 R1   
 Parasolid Geometry Interface  2024 R1   
 Solid Edge Geometry Interface 2024 R1   
 SOLIDWORKS Geometry Interface 2024 R1   
 Speos 2024 R1   
 Aqwa 2024 R1
 Autodyn 2024 R1 
 Material Calibration App 2024 R1
 Customization Files for User Programmable Features 2024 R1  
 Mechanical Products 2024 R1 
 Motion 2024 R1  
 Academic Student 2024 R1


          *****  MAPDL COMMAND LINE ARGUMENTS  *****
  BATCH MODE REQUESTED (-b)    = NOLIST
  INPUT FILE COPY MODE (-c)    = COPY
  DISTRIBUTED MEMORY PARALLEL REQUESTED
       4 PARALLEL PROCESSES REQUESTED WITH SINGLE THREAD PER PROCESS
    TOTAL OF     4 CORES REQUESTED
  INPUT FILE NAME              = C:\Users\brend\Desktop\Engine-Development\Ansys Models\Rotor\_ProjectScratch\ScrFDC2\dummy.dat
  OUTPUT FILE NAME             = C:\Users\brend\Desktop\Engine-Development\Ansys Models\Rotor\_ProjectScratch\ScrFDC2\solve.out
  START-UP FILE MODE           = NOREAD
  STOP FILE MODE               = NOREAD

 RELEASE= 2024 R1              BUILD= 24.1      UP20231106   VERSION=WINDOWS x64 
 CURRENT JOBNAME=file0  01:57:47  APR 29, 2024 CP=      0.000


 PARAMETER _DS_PROGRESS =     999.0000000    

 /INPUT FILE= ds.dat  LINE=       0



 *** NOTE ***                            CP =       0.062   TIME= 01:57:47
 The /CONFIG,NOELDB command is not valid in a distributed memory         
 parallel solution.  Command is ignored.                                 

 *GET  _WALLSTRT  FROM  ACTI  ITEM=TIME WALL  VALUE=  1.96305556    

 TITLE= 
 Rotor FEA--Static Structural (H5)                                             

  ACT Extensions:
      LSDYNA, 2024.1
      5f463412-bd3e-484b-87e7-cbc0a665e474, wbex
 /COM,     ANSYSMotion, 2024.1
      20180725-3f81-49eb-9f31-41364844c769, wbex
  

 SET PARAMETER DIMENSIONS ON  _WB_PROJECTSCRATCH_DIR
  TYPE=STRI  DIMENSIONS=      248        1        1

 PARAMETER _WB_PROJECTSCRATCH_DIR(1) = C:\Users\brend\Desktop\Engine-Development\Ansys Models\Rotor\_ProjectScratch\ScrFDC2\

 SET PARAMETER DIMENSIONS ON  _WB_SOLVERFILES_DIR
  TYPE=STRI  DIMENSIONS=      248        1        1

 PARAMETER _WB_SOLVERFILES_DIR(1) = C:\Users\brend\Desktop\Engine-Development\Ansys Models\Rotor\Rotor FEA_files\dp0\SYS-7\MECH\

 SET PARAMETER DIMENSIONS ON  _WB_USERFILES_DIR
  TYPE=STRI  DIMENSIONS=      248        1        1

 PARAMETER _WB_USERFILES_DIR(1) = C:\Users\brend\Desktop\Engine-Development\Ansys Models\Rotor\Rotor FEA_files\user_files\
 --- Data in consistent BIN units. See Solving Units in the help system for more

 U.S. CUSTOMARY INCH UNITS SPECIFIED FOR INTERNAL    
  LENGTH      = INCHES (IN)
  MASS        = LBF-S**2/IN 
  TIME        = SECONDS (SEC)  
  TEMPERATURE = FAHRENHEIT
  TOFFSET     = 460.0
  FORCE       = LBF
  HEAT        = IN-LBF
  PRESSURE    = PSI (LBF/IN**2)
  ENERGY      = IN-LBF
  POWER       = IN-LBF/SEC

 INPUT  UNITS ARE ALSO SET TO BIN 

 *** MAPDL - ENGINEERING ANALYSIS SYSTEM  RELEASE 2024 R1          24.1     ***
 Ansys Mechanical Enterprise Academic Student      
 01055371  VERSION=WINDOWS x64   01:57:47  APR 29, 2024 CP=      0.062

 Rotor FEA--Static Structural (H5)                                             



          ***** MAPDL ANALYSIS DEFINITION (PREP7) *****
 *********** Nodes for the whole assembly ***********
 *********** Nodes for all Remote Points ***********
 *********** Elements for Body 1 "[TP] [Turb] Rotor Outer Plate|CirPattern3" ***
 *********** Elements for Body 2 "[TP] [Turb] Rotor Outer Plate|CirPattern3[2]" 
 *********** Elements for Body 3 "[TP] [Turb] Blisk Column Pins|Boss-Extrude1" *
 *********** Elements for Body 4 "[TP] [Turb] Blisk Column Pins|Boss-Extrude1[2]
 *********** Elements for Body 5 "[TP] [Turb] Blisk Column Pins|Boss-Extrude1[3]
 *********** Elements for Body 6 "[TP] [Turb] Blisk Column Pins|Boss-Extrude1[4]
 *********** Elements for Body 7 "[TP] [Turb] Blisk Column Pins|Boss-Extrude1[5]
 *********** Elements for Body 8 "[TP] [Turb] Blisk Column Pins|Boss-Extrude1[6]
 *********** Elements for Body 9 "[TP] [Turb] Blisk Column Pins|Boss-Extrude1[7]
 *********** Elements for Body 10 "[TP] [Turb] Blisk Column Pins|Boss-Extrude1[8
 *********** Elements for Body 11 "[TP] [Turb] Blisk Column Pins|Boss-Extrude1[9
 *********** Elements for Body 12 "[TP] [Turb] Blisk Column Pins|Boss-Extrude1[1
 *********** Elements for Body 13 "[TP] [Turb] Blisk Column Pins|Boss-Extrude1[1
 *********** Elements for Body 14 "[TP] [Turb] Blisk Column Pins|Boss-Extrude1[1
 *********** Elements for Body 15 "[TP] [Turb] Blisk Column Pins|Boss-Extrude1[1
 *********** Elements for Body 16 "[TP] [Turb] Blisk Column Pins|Boss-Extrude1[1
 *********** Elements for Body 17 "[TP] [Turb] Blisk Column Pins|Boss-Extrude1[1
 *********** Elements for Body 18 "[TP] [Turb] Blisk Column Pins|Boss-Extrude1[1
 *********** Elements for Body 19 "[TP] [Turb] Blisk|CirPattern2" ***********
 *********** Send User Defined Coordinate System(s) ***********
 *********** Set Reference Temperature ***********
 *********** Send Materials ***********
 *********** Create Contact "Bonded - Multiple To Multiple" ***********
             Real Constant Set For Above Contact Is 21 & 20
 *********** Create Contact "Bonded - Multiple To [TP] [Turb] Blisk|CirPattern2"
             Real Constant Set For Above Contact Is 23 & 22
 *********** Fixed Supports ***********
 *********** Define Rotational Velocity ***********


 ***** ROUTINE COMPLETED *****  CP =         0.141


 --- Number of total nodes = 65800
 --- Number of contact elements = 42912
 --- Number of spring elements = 0
 --- Number of bearing elements = 0
 --- Number of solid elements = 30378
 --- Number of condensed parts = 0
 --- Number of total elements = 73290

 *GET  _WALLBSOL  FROM  ACTI  ITEM=TIME WALL  VALUE=  1.96305556    
 ****************************************************************************
 *************************    SOLUTION       ********************************
 ****************************************************************************

 *****  MAPDL SOLUTION ROUTINE  *****


 PERFORM A STATIC ANALYSIS
  THIS WILL BE A NEW ANALYSIS

 PARAMETER _THICKRATIO =    0.8420000000    

 USE PRECONDITIONED CONJUGATE GRADIENT SOLVER
  CONVERGENCE TOLERANCE = 1.00000E-08
  MAXIMUM ITERATION     = NumNode*DofPerNode*  1.0000    

 CONTACT INFORMATION PRINTOUT LEVEL       1

 CHECK INITIAL OPEN/CLOSED STATUS OF SELECTED CONTACT ELEMENTS
      AND LIST DETAILED CONTACT PAIR INFORMATION

 SPLIT CONTACT SURFACES AT SOLVE PHASE

    NUMBER OF SPLITTING TBD BY PROGRAM

 DO NOT COMBINE ELEMENT MATRIX FILES (.emat) AFTER DISTRIBUTED PARALLEL SOLUTION

 DO NOT COMBINE ELEMENT SAVE DATA FILES (.esav) AFTER DISTRIBUTED PARALLEL SOLUTION

 NLDIAG: Nonlinear diagnostics CONT option is set to ON. 
         Writing frequency : each ITERATION.

 DO NOT SAVE ANY RESTART FILES AT ALL
 ****************************************************
 ******************* SOLVE FOR LS 1 OF 1 ****************

 CGOMGA=  0.0000     -4451.0      0.0000    

 PRINTOUT RESUMED BY /GOP

 USE       1 SUBSTEPS INITIALLY THIS LOAD STEP FOR ALL  DEGREES OF FREEDOM
 FOR AUTOMATIC TIME STEPPING:
   USE      1 SUBSTEPS AS A MAXIMUM
   USE      1 SUBSTEPS AS A MINIMUM

 TIME=  1.0000    

 ERASE THE CURRENT DATABASE OUTPUT CONTROL TABLE.


 WRITE ALL  ITEMS TO THE DATABASE WITH A FREQUENCY OF NONE
   FOR ALL APPLICABLE ENTITIES

 WRITE NSOL ITEMS TO THE DATABASE WITH A FREQUENCY OF ALL 
   FOR ALL APPLICABLE ENTITIES

 WRITE RSOL ITEMS TO THE DATABASE WITH A FREQUENCY OF ALL 
   FOR ALL APPLICABLE ENTITIES

 WRITE EANG ITEMS TO THE DATABASE WITH A FREQUENCY OF ALL 
   FOR ALL APPLICABLE ENTITIES

 WRITE ETMP ITEMS TO THE DATABASE WITH A FREQUENCY OF ALL 
   FOR ALL APPLICABLE ENTITIES

 WRITE VENG ITEMS TO THE DATABASE WITH A FREQUENCY OF ALL 
   FOR ALL APPLICABLE ENTITIES

 WRITE STRS ITEMS TO THE DATABASE WITH A FREQUENCY OF ALL 
   FOR ALL APPLICABLE ENTITIES

 WRITE EPEL ITEMS TO THE DATABASE WITH A FREQUENCY OF ALL 
   FOR ALL APPLICABLE ENTITIES

 WRITE EPPL ITEMS TO THE DATABASE WITH A FREQUENCY OF ALL 
   FOR ALL APPLICABLE ENTITIES

 WRITE CONT ITEMS TO THE DATABASE WITH A FREQUENCY OF ALL 
   FOR ALL APPLICABLE ENTITIES

 *GET  ANSINTER_  FROM  ACTI  ITEM=INT        VALUE=  0.00000000    

 *IF  ANSINTER_                         ( =   0.00000     )  NE  
      0                                 ( =   0.00000     )  THEN    

 *ENDIF

 *** NOTE ***                            CP =       0.141   TIME= 01:57:48
 The automatic domain decomposition logic has selected the MESH domain   
 decomposition method with 4 processes per solution.                     

 *****  MAPDL SOLVE    COMMAND  *****

 *** WARNING ***                         CP =       0.141   TIME= 01:57:48
 Element shape checking is currently inactive.  Issue SHPP,ON or         
 SHPP,WARN to reactivate, if desired.                                    

 *** NOTE ***                            CP =       0.156   TIME= 01:57:48
 The model data was checked and warning messages were found.             
  Please review output or errors file (                                  
 C:\Users\brend\Desktop\Engine-Development\Ansys                         
 Models\Rotor\_ProjectScratch\ScrFDC2\file0.err ) for these warning      
 messages.                                                               

 *** SELECTION OF ELEMENT TECHNOLOGIES FOR APPLICABLE ELEMENTS ***
      --- GIVE SUGGESTIONS AND RESET THE KEY OPTIONS ---

 ELEMENT TYPE         1 IS SOLID186. KEYOPT(2)=0 IS SUGGESTED AND HAS BEEN RESET.
  KEYOPT(1-12)=    0    0    0    0    0    0    0    0    0    0    0    0

 ELEMENT TYPE         2 IS SOLID186. KEYOPT(2)=0 IS SUGGESTED AND HAS BEEN RESET.
  KEYOPT(1-12)=    0    0    0    0    0    0    0    0    0    0    0    0

 ELEMENT TYPE         3 IS SOLID186. KEYOPT(2)=0 IS SUGGESTED AND HAS BEEN RESET.
  KEYOPT(1-12)=    0    0    0    0    0    0    0    0    0    0    0    0

 ELEMENT TYPE         4 IS SOLID186. KEYOPT(2)=0 IS SUGGESTED AND HAS BEEN RESET.
  KEYOPT(1-12)=    0    0    0    0    0    0    0    0    0    0    0    0

 ELEMENT TYPE         5 IS SOLID186. KEYOPT(2)=0 IS SUGGESTED AND HAS BEEN RESET.
  KEYOPT(1-12)=    0    0    0    0    0    0    0    0    0    0    0    0

 ELEMENT TYPE         6 IS SOLID186. KEYOPT(2)=0 IS SUGGESTED AND HAS BEEN RESET.
  KEYOPT(1-12)=    0    0    0    0    0    0    0    0    0    0    0    0

 ELEMENT TYPE         7 IS SOLID186. KEYOPT(2)=0 IS SUGGESTED AND HAS BEEN RESET.
  KEYOPT(1-12)=    0    0    0    0    0    0    0    0    0    0    0    0

 ELEMENT TYPE         8 IS SOLID186. KEYOPT(2)=0 IS SUGGESTED AND HAS BEEN RESET.
  KEYOPT(1-12)=    0    0    0    0    0    0    0    0    0    0    0    0

 ELEMENT TYPE         9 IS SOLID186. KEYOPT(2)=0 IS SUGGESTED AND HAS BEEN RESET.
  KEYOPT(1-12)=    0    0    0    0    0    0    0    0    0    0    0    0

 ELEMENT TYPE        10 IS SOLID186. KEYOPT(2)=0 IS SUGGESTED AND HAS BEEN RESET.
  KEYOPT(1-12)=    0    0    0    0    0    0    0    0    0    0    0    0

 ELEMENT TYPE        11 IS SOLID186. KEYOPT(2)=0 IS SUGGESTED AND HAS BEEN RESET.
  KEYOPT(1-12)=    0    0    0    0    0    0    0    0    0    0    0    0

 ELEMENT TYPE        12 IS SOLID186. KEYOPT(2)=0 IS SUGGESTED AND HAS BEEN RESET.
  KEYOPT(1-12)=    0    0    0    0    0    0    0    0    0    0    0    0

 ELEMENT TYPE        13 IS SOLID186. KEYOPT(2)=0 IS SUGGESTED AND HAS BEEN RESET.
  KEYOPT(1-12)=    0    0    0    0    0    0    0    0    0    0    0    0

 ELEMENT TYPE        14 IS SOLID186. KEYOPT(2)=0 IS SUGGESTED AND HAS BEEN RESET.
  KEYOPT(1-12)=    0    0    0    0    0    0    0    0    0    0    0    0

 ELEMENT TYPE        15 IS SOLID186. KEYOPT(2)=0 IS SUGGESTED AND HAS BEEN RESET.
  KEYOPT(1-12)=    0    0    0    0    0    0    0    0    0    0    0    0

 ELEMENT TYPE        16 IS SOLID186. KEYOPT(2)=0 IS SUGGESTED AND HAS BEEN RESET.
  KEYOPT(1-12)=    0    0    0    0    0    0    0    0    0    0    0    0

 ELEMENT TYPE        17 IS SOLID186. KEYOPT(2)=0 IS SUGGESTED AND HAS BEEN RESET.
  KEYOPT(1-12)=    0    0    0    0    0    0    0    0    0    0    0    0

 ELEMENT TYPE        18 IS SOLID186. KEYOPT(2)=0 IS SUGGESTED AND HAS BEEN RESET.
  KEYOPT(1-12)=    0    0    0    0    0    0    0    0    0    0    0    0

 ELEMENT TYPE        19 IS SOLID187. IT IS NOT ASSOCIATED WITH FULLY INCOMPRESSIBLE
 HYPERELASTIC MATERIALS. NO SUGGESTION IS AVAILABLE AND NO RESETTING IS NEEDED.



 *** MAPDL - ENGINEERING ANALYSIS SYSTEM  RELEASE 2024 R1          24.1     ***
 Ansys Mechanical Enterprise Academic Student      
 01055371  VERSION=WINDOWS x64   01:57:48  APR 29, 2024 CP=      0.156

 Rotor FEA--Static Structural (H5)                                             



                       S O L U T I O N   O P T I O N S

   PROBLEM DIMENSIONALITY. . . . . . . . . . . . .3-D                  
   DEGREES OF FREEDOM. . . . . . UX   UY   UZ  
   ANALYSIS TYPE . . . . . . . . . . . . . . . . .STATIC (STEADY-STATE)
   OFFSET TEMPERATURE FROM ABSOLUTE ZERO . . . . .  459.67    
   EQUATION SOLVER OPTION. . . . . . . . . . . . .PCG                
      TOLERANCE. . . . . . . . . . . . . . . . . . 1.00000E-08
   GLOBALLY ASSEMBLED MATRIX . . . . . . . . . . .SYMMETRIC  

 *** NOTE ***                            CP =       0.188   TIME= 01:57:48
 The conditions for direct assembly have been met.  No .emat or .erot    
 files will be produced.                                                 

 CHECK INITIAL OPEN/CLOSED STATUS OF SELECTED CONTACT ELEMENTS
      AND LIST DETAILED CONTACT PAIR INFORMATION

   20004 CONTACT ELEMENTS &    1452 TARGET ELEMENTS ARE UNSELECTED FOR PREPARATION OF          SPLITTING.
       2 CONTACT PAIRS ARE UNSELECTED. 

 *** NOTE ***                            CP =       1.469   TIME= 01:57:51
 The maximum number of contact elements in any single contact pair is    
 780, which is smaller than the optimal domain size of 3330 elements     
 for the given number of CPU domains (4).  Therefore, no contact pairs   
 are being split by the CNCH,DMP logic.                                  

 BECAUSE SPLIT WAS NOT DONE FOR CONNECT REGION(S), UNSELECTED ELEMENTS ARE REVERTED (SELECTED). 

 *** NOTE ***                            CP =       2.031   TIME= 01:57:53
 Smoothing on certain target nodes (e.g.804) for pair ID 20 may have     
 accuracy issue.  Please verify element normal of connected target       
 elements (e.g.70976 & 71541).                                           

 *** NOTE ***                            CP =       2.453   TIME= 01:57:54
 Symmetric Deformable- deformable contact pair identified by real        
 constant set 20 and contact element type 20 has been set up.  The       
 companion pair has real constant set ID 21.  Both pairs should have     
 the same behavior.                                                      
 MAPDL will keep the current pair and deactivate its companion pair,     
 resulting in asymmetric contact.                                        
 Auto surface constraint is built
 Contact algorithm: MPC based approach

 *** NOTE ***                            CP =       2.453   TIME= 01:57:54
 Contact related postprocess items (ETABLE, pressure ...) are not        
 available.                                                              
 Contact detection at: nodal point (normal to target surface)
 *WARNING*: Smoothing on certain contact/target nodes (for example 804)  
 may have an accuracy issue.  You may switch contact and target          
 surfaces, or split the current pair into multiple pairs, or use Gauss   
 detection.                                                              
 MPC will be built internally to handle bonded contact.
 Average contact surface length               0.16962    
 Average contact pair depth                   0.13397    
 Average target surface length                0.13479    
 Default pinball region factor PINB           0.25000    
 *WARNING*: The default pinball radius may be too small to capture       
 contacting zone under small sliding assumption.  Redefine the pinball   
 radius if necessary.                                                    
 The resulting pinball region                 0.33493E-01
 Default target edge extension factor TOLS     2.0000    
 Initial penetration/gap is excluded.
 Bonded contact (always) is defined.

 *** NOTE ***                            CP =       2.453   TIME= 01:57:54
 Max.  Initial penetration 1.292142092E-04 was detected between contact  
 element 51258 and target element 90245.                                 
 You may move entire target surface by : x= 7.576417274E-05, y=          
 -6.218299378E-05, z= 8.419843983E-05,to reduce initial penetration.     
 ****************************************
  

 *** NOTE ***                            CP =       2.453   TIME= 01:57:54
 Symmetric Deformable- deformable contact pair identified by real        
 constant set 21 and contact element type 20 has been set up.  The       
 companion pair has real constant set ID 20.  Both pairs should have     
 the same behavior.                                                      
 MAPDL will deactivate the current pair and keep its companion pair,     
 resulting in asymmetric contact.                                        
 Auto surface constraint is built
 Contact algorithm: MPC based approach

 *** NOTE ***                            CP =       2.453   TIME= 01:57:54
 Contact related postprocess items (ETABLE, pressure ...) are not        
 available.                                                              
 Contact detection at: nodal point (normal to target surface)
 *WARNING*: Smoothing on certain contact/target nodes (for example 6395) 
 may have an accuracy issue.  You may switch contact and target          
 surfaces, or split the current pair into multiple pairs, or use Gauss   
 detection.                                                              
 MPC will be built internally to handle bonded contact.
 Average contact surface length               0.13833    
 Average contact pair depth                   0.80718E-01
 Average target surface length                0.17263    
 Default pinball region factor PINB           0.25000    
 The resulting pinball region                 0.20180E-01
 Default target edge extension factor TOLS     2.0000    
 Initial penetration/gap is excluded.
 Bonded contact (always) is defined.

 *** NOTE ***                            CP =       2.453   TIME= 01:57:54
 Max.  Initial penetration 1.751163106E-16 was detected between contact  
 element 52080 and target element 51005.                                 
  
 Max.  Geometric gap 1.808544424E-04 has been detected between contact   
 element 69322 and target element 50632.                                 
 ****************************************
  

 *** NOTE ***                            CP =       2.453   TIME= 01:57:54
 Symmetric Deformable- deformable contact pair identified by real        
 constant set 22 and contact element type 22 has been set up.  The       
 companion pair has real constant set ID 23.  Both pairs should have     
 the same behavior.                                                      
 MAPDL will keep the current pair and deactivate its companion pair,     
 resulting in asymmetric contact.                                        
 Linear contact is defined
 Contact algorithm: Augmented Lagrange method
 Contact detection at: Gauss integration point
 Contact stiffness factor FKN                  10.000    
 The resulting initial contact stiffness      0.24763E+11
 Default penetration tolerance factor FTOLN   0.10000    
 The resulting penetration tolerance          0.12500E-01
 Default opening contact stiffness OPSF will be used.
 Default tangent stiffness factor FKT          1.0000    
 Use constant contact stiffness
 Default Max. friction stress TAUMAX          0.10000E+21
 Average contact surface length               0.19438    
 Average contact pair depth                   0.12500    
 Average target surface length                0.29762    
 Default pinball region factor PINB           0.25000    
 The resulting pinball region                 0.31250E-01
 Initial penetration/gap is excluded.
 Bonded contact (always) is defined.

 *** NOTE ***                            CP =       2.453   TIME= 01:57:54
 Max.  Initial penetration 5.551115123E-17 was detected between contact  
 element 91092 and target element 92703.                                 
 ****************************************
  

 *** NOTE ***                            CP =       2.453   TIME= 01:57:54
 Symmetric Deformable- deformable contact pair identified by real        
 constant set 23 and contact element type 22 has been set up.  The       
 companion pair has real constant set ID 22.  Both pairs should have     
 the same behavior.                                                      
 MAPDL will deactivate the current pair and keep its companion pair,     
 resulting in asymmetric contact.                                        
 Linear contact is defined
 Contact algorithm: Augmented Lagrange method
 Contact detection at: Gauss integration point
 Contact stiffness factor FKN                  10.000    
 The resulting initial contact stiffness      0.24763E+11
 Default penetration tolerance factor FTOLN   0.10000    
 The resulting penetration tolerance          0.15627E-01
 Default opening contact stiffness OPSF will be used.
 Default tangent stiffness factor FKT          1.0000    
 Use constant contact stiffness
 Default Max. friction stress TAUMAX          0.10000E+21
 Average contact surface length               0.30189    
 Average contact pair depth                   0.15627    
 Average target surface length                0.19014    
 Default pinball region factor PINB           0.25000    
 The resulting pinball region                 0.39067E-01
 Initial penetration/gap is excluded.
 Bonded contact (always) is defined.

 *** NOTE ***                            CP =       2.453   TIME= 01:57:54
 Max.  Initial penetration 5.551115123E-17 was detected between contact  
 element 91834 and target element 90567.                                 
 ****************************************
  
  
  

  
  
     D I S T R I B U T E D   D O M A I N   D E C O M P O S E R
  
  ...Number of elements: 73290
  ...Number of nodes:    65800
  ...Decompose to 4 CPU domains
  ...Element load balance ratio =     2.872


                      L O A D   S T E P   O P T I O N S

   LOAD STEP NUMBER. . . . . . . . . . . . . . . .     1
   TIME AT END OF THE LOAD STEP. . . . . . . . . .  1.0000    
   NUMBER OF SUBSTEPS. . . . . . . . . . . . . . .     1
   STEP CHANGE BOUNDARY CONDITIONS . . . . . . . .    NO
   INERTIA LOADS                        X           Y           Z 
      CGOMGA . . . . . . . . . . .  0.0000     -4451.0      0.0000    
   PRINT OUTPUT CONTROLS . . . . . . . . . . . . .NO PRINTOUT
   DATABASE OUTPUT CONTROLS
      ITEM     FREQUENCY   COMPONENT
       ALL       NONE               
      NSOL        ALL               
      RSOL        ALL               
      EANG        ALL               
      ETMP        ALL               
      VENG        ALL               
      STRS        ALL               
      EPEL        ALL               
      EPPL        ALL               
      CONT        ALL               


 SOLUTION MONITORING INFO IS WRITTEN TO FILE= file.mntr                                                                                                                                                                                                                                                           


 *** NOTE ***                            CP =       5.969   TIME= 01:58:03
 The PCG solver has automatically set the level of difficulty for this   
 model to 2.                                                             


                         ***********  PRECISE MASS SUMMARY  ***********

   TOTAL RIGID BODY MASS MATRIX ABOUT ORIGIN
               Translational mass               |   Coupled translational/rotational mass
        0.93491E-02    0.0000        0.0000     |     0.0000      -0.19144E-05  -0.14054E-06
         0.0000       0.93491E-02    0.0000     |    0.19144E-05    0.0000      -0.26169E-05
         0.0000        0.0000       0.93491E-02 |    0.14054E-06   0.26169E-05    0.0000    
     ------------------------------------------ | ------------------------------------------
                                                |         Rotational mass (inertia)
                                                |    0.21637E-01   0.26434E-07   0.68568E-06
                                                |    0.26434E-07   0.42900E-01   0.21706E-06
                                                |    0.68568E-06   0.21706E-06   0.21632E-01

   TOTAL MASS = 0.93491E-02
     The mass principal axes coincide with the global Cartesian axes

   CENTER OF MASS (X,Y,Z)=  -0.27991E-03   0.15032E-04  -0.20477E-03

   TOTAL INERTIA ABOUT CENTER OF MASS
        0.21637E-01   0.26395E-07   0.68622E-06
        0.26395E-07   0.42900E-01   0.21703E-06
        0.68622E-06   0.21703E-06   0.21632E-01
     The inertia principal axes coincide with the global Cartesian axes


  *** MASS SUMMARY BY ELEMENT TYPE ***

  TYPE      MASS
     1  0.128854E-02
     2  0.128854E-02
     3  0.774952E-04
     4  0.774952E-04
     5  0.774952E-04
     6  0.774952E-04
     7  0.774952E-04
     8  0.774952E-04
     9  0.774952E-04
    10  0.774952E-04
    11  0.774952E-04
    12  0.774952E-04
    13  0.774952E-04
    14  0.774952E-04
    15  0.774952E-04
    16  0.774952E-04
    17  0.774952E-04
    18  0.774952E-04
    19  0.553208E-02

 Range of element maximum matrix coefficients in global coordinates
 Maximum = 484179425 at element 91646.                                   
 Minimum = 109601.854 at element 5305.                                   

   *** ELEMENT MATRIX FORMULATION TIMES
     TYPE    NUMBER   ENAME      TOTAL CP  AVE CP

        1       390  SOLID186      0.016   0.000040
        2       390  SOLID186      0.016   0.000040
        3        27  SOLID186      0.000   0.000000
        4        27  SOLID186      0.000   0.000000
        5        27  SOLID186      0.000   0.000000
        6        27  SOLID186      0.000   0.000000
        7        27  SOLID186      0.000   0.000000
        8        27  SOLID186      0.000   0.000000
        9        27  SOLID186      0.031   0.001157
       10        27  SOLID186      0.016   0.000579
       11        27  SOLID186      0.000   0.000000
       12        27  SOLID186      0.016   0.000579
       13        27  SOLID186      0.000   0.000000
       14        27  SOLID186      0.000   0.000000
       15        27  SOLID186      0.000   0.000000
       16        27  SOLID186      0.000   0.000000
       17        27  SOLID186      0.016   0.000579
       18        27  SOLID186      0.000   0.000000
       19     29166  SOLID187      0.750   0.000026
       20     19946  CONTA174      0.172   0.000009
       21     19946  TARGE170      0.000   0.000000
       22      1510  CONTA174      0.047   0.000031
       23      1510  TARGE170      0.000   0.000000
 Time at end of element matrix formulation CP = 7.390625.                
 Iteration=    10 Ratio=  0.207509     Limit=  1.000000E-08 Wall=     0.3
 Iteration=   125 Ratio=  8.778802E-04 Limit=  1.000000E-08 Wall=     4.7
 Iteration=   300 Ratio=  2.845788E-06 Limit=  1.000000E-08 Wall=    10.9

 DISTRIBUTED PCG SOLVER SOLUTION CONVERGED

 DISTRIBUTED PCG SOLVER SOLUTION STATISTICS

   NUMBER OF ITERATIONS=         461
   NUMBER OF EQUATIONS =      197301
   LEVEL OF CONVERGENCE=           1
   CALCULATED NORM     = 0.95179E-08
   SPECIFIED TOLERANCE = 0.10000E-07
   TOTAL CPU TIME (sec)=        5.45
   TOTAL WALL TIME(sec)=       17.13
   TOTAL MEMORY (GB)   =        0.12


   *** ELEMENT RESULT CALCULATION TIMES
     TYPE    NUMBER   ENAME      TOTAL CP  AVE CP

        1       390  SOLID186      0.016   0.000040
        2       390  SOLID186      0.047   0.000120
        3        27  SOLID186      0.000   0.000000
        4        27  SOLID186      0.000   0.000000
        5        27  SOLID186      0.000   0.000000
        6        27  SOLID186      0.000   0.000000
        7        27  SOLID186      0.000   0.000000
        8        27  SOLID186      0.000   0.000000
        9        27  SOLID186      0.000   0.000000
       10        27  SOLID186      0.000   0.000000
       11        27  SOLID186      0.000   0.000000
       12        27  SOLID186      0.000   0.000000
       13        27  SOLID186      0.000   0.000000
       14        27  SOLID186      0.000   0.000000
       15        27  SOLID186      0.000   0.000000
       16        27  SOLID186      0.000   0.000000
       17        27  SOLID186      0.000   0.000000
       18        27  SOLID186      0.016   0.000579
       19     29166  SOLID187      0.609   0.000021
       20     19946  CONTA174      0.094   0.000005
       22      1510  CONTA174      0.016   0.000010

   *** NODAL LOAD CALCULATION TIMES
     TYPE    NUMBER   ENAME      TOTAL CP  AVE CP

        1       390  SOLID186      0.000   0.000000
        2       390  SOLID186      0.000   0.000000
        3        27  SOLID186      0.000   0.000000
        4        27  SOLID186      0.000   0.000000
        5        27  SOLID186      0.000   0.000000
        6        27  SOLID186      0.000   0.000000
        7        27  SOLID186      0.000   0.000000
        8        27  SOLID186      0.000   0.000000
        9        27  SOLID186      0.000   0.000000
       10        27  SOLID186      0.000   0.000000
       11        27  SOLID186      0.000   0.000000
       12        27  SOLID186      0.000   0.000000
       13        27  SOLID186      0.000   0.000000
       14        27  SOLID186      0.000   0.000000
       15        27  SOLID186      0.000   0.000000
       16        27  SOLID186      0.000   0.000000
       17        27  SOLID186      0.000   0.000000
       18        27  SOLID186      0.000   0.000000
       19     29166  SOLID187      0.172   0.000006
       20     19946  CONTA174      0.016   0.000001
       22      1510  CONTA174      0.031   0.000021
 *** LOAD STEP     1   SUBSTEP     1  COMPLETED.    CUM ITER =      1
 *** TIME =   1.00000         TIME INC =   1.00000      NEW TRIANG MATRIX


 *** MAPDL BINARY FILE STATISTICS
  BUFFER SIZE USED= 16384
        2.250 MB WRITTEN ON ELEMENT SAVED DATA FILE: file0.esav
        3.750 MB WRITTEN ON RESULTS FILE: file0.rst
 *************** Write FE CONNECTORS *********

 WRITE OUT CONSTRAINT EQUATIONS TO FILE= file.ce                                                                                                                                                                                                                                                             
 ****************************************************
 *************** FINISHED SOLVE FOR LS 1 *************

 *GET  _WALLASOL  FROM  ACTI  ITEM=TIME WALL  VALUE=  1.97472222    

 PRINTOUT RESUMED BY /GOP

 *GET  _PCGITER  FROM  ACTI  ITEM=SOLU CGIT  VALUE=  461.000000    

 FINISH SOLUTION PROCESSING


 ***** ROUTINE COMPLETED *****  CP =        14.609



 *** MAPDL - ENGINEERING ANALYSIS SYSTEM  RELEASE 2024 R1          24.1     ***
 Ansys Mechanical Enterprise Academic Student      
 01055371  VERSION=WINDOWS x64   01:58:29  APR 29, 2024 CP=     14.609

 Rotor FEA--Static Structural (H5)                                             



          ***** MAPDL RESULTS INTERPRETATION (POST1) *****

 *** NOTE ***                            CP =      14.609   TIME= 01:58:29
 Reading results into the database (SET command) will update the current 
 displacement and force boundary conditions in the database with the     
 values from the results file for that load set.  Note that any          
 subsequent solutions will use these values unless action is taken to    
 either SAVE the current values or not overwrite them (/EXIT,NOSAVE).    

 Set Encoding of XML File to:ISO-8859-1

 Set Output of XML File to:
     PARM,     ,     ,     ,     ,     ,     ,     ,     ,     ,     ,     ,
         ,     ,     ,     ,     ,     ,     ,

 DATABASE WRITTEN ON FILE  parm.xml                                                                                                                                                                                                                                                            

 EXIT THE MAPDL POST1 DATABASE PROCESSOR


 ***** ROUTINE COMPLETED *****  CP =        14.609



 PRINTOUT RESUMED BY /GOP

 *GET  _WALLDONE  FROM  ACTI  ITEM=TIME WALL  VALUE=  1.97472222    

 PARAMETER _PREPTIME =     0.000000000    

 PARAMETER _SOLVTIME =     42.00000000    

 PARAMETER _POSTTIME =     0.000000000    

 PARAMETER _TOTALTIM =     42.00000000    

 *GET  _DLBRATIO  FROM  ACTI  ITEM=SOLU DLBR  VALUE=  2.87223951    

 *GET  _COMBTIME  FROM  ACTI  ITEM=SOLU COMB  VALUE= 0.236890500    

 *GET  _SSMODE   FROM  ACTI  ITEM=SOLU SSMM  VALUE=  0.00000000    

 *GET  _NDOFS    FROM  ACTI  ITEM=SOLU NDOF  VALUE=  196869.000    

 *GET  _SOL_END_TIME  FROM  ACTI  ITEM=SET  TIME  VALUE=  1.00000000    

 *IF  _sol_end_time                     ( =   1.00000     )  EQ  
      1.000000                          ( =   1.00000     )  THEN    

 /FCLEAN COMMAND REMOVING ALL LOCAL FILES

 *ENDIF
 --- Total number of nodes = 65800
 --- Total number of elements = 73290
 --- Element load balance ratio = 2.87223951
 --- Time to combine distributed files = 0.2368905
 --- Sparse memory mode = 0
 --- Number of DOF = 196869

 EXIT MAPDL WITHOUT SAVING DATABASE


 NUMBER OF WARNING MESSAGES ENCOUNTERED=          1
 NUMBER OF ERROR   MESSAGES ENCOUNTERED=          0

+--------------------- M A P D L   S T A T I S T I C S ------------------------+

Release: 2024 R1            Build: 24.1       Update: UP20231106   Platform: WINDOWS x64 
Date Run: 04/29/2024   Time: 01:58     Process ID: 22476
Operating System: Windows 11  (Build: 22621)

Processor Model: 13th Gen Intel(R) Core(TM) i7-1355U

Compiler: Intel(R) Fortran Compiler Classic Version 2021.9  (Build: 20230302)
          Intel(R) C/C++ Compiler Classic Version 2021.9  (Build: 20230302)
          Intel(R) Math Kernel Library Version 2020.0.0 Product Build 20191125
          BLAS Library supplied by Intel(R) MKL

Number of machines requested            :    1
Total number of cores available         :   12
Number of physical cores available      :   10
Number of processes requested           :    4
Number of threads per process requested :    1
Total number of cores requested         :    4 (Distributed Memory Parallel)               
MPI Type: INTELMPI
MPI Version: Intel(R) MPI Library 2021.10 for Windows* OS


GPU Acceleration: Not Requested

Job Name: file0
Input File: dummy.dat

  Core                Machine Name   Working Directory
 -----------------------------------------------------
     0             Brendans_Lenovo   C:\Users\brend\Desktop\Engine-Development\Ansys Models\Rotor\_ProjectScratch\ScrFDC2
     1             Brendans_Lenovo   C:\Users\brend\Desktop\Engine-Development\Ansys Models\Rotor\_ProjectScratch\ScrFDC2
     2             Brendans_Lenovo   C:\Users\brend\Desktop\Engine-Development\Ansys Models\Rotor\_ProjectScratch\ScrFDC2
     3             Brendans_Lenovo   C:\Users\brend\Desktop\Engine-Development\Ansys Models\Rotor\_ProjectScratch\ScrFDC2
 
Latency time from master to core     1 =    2.246 microseconds
Latency time from master to core     2 =    1.460 microseconds
Latency time from master to core     3 =    1.690 microseconds
 
Communication speed from master to core     1 =  6500.21 MB/sec
Communication speed from master to core     2 =  9178.31 MB/sec
Communication speed from master to core     3 =  8115.89 MB/sec

Total CPU time for main thread                    :       14.5 seconds
Total CPU time summed for all threads             :       14.7 seconds

Elapsed time spent obtaining a license            :        0.3 seconds
Elapsed time spent pre-processing model (/PREP7)  :        0.3 seconds
Elapsed time spent solution - preprocessing       :        9.1 seconds
Elapsed time spent computing solution             :       31.0 seconds
Elapsed time spent solution - postprocessing      :        0.2 seconds
Elapsed time spent post-processing model (/POST1) :        0.0 seconds
 
Equation solver used                              :            PCG (symmetric)
Equation solver computational rate                :        2.2 Gflops

Sum of disk space used on all processes           :      464.3 MB

Sum of memory used on all processes               :     1050.0 MB
Sum of memory allocated on all processes          :     3360.0 MB
Physical memory available                         :         16 GB
Total amount of I/O written to disk               :        0.8 GB
Total amount of I/O read from disk                :        0.4 GB

+------------------ E N D   M A P D L   S T A T I S T I C S -------------------+


 *-----------------------------------------------------------------------------*
 |                                                                             |
 |                               RUN COMPLETED                                 |
 |                                                                             |
 |-----------------------------------------------------------------------------|
 |                                                                             |
 |  Ansys MAPDL 2024 R1         Build 24.1         UP20231106    WINDOWS x64   |
 |                                                                             |
 |-----------------------------------------------------------------------------|
 |                                                                             |
 |  Database Requested(-db)     1024 MB     Scratch Memory Requested   1024 MB |
 |  Max Database Used(Master)    122 MB     Max Scratch Used(Master)    244 MB |
 |  Max Database Used(Workers)     1 MB     Max Scratch Used(Workers)   377 MB |
 |  Sum Database Used(All)       125 MB     Sum Scratch Used(All)       925 MB |
 |                                                                             |
 |-----------------------------------------------------------------------------|
 |                                                                             |
 |        CP Time      (sec) =         14.672       Time  =  01:58:29          |
 |        Elapsed Time (sec) =         43.000       Date  =  04/29/2024        |
 |                                                                             |
 *-----------------------------------------------------------------------------*
