
 Ansys Mechanical Enterprise Academic Student      


 *------------------------------------------------------------------*
 |                                                                  |
 |   W E L C O M E   T O   T H E   A N S Y S (R)  P R O G R A M     |
 |                                                                  |
 *------------------------------------------------------------------*




 ***************************************************************
 *         ANSYS MAPDL 2024 R1          LEGAL NOTICES          *
 ***************************************************************
 *                                                             *
 * Copyright 1971-2024 Ansys, Inc.  All rights reserved.       *
 * Unauthorized use, distribution or duplication is            *
 * prohibited.                                                 *
 *                                                             *
 * Ansys is a registered trademark of Ansys, Inc. or its       *
 * subsidiaries in the United States or other countries.       *
 * See the Ansys, Inc. online documentation or the Ansys, Inc. *
 * documentation CD or online help for the complete Legal      *
 * Notice.                                                     *
 *                                                             *
 ***************************************************************
 *                                                             *
 * THIS ANSYS SOFTWARE PRODUCT AND PROGRAM DOCUMENTATION       *
 * INCLUDE TRADE SECRETS AND CONFIDENTIAL AND PROPRIETARY      *
 * PRODUCTS OF ANSYS, INC., ITS SUBSIDIARIES, OR LICENSORS.    *
 * The software products and documentation are furnished by    *
 * Ansys, Inc. or its subsidiaries under a software license    *
 * agreement that contains provisions concerning               *
 * non-disclosure, copying, length and nature of use,          *
 * compliance with exporting laws, warranties, disclaimers,    *
 * limitations of liability, and remedies, and other           *
 * provisions.  The software products and documentation may be *
 * used, disclosed, transferred, or copied only in accordance  *
 * with the terms and conditions of that software license      *
 * agreement.                                                  *
 *                                                             *
 * Ansys, Inc. is a UL registered                              *
 * ISO 9001:2015 company.                                      *
 *                                                             *
 ***************************************************************
 *                                                             *
 * This product is subject to U.S. laws governing export and   *
 * re-export.                                                  *
 *                                                             *
 * For U.S. Government users, except as specifically granted   *
 * by the Ansys, Inc. software license agreement, the use,     *
 * duplication, or disclosure by the United States Government  *
 * is subject to restrictions stated in the Ansys, Inc.        *
 * software license agreement and FAR 12.212 (for non-DOD      *
 * licenses).                                                  *
 *                                                             *
 ***************************************************************

 2024 R1 
     
 Point Releases and Patches installed:   
     
 Discovery 2024 R1   
 Fluids 2024 R1  
 Ansys Dynamic Reporting 2024 R1 
 SpaceClaim 2024 R1  
 CFX (includes CFD-Post) 2024 R1 
 Chemkin 2024 R1 
 EnSight 2024 R1 
 FENSAP-ICE 2024 R1  
 Fluent (includes CFD-Post) 2024 R1  
 Polyflow (includes CFD-Post) 2024 R1
 Forte (includes EnSight) 2024 R1
 TurboGrid 2024 R1   
 ACIS Geometry Interface 2024 R1 
 AutoCAD Geometry Interface 2024 R1  
 Catia, Version 4 Geometry Interface 2024 R1 
 Catia, Version 5 Geometry Interface 2024 R1 
 Catia, Version 6 Geometry Interface 2024 R1 
 Creo Elements/Direct Modeling Geometry Interface 2024 R1
 Creo Parametric Geometry Interface 2024 R1  
 Inventor Geometry Interface 2024 R1 
 JTOpen Geometry Interface 2024 R1   
 NX Geometry Interface 2024 R1   
 Parasolid Geometry Interface  2024 R1   
 Solid Edge Geometry Interface 2024 R1   
 SOLIDWORKS Geometry Interface 2024 R1   
 Speos 2024 R1   
 Aqwa 2024 R1
 Autodyn 2024 R1 
 Material Calibration App 2024 R1
 Customization Files for User Programmable Features 2024 R1  
 Mechanical Products 2024 R1 
 Motion 2024 R1  
 Academic Student 2024 R1


          *****  MAPDL COMMAND LINE ARGUMENTS  *****
  BATCH MODE REQUESTED (-b)    = NOLIST
  INPUT FILE COPY MODE (-c)    = COPY
  DISTRIBUTED MEMORY PARALLEL REQUESTED
       4 PARALLEL PROCESSES REQUESTED WITH SINGLE THREAD PER PROCESS
    TOTAL OF     4 CORES REQUESTED
  INPUT FILE NAME              = C:\Users\brend\Desktop\Engine-Development\Ansys Models\_ProjectScratch\ScrAC96\dummy.dat
  OUTPUT FILE NAME             = C:\Users\brend\Desktop\Engine-Development\Ansys Models\_ProjectScratch\ScrAC96\solve.out
  START-UP FILE MODE           = NOREAD
  STOP FILE MODE               = NOREAD

 RELEASE= 2024 R1              BUILD= 24.1      UP20231106   VERSION=WINDOWS x64 
 CURRENT JOBNAME=file0  20:45:41  JAN 29, 2024 CP=      0.000


 PARAMETER _DS_PROGRESS =     999.0000000    

 /INPUT FILE= ds.dat  LINE=       0



 *** NOTE ***                            CP =       0.047   TIME= 20:45:41
 The /CONFIG,NOELDB command is not valid in a distributed memory         
 parallel solution.  Command is ignored.                                 

 *GET  _WALLSTRT  FROM  ACTI  ITEM=TIME WALL  VALUE=  20.7613889    

 TITLE= 
 Turbopump--Static Structural (D5)                                             

  ACT Extensions:
      LSDYNA, 2024.1
      5f463412-bd3e-484b-87e7-cbc0a665e474, wbex
 /COM,     ANSYSMotion, 2024.1
      20180725-3f81-49eb-9f31-41364844c769, wbex
  

 SET PARAMETER DIMENSIONS ON  _WB_PROJECTSCRATCH_DIR
  TYPE=STRI  DIMENSIONS=      248        1        1

 PARAMETER _WB_PROJECTSCRATCH_DIR(1) = C:\Users\brend\Desktop\Engine-Development\Ansys Models\_ProjectScratch\ScrAC96\

 SET PARAMETER DIMENSIONS ON  _WB_SOLVERFILES_DIR
  TYPE=STRI  DIMENSIONS=      248        1        1

 PARAMETER _WB_SOLVERFILES_DIR(1) = C:\Users\brend\Desktop\Engine-Development\Ansys Models\Turbopump_files\dp0\SYS-1\MECH\

 SET PARAMETER DIMENSIONS ON  _WB_USERFILES_DIR
  TYPE=STRI  DIMENSIONS=      248        1        1

 PARAMETER _WB_USERFILES_DIR(1) = C:\Users\brend\Desktop\Engine-Development\Ansys Models\Turbopump_files\user_files\
 --- Data in consistent MKS units. See Solving Units in the help system for more

 MKS UNITS SPECIFIED FOR INTERNAL    
  LENGTH        (l)  = METER (M)
  MASS          (M)  = KILOGRAM (KG)
  TIME          (t)  = SECOND (SEC)
  TEMPERATURE   (T)  = CELSIUS (C)
  TOFFSET            = 273.0
  CHARGE        (Q)  = COULOMB
  FORCE         (f)  = NEWTON (N) (KG-M/SEC2)
  HEAT               = JOULE (N-M)

  PRESSURE           = PASCAL (NEWTON/M**2)
  ENERGY        (W)  = JOULE (N-M)
  POWER         (P)  = WATT (N-M/SEC)
  CURRENT       (i)  = AMPERE (COULOMBS/SEC)
  CAPACITANCE   (C)  = FARAD
  INDUCTANCE    (L)  = HENRY
  MAGNETIC FLUX      = WEBER
  RESISTANCE    (R)  = OHM
  ELECTRIC POTENTIAL = VOLT

 INPUT  UNITS ARE ALSO SET TO MKS 

 *** MAPDL - ENGINEERING ANALYSIS SYSTEM  RELEASE 2024 R1          24.1     ***
 Ansys Mechanical Enterprise Academic Student      
 01055371  VERSION=WINDOWS x64   20:45:41  JAN 29, 2024 CP=      0.047

 Turbopump--Static Structural (D5)                                             



          ***** MAPDL ANALYSIS DEFINITION (PREP7) *****
 *********** Nodes for the whole assembly ***********
 *********** Nodes for all Remote Points ***********
 *********** Elements for Body 1 "[TP] [Pump] [Fuel] Pump Casing Cap_Simplified 
 *********** Elements for Body 2 "[TP] [Pump] [Fuel] Pump Casing Volute_Simplifi
 *********** Elements for Body 3 "[TP] [Pump] [Ox] Pump Casing Cap|Cut-Extrude1"
 *********** Elements for Body 4 "[TP] [Pump] [Ox] Pump Casing Volute_Simplified
 *********** Elements for Body 5 "Interpump Standoff FEM_91075A171|Boss-Extrude1
 *********** Elements for Body 6 "Interpump Standoff FEM_91075A171|Boss-Extrude1
 *********** Elements for Body 7 "Interpump Standoff FEM_91075A171|Boss-Extrude1
 *********** Elements for Body 8 "Interpump Standoff FEM_91075A171|Boss-Extrude1
 *********** Elements for Body 9 "Interpump Standoff FEM_91075A171|Boss-Extrude1
 *********** Elements for Body 10 "Interpump Standoff FEM_91075A171|Boss-Extrude
 *********** Elements for Body 11 "Interpump Standoff FEM_91075A171|Boss-Extrude
 *********** Elements for Body 12 "Interpump Standoff FEM_91075A171|Boss-Extrude
 *********** Elements for Body 13 "[TP] [Pump] [Fuel] Seal Retaining Cap|#10 (0.
 *********** Elements for Body 14 "10-32-1.75 Fastener FEM|Revolve1" ***********
 *********** Elements for Body 15 "10-32-1.75 Fastener FEM|Revolve1[2]" ********
 *********** Elements for Body 16 "10-32-1.75 Fastener FEM|Revolve1[3]" ********
 *********** Elements for Body 17 "10-32-1.75 Fastener FEM|Revolve1[4]" ********
 *********** Elements for Body 18 "10-32-1.75 Fastener FEM|Revolve1[5]" ********
 *********** Elements for Body 19 "10-32-1.75 Fastener FEM|Revolve1[6]" ********
 *********** Elements for Body 20 "10-32-1.75 Fastener FEM|Revolve1[7]" ********
 *********** Elements for Body 21 "10-32-1.75 Fastener FEM|Revolve1[8]" ********
 *********** Elements for Body 22 "10-32-1.75 Fastener FEM|Revolve1[9]" ********
 *********** Elements for Body 23 "10-32-1.75 Fastener FEM|Revolve1[10]" *******
 *********** Elements for Body 24 "10-32-1.75 Fastener FEM|Revolve1[11]" *******
 *********** Elements for Body 25 "10-32-1.75 Fastener FEM|Revolve1[12]" *******
 *********** Elements for Body 26 "10-32-1.75 Fastener FEM|Revolve1[13]" *******
 *********** Elements for Body 27 "10-32-1.75 Fastener FEM|Revolve1[14]" *******
 *********** Elements for Body 28 "10-32-1.75 Fastener FEM|Revolve1[15]" *******
 *********** Elements for Body 29 "10-32-1.75 Fastener FEM|Revolve1[16]" *******
 *********** Elements for Body 30 "[TP] [Pump] [Ox] Inlet Cap|Pipe Tap Drill for
 *********** Elements for Body 31 "[TP] [Pump] Keyed Shaft - 7398K211_304_7398K2
 *********** Elements for Body 32 "10-32 Nut FEM|Revolve1" ***********
 *********** Elements for Body 33 "10-32 Nut FEM|Revolve1[2]" ***********
 *********** Elements for Body 34 "10-32 Nut FEM|Revolve1[3]" ***********
 *********** Elements for Body 35 "10-32 Nut FEM|Revolve1[4]" ***********
 *********** Elements for Body 36 "10-32 Nut FEM|Revolve1[5]" ***********
 *********** Elements for Body 37 "10-32 Nut FEM|Revolve1[6]" ***********
 *********** Elements for Body 38 "10-32 Nut FEM|Revolve1[7]" ***********
 *********** Elements for Body 39 "10-32 Nut FEM|Revolve1[8]" ***********
 *********** Elements for Body 40 "Pump Gear FEM|Boss-Extrude1" ***********
 *********** Elements for Body 41 "[TP] [Pump] [Ox] Impeller_Simplified FEM|Revo
 *********** Elements for Body 42 "[TP] [Turb] Keyed Shaft - 7398K211_304_7398K2
 *********** Elements for Body 43 "Turbine Gear FEM|Boss-Extrude1" ***********
 *********** Elements for Body 44 "[TP] [Pump] [Fuel] Impeller_Simplified FEM|Re
 *********** Elements for Body 45 "[TP] [Pump] [Fuel] Inducer_Simplified FEM|Rev
 *********** Elements for Body 46 "[TP] [Pump] [Ox] Inducer_Simplified FEM|Revol
 *********** Send User Defined Coordinate System(s) ***********
 *********** Set Reference Temperature ***********
 *********** Send Materials ***********

 *** WARNING ***                         CP =       0.156   TIME= 20:45:41
 Material property ALPX of material 1 is evaluated at a temperature of   
 22, which is below the supplied temperature range.  Temperature range   
 checking terminates.                                                    
 *********** Create Contact "Frictional - [TP] [Turb] Keyed Shaft - 7398K211_304
             Real Constant Set For Above Contact Is 48 & 47
 *********** Create Contact "Bonded - Multiple To [TP] [Pump] [Fuel] Pump Casing
             Real Constant Set For Above Contact Is 50 & 49
 *********** Create Contact "Bonded - Multiple To [TP] [Pump] [Fuel] Pump Casing
             Real Constant Set For Above Contact Is 52 & 51
 *********** Create Contact "Bonded - Multiple To Multiple" ***********
             Real Constant Set For Above Contact Is 54 & 53
 *********** Create Contact "Frictional - Multiple To Multiple" ***********
             Real Constant Set For Above Contact Is 56 & 55
 *********** Create Contact "Bonded - Multiple To Multiple" ***********
             Real Constant Set For Above Contact Is 58 & 57
 *********** Create Contact "Bonded - Multiple To [TP] [Pump] [Ox] Pump Casing V
             Real Constant Set For Above Contact Is 60 & 59
 *********** Create Contact "Frictional - Multiple To Multiple" ***********
             Real Constant Set For Above Contact Is 62 & 61
 *********** Create Contact "Bonded - [TP] [Pump] Keyed Shaft - 7398K211_304_739
             Real Constant Set For Above Contact Is 64 & 63
 *********** Create Contact "Bonded - [TP] [Turb] Keyed Shaft - 7398K211_304_739
             Real Constant Set For Above Contact Is 66 & 65
 *********** Create Contact "Bonded - [TP] [Pump] [Fuel] Pump Casing Cap_Simplif
             Real Constant Set For Above Contact Is 68 & 67
 *********** Create Contact "Bonded - [TP] [Pump] [Ox] Pump Casing Cap|Cut-Extru
             Real Constant Set For Above Contact Is 70 & 69
 *********** Send Named Selection as Element Component ***********
 *********** Create Remote Point "Internal Remote Point" ***********
 *********** Create Remote Point "Internal Remote Point 2" ***********
 *********** Create Remote Point "Internal Remote Point 3" ***********
 *********** Create Remote Point "Internal Remote Point 4" ***********
 *********** Create Remote Point "Remote Point" ***********
 *********** Create Remote Point "Remote Point 2" ***********
 *********** Create Joint "Revolute - Multiple To [TP] [Turb] Keyed Shaft - 7398
             Real Constant Set For Above Joint Is 83
 *********** Create Joint "Revolute - Multiple To [TP] [Pump] Keyed Shaft - 7398
             Real Constant Set For Above Joint Is 84
 *********** Construct Remote Displacement ***********
 *********** Construct Remote Displacement ***********
 *** Create a component for all remote displacements ***
 *********** Define Rotational Velocity ***********


 ***** ROUTINE COMPLETED *****  CP =         0.188


 --- Number of total nodes = 54424
 --- Number of contact elements = 18173
 --- Number of spring elements = 0
 --- Number of bearing elements = 0
 --- Number of solid elements = 25294
 --- Number of condensed parts = 0
 --- Number of total elements = 43475

 *GET  _WALLBSOL  FROM  ACTI  ITEM=TIME WALL  VALUE=  20.7613889    
 ****************************************************************************
 *************************    SOLUTION       ********************************
 ****************************************************************************

 *****  MAPDL SOLUTION ROUTINE  *****


 PERFORM A STATIC ANALYSIS
  THIS WILL BE A NEW ANALYSIS

 PARAMETER _THICKRATIO =    0.1740000000    

 USE SPARSE MATRIX DIRECT SOLVER

 CONTACT INFORMATION PRINTOUT LEVEL       1

 NLDIAG: Nonlinear diagnostics CONT option is set to ON. 
         Writing frequency : each ITERATION.

 DEFINE RESTART CONTROL FOR LOADSTEP LAST
 AT FREQUENCY OF LAST AND NUMBER FOR OVERWRITE IS   -1
 ****************************************************
 ******************* SOLVE FOR LS 1 OF 1 ****************

 SPECIFIED CONSTRAINT UX   FOR SELECTED NODES        54423 TO       54423 BY           1
 REAL=  0.00000000       IMAG=  0.00000000    

 SPECIFIED CONSTRAINT UY   FOR SELECTED NODES        54423 TO       54423 BY           1
 REAL=  0.00000000       IMAG=  0.00000000    

 SPECIFIED CONSTRAINT UZ   FOR SELECTED NODES        54423 TO       54423 BY           1
 REAL=  0.00000000       IMAG=  0.00000000    

 SPECIFIED CONSTRAINT UX   FOR SELECTED NODES        54426 TO       54426 BY           1
 REAL=  0.00000000       IMAG=  0.00000000    

 SPECIFIED CONSTRAINT UY   FOR SELECTED NODES        54426 TO       54426 BY           1
 REAL=  0.00000000       IMAG=  0.00000000    

 SPECIFIED CONSTRAINT UZ   FOR SELECTED NODES        54426 TO       54426 BY           1
 REAL=  0.00000000       IMAG=  0.00000000    

 CMOMEGA on component= CM_ROTVELCITY582
  OMEGAX, OMEGAY, OMEGAZ=   0.0000      2094.0      0.0000    
  X1, Y1, Z1=   0.0000     0.25599E-01  0.0000    

 CMOMEGA on component= CM_ROTVELCITY584
  OMEGAX, OMEGAY, OMEGAZ=   0.0000     -8378.0      0.0000    
  X1, Y1, Z1=  0.62500E-01-0.45620E-02  0.0000    
 *********** Create Imported Load "Imported Body Temperature" ***********

 PRINTOUT RESUMED BY /GOP

 PRINTOUT RESUMED BY /GOP

 USE AUTOMATIC TIME STEPPING THIS LOAD STEP

 USE       1 SUBSTEPS INITIALLY THIS LOAD STEP FOR ALL  DEGREES OF FREEDOM
 FOR AUTOMATIC TIME STEPPING:
   USE     10 SUBSTEPS AS A MAXIMUM
   USE      1 SUBSTEPS AS A MINIMUM

 TIME=  1.0000    

 ERASE THE CURRENT DATABASE OUTPUT CONTROL TABLE.


 WRITE ALL  ITEMS TO THE DATABASE WITH A FREQUENCY OF NONE
   FOR ALL APPLICABLE ENTITIES

 WRITE NSOL ITEMS TO THE DATABASE WITH A FREQUENCY OF ALL 
   FOR ALL APPLICABLE ENTITIES

 WRITE RSOL ITEMS TO THE DATABASE WITH A FREQUENCY OF ALL 
   FOR ALL APPLICABLE ENTITIES

 WRITE EANG ITEMS TO THE DATABASE WITH A FREQUENCY OF ALL 
   FOR ALL APPLICABLE ENTITIES

 WRITE ETMP ITEMS TO THE DATABASE WITH A FREQUENCY OF ALL 
   FOR ALL APPLICABLE ENTITIES

 WRITE VENG ITEMS TO THE DATABASE WITH A FREQUENCY OF ALL 
   FOR ALL APPLICABLE ENTITIES

 WRITE STRS ITEMS TO THE DATABASE WITH A FREQUENCY OF ALL 
   FOR ALL APPLICABLE ENTITIES

 WRITE EPEL ITEMS TO THE DATABASE WITH A FREQUENCY OF ALL 
   FOR ALL APPLICABLE ENTITIES

 WRITE EPPL ITEMS TO THE DATABASE WITH A FREQUENCY OF ALL 
   FOR ALL APPLICABLE ENTITIES

 WRITE EPTH ITEMS TO THE DATABASE WITH A FREQUENCY OF ALL 
   FOR ALL APPLICABLE ENTITIES

 WRITE CONT ITEMS TO THE DATABASE WITH A FREQUENCY OF ALL 
   FOR ALL APPLICABLE ENTITIES

 PRINTOUT RESUMED BY /GOP

 WRITE MISC ITEMS TO THE DATABASE WITH A FREQUENCY OF ALL 
   FOR THE ENTITIES DEFINED BY COMPONENT _ELMISC 

 *GET  ANSINTER_  FROM  ACTI  ITEM=INT        VALUE=  0.00000000    

 *IF  ANSINTER_                         ( =   0.00000     )  NE  
      0                                 ( =   0.00000     )  THEN    

 *ENDIF

 *** NOTE ***                            CP =       0.234   TIME= 20:45:41
 The automatic domain decomposition logic has selected the MESH domain   
 decomposition method with 4 processes per solution.                     

 *****  MAPDL SOLVE    COMMAND  *****

 *** WARNING ***                         CP =       0.281   TIME= 20:45:41
 Element shape checking is currently inactive.  Issue SHPP,ON or         
 SHPP,WARN to reactivate, if desired.                                    

 *** WARNING ***                         CP =       0.281   TIME= 20:45:41
 MPC184 elements are being used in the current analysis and the          
 NLGEOM,ON command has not been used.  Thus, only linearized behavior    
 will be considered.  If finite rotation and large deflection effects    
 are to be considered, please use the NLGEOM,ON command.                 

 *** NOTE ***                            CP =       0.359   TIME= 20:45:41
 The model data was checked and warning messages were found.             
  Please review output or errors file (                                  
 C:\Users\brend\Desktop\Engine-Development\Ansys                         
 Models\_ProjectScratch\ScrAC96\file0.err ) for these warning messages.  

 *** SELECTION OF ELEMENT TECHNOLOGIES FOR APPLICABLE ELEMENTS ***
      --- GIVE SUGGESTIONS AND RESET THE KEY OPTIONS ---

 ELEMENT TYPE         1 IS SOLID187. IT IS NOT ASSOCIATED WITH FULLY INCOMPRESSIBLE
 HYPERELASTIC MATERIALS. NO SUGGESTION IS AVAILABLE AND NO RESETTING IS NEEDED.

 ELEMENT TYPE         2 IS SOLID187. IT IS NOT ASSOCIATED WITH FULLY INCOMPRESSIBLE
 HYPERELASTIC MATERIALS. NO SUGGESTION IS AVAILABLE AND NO RESETTING IS NEEDED.

 ELEMENT TYPE         3 IS SOLID187. IT IS NOT ASSOCIATED WITH FULLY INCOMPRESSIBLE
 HYPERELASTIC MATERIALS. NO SUGGESTION IS AVAILABLE AND NO RESETTING IS NEEDED.

 ELEMENT TYPE         4 IS SOLID187. IT IS NOT ASSOCIATED WITH FULLY INCOMPRESSIBLE
 HYPERELASTIC MATERIALS. NO SUGGESTION IS AVAILABLE AND NO RESETTING IS NEEDED.

 ELEMENT TYPE         5 IS SOLID187. IT IS NOT ASSOCIATED WITH FULLY INCOMPRESSIBLE
 HYPERELASTIC MATERIALS. NO SUGGESTION IS AVAILABLE AND NO RESETTING IS NEEDED.

 ELEMENT TYPE         6 IS SOLID187. IT IS NOT ASSOCIATED WITH FULLY INCOMPRESSIBLE
 HYPERELASTIC MATERIALS. NO SUGGESTION IS AVAILABLE AND NO RESETTING IS NEEDED.

 ELEMENT TYPE         7 IS SOLID187. IT IS NOT ASSOCIATED WITH FULLY INCOMPRESSIBLE
 HYPERELASTIC MATERIALS. NO SUGGESTION IS AVAILABLE AND NO RESETTING IS NEEDED.

 ELEMENT TYPE         8 IS SOLID187. IT IS NOT ASSOCIATED WITH FULLY INCOMPRESSIBLE
 HYPERELASTIC MATERIALS. NO SUGGESTION IS AVAILABLE AND NO RESETTING IS NEEDED.

 ELEMENT TYPE         9 IS SOLID187. IT IS NOT ASSOCIATED WITH FULLY INCOMPRESSIBLE
 HYPERELASTIC MATERIALS. NO SUGGESTION IS AVAILABLE AND NO RESETTING IS NEEDED.

 ELEMENT TYPE        10 IS SOLID187. IT IS NOT ASSOCIATED WITH FULLY INCOMPRESSIBLE
 HYPERELASTIC MATERIALS. NO SUGGESTION IS AVAILABLE AND NO RESETTING IS NEEDED.

 ELEMENT TYPE        11 IS SOLID187. IT IS NOT ASSOCIATED WITH FULLY INCOMPRESSIBLE
 HYPERELASTIC MATERIALS. NO SUGGESTION IS AVAILABLE AND NO RESETTING IS NEEDED.

 ELEMENT TYPE        12 IS SOLID187. IT IS NOT ASSOCIATED WITH FULLY INCOMPRESSIBLE
 HYPERELASTIC MATERIALS. NO SUGGESTION IS AVAILABLE AND NO RESETTING IS NEEDED.

 ELEMENT TYPE        13 IS SOLID187. IT IS NOT ASSOCIATED WITH FULLY INCOMPRESSIBLE
 HYPERELASTIC MATERIALS. NO SUGGESTION IS AVAILABLE AND NO RESETTING IS NEEDED.

 ELEMENT TYPE        14 IS SOLID187. IT IS NOT ASSOCIATED WITH FULLY INCOMPRESSIBLE
 HYPERELASTIC MATERIALS. NO SUGGESTION IS AVAILABLE AND NO RESETTING IS NEEDED.

 ELEMENT TYPE        15 IS SOLID187. IT IS NOT ASSOCIATED WITH FULLY INCOMPRESSIBLE
 HYPERELASTIC MATERIALS. NO SUGGESTION IS AVAILABLE AND NO RESETTING IS NEEDED.

 ELEMENT TYPE        16 IS SOLID187. IT IS NOT ASSOCIATED WITH FULLY INCOMPRESSIBLE
 HYPERELASTIC MATERIALS. NO SUGGESTION IS AVAILABLE AND NO RESETTING IS NEEDED.

 ELEMENT TYPE        17 IS SOLID187. IT IS NOT ASSOCIATED WITH FULLY INCOMPRESSIBLE
 HYPERELASTIC MATERIALS. NO SUGGESTION IS AVAILABLE AND NO RESETTING IS NEEDED.

 ELEMENT TYPE        18 IS SOLID187. IT IS NOT ASSOCIATED WITH FULLY INCOMPRESSIBLE
 HYPERELASTIC MATERIALS. NO SUGGESTION IS AVAILABLE AND NO RESETTING IS NEEDED.

 ELEMENT TYPE        19 IS SOLID187. IT IS NOT ASSOCIATED WITH FULLY INCOMPRESSIBLE
 HYPERELASTIC MATERIALS. NO SUGGESTION IS AVAILABLE AND NO RESETTING IS NEEDED.

 ELEMENT TYPE        20 IS SOLID187. IT IS NOT ASSOCIATED WITH FULLY INCOMPRESSIBLE
 HYPERELASTIC MATERIALS. NO SUGGESTION IS AVAILABLE AND NO RESETTING IS NEEDED.

 ELEMENT TYPE        21 IS SOLID187. IT IS NOT ASSOCIATED WITH FULLY INCOMPRESSIBLE
 HYPERELASTIC MATERIALS. NO SUGGESTION IS AVAILABLE AND NO RESETTING IS NEEDED.

 ELEMENT TYPE        22 IS SOLID187. IT IS NOT ASSOCIATED WITH FULLY INCOMPRESSIBLE
 HYPERELASTIC MATERIALS. NO SUGGESTION IS AVAILABLE AND NO RESETTING IS NEEDED.

 ELEMENT TYPE        23 IS SOLID187. IT IS NOT ASSOCIATED WITH FULLY INCOMPRESSIBLE
 HYPERELASTIC MATERIALS. NO SUGGESTION IS AVAILABLE AND NO RESETTING IS NEEDED.

 ELEMENT TYPE        24 IS SOLID187. IT IS NOT ASSOCIATED WITH FULLY INCOMPRESSIBLE
 HYPERELASTIC MATERIALS. NO SUGGESTION IS AVAILABLE AND NO RESETTING IS NEEDED.

 ELEMENT TYPE        25 IS SOLID187. IT IS NOT ASSOCIATED WITH FULLY INCOMPRESSIBLE
 HYPERELASTIC MATERIALS. NO SUGGESTION IS AVAILABLE AND NO RESETTING IS NEEDED.

 ELEMENT TYPE        26 IS SOLID187. IT IS NOT ASSOCIATED WITH FULLY INCOMPRESSIBLE
 HYPERELASTIC MATERIALS. NO SUGGESTION IS AVAILABLE AND NO RESETTING IS NEEDED.

 ELEMENT TYPE        27 IS SOLID187. IT IS NOT ASSOCIATED WITH FULLY INCOMPRESSIBLE
 HYPERELASTIC MATERIALS. NO SUGGESTION IS AVAILABLE AND NO RESETTING IS NEEDED.

 ELEMENT TYPE        28 IS SOLID187. IT IS NOT ASSOCIATED WITH FULLY INCOMPRESSIBLE
 HYPERELASTIC MATERIALS. NO SUGGESTION IS AVAILABLE AND NO RESETTING IS NEEDED.

 ELEMENT TYPE        29 IS SOLID187. IT IS NOT ASSOCIATED WITH FULLY INCOMPRESSIBLE
 HYPERELASTIC MATERIALS. NO SUGGESTION IS AVAILABLE AND NO RESETTING IS NEEDED.

 ELEMENT TYPE        30 IS SOLID187. IT IS NOT ASSOCIATED WITH FULLY INCOMPRESSIBLE
 HYPERELASTIC MATERIALS. NO SUGGESTION IS AVAILABLE AND NO RESETTING IS NEEDED.

 ELEMENT TYPE        31 IS SOLID187. IT IS NOT ASSOCIATED WITH FULLY INCOMPRESSIBLE
 HYPERELASTIC MATERIALS. NO SUGGESTION IS AVAILABLE AND NO RESETTING IS NEEDED.

 ELEMENT TYPE        32 IS SOLID186. KEYOPT(2)=0 IS SUGGESTED AND HAS BEEN RESET.
  KEYOPT(1-12)=    0    0    0    0    0    0    0    0    0    0    0    0

 ELEMENT TYPE        33 IS SOLID186. KEYOPT(2)=0 IS SUGGESTED AND HAS BEEN RESET.
  KEYOPT(1-12)=    0    0    0    0    0    0    0    0    0    0    0    0

 ELEMENT TYPE        34 IS SOLID186. KEYOPT(2)=0 IS SUGGESTED AND HAS BEEN RESET.
  KEYOPT(1-12)=    0    0    0    0    0    0    0    0    0    0    0    0

 ELEMENT TYPE        35 IS SOLID186. KEYOPT(2)=0 IS SUGGESTED AND HAS BEEN RESET.
  KEYOPT(1-12)=    0    0    0    0    0    0    0    0    0    0    0    0

 ELEMENT TYPE        36 IS SOLID186. KEYOPT(2)=0 IS SUGGESTED AND HAS BEEN RESET.
  KEYOPT(1-12)=    0    0    0    0    0    0    0    0    0    0    0    0

 ELEMENT TYPE        37 IS SOLID186. KEYOPT(2)=0 IS SUGGESTED AND HAS BEEN RESET.
  KEYOPT(1-12)=    0    0    0    0    0    0    0    0    0    0    0    0

 ELEMENT TYPE        38 IS SOLID186. KEYOPT(2)=0 IS SUGGESTED AND HAS BEEN RESET.
  KEYOPT(1-12)=    0    0    0    0    0    0    0    0    0    0    0    0

 ELEMENT TYPE        39 IS SOLID186. KEYOPT(2)=0 IS SUGGESTED AND HAS BEEN RESET.
  KEYOPT(1-12)=    0    0    0    0    0    0    0    0    0    0    0    0

 ELEMENT TYPE        40 IS SOLID186. KEYOPT(2)=0 IS SUGGESTED AND HAS BEEN RESET.
  KEYOPT(1-12)=    0    0    0    0    0    0    0    0    0    0    0    0

 ELEMENT TYPE        41 IS SOLID186. KEYOPT(2)=0 IS SUGGESTED AND HAS BEEN RESET.
  KEYOPT(1-12)=    0    0    0    0    0    0    0    0    0    0    0    0

 ELEMENT TYPE        42 IS SOLID187. IT IS NOT ASSOCIATED WITH FULLY INCOMPRESSIBLE
 HYPERELASTIC MATERIALS. NO SUGGESTION IS AVAILABLE AND NO RESETTING IS NEEDED.

 ELEMENT TYPE        43 IS SOLID186. KEYOPT(2)=0 IS SUGGESTED AND HAS BEEN RESET.
  KEYOPT(1-12)=    0    0    0    0    0    0    0    0    0    0    0    0

 ELEMENT TYPE        44 IS SOLID186. KEYOPT(2)=0 IS SUGGESTED AND HAS BEEN RESET.
  KEYOPT(1-12)=    0    0    0    0    0    0    0    0    0    0    0    0

 ELEMENT TYPE        45 IS SOLID186. KEYOPT(2)=0 IS SUGGESTED AND HAS BEEN RESET.
  KEYOPT(1-12)=    0    0    0    0    0    0    0    0    0    0    0    0

 ELEMENT TYPE        46 IS SOLID186. KEYOPT(2)=0 IS SUGGESTED AND HAS BEEN RESET.
  KEYOPT(1-12)=    0    0    0    0    0    0    0    0    0    0    0    0



 *** MAPDL - ENGINEERING ANALYSIS SYSTEM  RELEASE 2024 R1          24.1     ***
 Ansys Mechanical Enterprise Academic Student      
 01055371  VERSION=WINDOWS x64   20:45:41  JAN 29, 2024 CP=      0.359

 Turbopump--Static Structural (D5)                                             



                       S O L U T I O N   O P T I O N S

   PROBLEM DIMENSIONALITY. . . . . . . . . . . . .3-D                  
   DEGREES OF FREEDOM. . . . . . UX   UY   UZ   ROTX ROTY ROTZ
   ANALYSIS TYPE . . . . . . . . . . . . . . . . .STATIC (STEADY-STATE)
   OFFSET TEMPERATURE FROM ABSOLUTE ZERO . . . . .  273.15    
   EQUATION SOLVER OPTION. . . . . . . . . . . . .SPARSE             
   NEWTON-RAPHSON OPTION . . . . . . . . . . . . .PROGRAM CHOSEN   
   GLOBALLY ASSEMBLED MATRIX . . . . . . . . . . .SYMMETRIC  

 *** NOTE ***                            CP =       0.359   TIME= 20:45:41
 Tref( 22 ) is outside of the temperature range defined by the MPTEMP    
 data used for ALPX of material 1.                                       

 *** NOTE ***                            CP =       0.359   TIME= 20:45:41
 Tref( 22 ) is outside of the temperature range defined by the MPTEMP    
 data used for ALPX of material 5.                                       

 *** NOTE ***                            CP =       0.359   TIME= 20:45:41
 Tref( 22 ) is outside of the temperature range defined by the MPTEMP    
 data used for ALPX of material 1.                                       

 *** NOTE ***                            CP =       0.359   TIME= 20:45:41
 Tref( 22 ) is outside of the temperature range defined by the MPTEMP    
 data used for ALPX of material 5.                                       

 *** NOTE ***                            CP =       0.359   TIME= 20:45:41
 Property ALPX of material 1 is defined over a temperature range from    
 100 to 300 which does not include the uniform temperature (22).         
 Change either temperature range or the uniform temperature.  Checking   
 for this condition discontinues.                                        

 *** ERROR ***                           CP =       0.359   TIME= 20:45:41
 Element 16317 references undefined EX of material 5.                    

 *** ERROR ***                           CP =       0.359   TIME= 20:45:41
 Element 16612 references undefined EX of material 5.                    

 *** ERROR ***                           CP =       0.359   TIME= 20:45:41
 Element 16907 references undefined EX of material 5.                    

 *** ERROR ***                           CP =       0.359   TIME= 20:45:41
 Element 17202 references undefined EX of material 5.                    

 *** ERROR ***                           CP =       0.359   TIME= 20:45:41
 Element 17497 references undefined EX of material 5.                    

 *** ERROR ***                           CP =       0.359   TIME= 20:45:41
 Element 17792 references undefined EX of material 5.                    

 *** ERROR ***                           CP =       0.359   TIME= 20:45:41
 Element 18087 references undefined EX of material 5.                    

 *** ERROR ***                           CP =       0.359   TIME= 20:45:41
 Element 18382 references undefined EX of material 5.                    

 *** ERROR ***                           CP =       0.359   TIME= 20:45:41
 Element 19375 references undefined EX of material 5.                    

 *** ERROR ***                           CP =       0.359   TIME= 20:45:41
 Element 19511 references undefined EX of material 5.                    

 *** ERROR ***                           CP =       0.359   TIME= 20:45:41
 Element 19647 references undefined EX of material 5.                    

 *** ERROR ***                           CP =       0.359   TIME= 20:45:41
 Element 19783 references undefined EX of material 5.                    

 *** ERROR ***                           CP =       0.359   TIME= 20:45:41
 Element 19919 references undefined EX of material 5.                    

 *** ERROR ***                           CP =       0.359   TIME= 20:45:41
 Element 20055 references undefined EX of material 5.                    

 *** ERROR ***                           CP =       0.359   TIME= 20:45:41
 Element 20191 references undefined EX of material 5.                    

 *** ERROR ***                           CP =       0.359   TIME= 20:45:41
 Element 20327 references undefined EX of material 5.                    

 *** ERROR ***                           CP =       0.359   TIME= 20:45:41
 Element 20463 references undefined EX of material 5.                    

 *** ERROR ***                           CP =       0.359   TIME= 20:45:41
 Element 20599 references undefined EX of material 5.                    

 *** ERROR ***                           CP =       0.359   TIME= 20:45:41
 Element 20735 references undefined EX of material 5.                    

 *** ERROR ***                           CP =       0.359   TIME= 20:45:41
 Element 20871 references undefined EX of material 5.                    

 *** ERROR ***                           CP =       0.359   TIME= 20:45:41
 Element 21007 references undefined EX of material 5.                    

 *** ERROR ***                           CP =       0.359   TIME= 20:45:41
 Element 21143 references undefined EX of material 5.                    

 *** ERROR ***                           CP =       0.359   TIME= 20:45:41
 Element 21279 references undefined EX of material 5.                    

 *** ERROR ***                           CP =       0.359   TIME= 20:45:41
 Element 21415 references undefined EX of material 5.                    

 *** ERROR ***                           CP =       0.359   TIME= 20:45:41
 Element 22364 references undefined EX of material 5.                    

 *** ERROR ***                           CP =       0.359   TIME= 20:45:41
 Element 23235 references undefined EX of material 5.                    

 *** ERROR ***                           CP =       0.359   TIME= 20:45:41
 Element 23285 references undefined EX of material 5.                    

 *** ERROR ***                           CP =       0.359   TIME= 20:45:41
 Element 23335 references undefined EX of material 5.                    

 *** ERROR ***                           CP =       0.359   TIME= 20:45:41
 Element 23385 references undefined EX of material 5.                    

 *** ERROR ***                           CP =       0.359   TIME= 20:45:41
 Element 23435 references undefined EX of material 5.                    

 *** ERROR ***                           CP =       0.359   TIME= 20:45:41
 Element 23485 references undefined EX of material 5.                    

 *** ERROR ***                           CP =       0.359   TIME= 20:45:41
 Element 23535 references undefined EX of material 5.                    

 *** ERROR ***                           CP =       0.359   TIME= 20:45:41
 Element 23585 references undefined EX of material 5.                    

 *** ERROR ***                           CP =       0.359   TIME= 20:45:41
 Element 23635 references undefined EX of material 5.                    

 *** ERROR ***                           CP =       0.359   TIME= 20:45:41
 Element 23947 references undefined EX of material 5.                    

 *** ERROR ***                           CP =       0.359   TIME= 20:45:41
 Element 24696 references undefined EX of material 5.                    

 *** WARNING ***                         CP =       0.359   TIME= 20:45:41
 Material number 83 (used by element 40221) should normally have at      
 least one MP or one TB type command associated with it.  Output of      
 energy by material may not be available.                                

 *** ERROR ***                           CP =       0.375   TIME= 20:45:41
 The step data was checked and there were errors found.                  
  Please check output or errors file (                                   
 C:\Users\brend\Desktop\Engine-Development\Ansys                         
 Models\_ProjectScratch\ScrAC96\file0.err ) for messages.                

 *** NOTE ***                            CP =       0.375   TIME= 20:45:41
 This nonlinear analysis defaults to using the full Newton-Raphson       
 solution procedure.  This can be modified using the NROPT command.      

 *** NOTE ***                            CP =       0.375   TIME= 20:45:41
 Tref( 22 ) is outside of the temperature range defined by the MPTEMP    
 data used for ALPX of material 1.                                       

 *** NOTE ***                            CP =       0.375   TIME= 20:45:41
 Tref( 22 ) is outside of the temperature range defined by the MPTEMP    
 data used for ALPX of material 5.                                       

 *** NOTE ***                            CP =       0.422   TIME= 20:45:41
 Internal nodes from 54427 to 54438 are created.                         
 6 internal nodes are used for handling degrees of freedom on pilot      
 nodes of rigid target surfaces.                                         
 6 internal nodes are used for non-contact elements with mixed           
 formulation.                                                            

 *** NOTE ***                            CP =       0.469   TIME= 20:45:41
 Internal nodes from 54427 to 54438 are created.                         
 6 internal nodes are used for handling degrees of freedom on pilot      
 nodes of rigid target surfaces.                                         
 6 internal nodes are used for non-contact elements with mixed           
 formulation.                                                            


 NUMBER OF WARNING MESSAGES ENCOUNTERED=          4
 NUMBER OF ERROR   MESSAGES ENCOUNTERED=         37



 ***** PROBLEM TERMINATED BY INDICATED ERROR(S) OR BY END OF INPUT DATA *****

+--------------------- M A P D L   S T A T I S T I C S ------------------------+

Release: 2024 R1            Build: 24.1       Update: UP20231106   Platform: WINDOWS x64 
Date Run: 01/29/2024   Time: 20:45     Process ID: 11688
Operating System: Windows 11  (Build: 22621)

Processor Model: 13th Gen Intel(R) Core(TM) i7-1355U

Compiler: Intel(R) Fortran Compiler Classic Version 2021.9  (Build: 20230302)
          Intel(R) C/C++ Compiler Classic Version 2021.9  (Build: 20230302)
          Intel(R) Math Kernel Library Version 2020.0.0 Product Build 20191125
          BLAS Library supplied by Intel(R) MKL

Number of machines requested            :    1
Total number of cores available         :   12
Number of physical cores available      :   10
Number of processes requested           :    4
Number of threads per process requested :    1
Total number of cores requested         :    4 (Distributed Memory Parallel)               
MPI Type: INTELMPI
MPI Version: Intel(R) MPI Library 2021.10 for Windows* OS


GPU Acceleration: Not Requested

Job Name: file0
Input File: dummy.dat

  Core                Machine Name   Working Directory
 -----------------------------------------------------
     0             Brendans_Lenovo   C:\Users\brend\Desktop\Engine-Development\Ansys Models\_ProjectScratch\ScrAC96
     1             Brendans_Lenovo   C:\Users\brend\Desktop\Engine-Development\Ansys Models\_ProjectScratch\ScrAC96
     2             Brendans_Lenovo   C:\Users\brend\Desktop\Engine-Development\Ansys Models\_ProjectScratch\ScrAC96
     3             Brendans_Lenovo   C:\Users\brend\Desktop\Engine-Development\Ansys Models\_ProjectScratch\ScrAC96
 
Latency time from master to core     1 =    2.553 microseconds
Latency time from master to core     2 =    2.578 microseconds
Latency time from master to core     3 =    2.715 microseconds
 
Communication speed from master to core     1 =  5884.52 MB/sec
Communication speed from master to core     2 =  8149.30 MB/sec
Communication speed from master to core     3 =  6186.35 MB/sec

Total CPU time for main thread                    :        0.6 seconds
Total CPU time summed for all threads             :        0.7 seconds

Elapsed time spent obtaining a license            :        0.5 seconds
Elapsed time spent pre-processing model (/PREP7)  :        0.3 seconds
Elapsed time spent solution - preprocessing       :        0.4 seconds
Elapsed time spent computing solution             :        0.0 seconds
Elapsed time spent solution - postprocessing      :        0.0 seconds
Elapsed time spent post-processing model (/POST1) :        0.0 seconds
 

Sum of disk space used on all processes           :        0.0 MB

Sum of memory used on all processes               :       99.0 MB
Sum of memory allocated on all processes          :     2880.0 MB
Physical memory available                         :         16 GB
Total amount of I/O written to disk               :        0.0 GB
Total amount of I/O read from disk                :        0.0 GB

+------------------ E N D   M A P D L   S T A T I S T I C S -------------------+


 *-----------------------------------------------------------------------------*
 |                                                                             |
 |                               RUN COMPLETED                                 |
 |                                                                             |
 |-----------------------------------------------------------------------------|
 |                                                                             |
 |  Ansys MAPDL 2024 R1         Build 24.1         UP20231106    WINDOWS x64   |
 |                                                                             |
 |-----------------------------------------------------------------------------|
 |                                                                             |
 |  Database Requested(-db)     1024 MB     Scratch Memory Requested   1024 MB |
 |  Max Database Used(Master)     57 MB     Max Scratch Used(Master)     30 MB |
 |  Max Database Used(Workers)     1 MB     Max Scratch Used(Workers)     3 MB |
 |  Sum Database Used(All)        60 MB     Sum Scratch Used(All)        39 MB |
 |                                                                             |
 |-----------------------------------------------------------------------------|
 |                                                                             |
 |        CP Time      (sec) =          0.656       Time  =  20:45:42          |
 |        Elapsed Time (sec) =          3.000       Date  =  01/29/2024        |
 |                                                                             |
 *-----------------------------------------------------------------------------*
