
 Ansys Mechanical Enterprise Academic Student      


 *------------------------------------------------------------------*
 |                                                                  |
 |   W E L C O M E   T O   T H E   A N S Y S (R)  P R O G R A M     |
 |                                                                  |
 *------------------------------------------------------------------*




 ***************************************************************
 *         ANSYS MAPDL 2023 R1          LEGAL NOTICES          *
 ***************************************************************
 *                                                             *
 * Copyright 1971-2023 Ansys, Inc.  All rights reserved.       *
 * Unauthorized use, distribution or duplication is            *
 * prohibited.                                                 *
 *                                                             *
 * Ansys is a registered trademark of Ansys, Inc. or its       *
 * subsidiaries in the United States or other countries.       *
 * See the Ansys, Inc. online documentation or the Ansys, Inc. *
 * documentation CD or online help for the complete Legal      *
 * Notice.                                                     *
 *                                                             *
 ***************************************************************
 *                                                             *
 * THIS ANSYS SOFTWARE PRODUCT AND PROGRAM DOCUMENTATION       *
 * INCLUDE TRADE SECRETS AND CONFIDENTIAL AND PROPRIETARY      *
 * PRODUCTS OF ANSYS, INC., ITS SUBSIDIARIES, OR LICENSORS.    *
 * The software products and documentation are furnished by    *
 * Ansys, Inc. or its subsidiaries under a software license    *
 * agreement that contains provisions concerning               *
 * non-disclosure, copying, length and nature of use,          *
 * compliance with exporting laws, warranties, disclaimers,    *
 * limitations of liability, and remedies, and other           *
 * provisions.  The software products and documentation may be *
 * used, disclosed, transferred, or copied only in accordance  *
 * with the terms and conditions of that software license      *
 * agreement.                                                  *
 *                                                             *
 * Ansys, Inc. is a UL registered                              *
 * ISO 9001:2015 company.                                      *
 *                                                             *
 ***************************************************************
 *                                                             *
 * This product is subject to U.S. laws governing export and   *
 * re-export.                                                  *
 *                                                             *
 * For U.S. Government users, except as specifically granted   *
 * by the Ansys, Inc. software license agreement, the use,     *
 * duplication, or disclosure by the United States Government  *
 * is subject to restrictions stated in the Ansys, Inc.        *
 * software license agreement and FAR 12.212 (for non-DOD      *
 * licenses).                                                  *
 *                                                             *
 ***************************************************************

 2023 R1 
     
 Point Releases and Patches installed:   
     
 Discovery 2023 R1   
 Autodyn 2023 R1 
 SpaceClaim 2023 R1  
 CFX (includes CFD-Post) 2023 R1 
 Chemkin 2023 R1 
 EnSight 2023 R1 
 FENSAP-ICE 2023 R1  
 Fluent (includes CFD-Post) 2023 R1  
 Polyflow (includes CFD-Post) 2023 R1
 Forte (includes EnSight) 2023 R1
 TurboGrid 2023 R1   
 Aqwa 2023 R1
 Speos 2023 R1   
 Mechanical Products 2023 R1 
 Material Calibration App 2023 R1
 ACIS Geometry Interface 2023 R1 
 AutoCAD Geometry Interface 2023 R1  
 Catia, Version 4 Geometry Interface 2023 R1 
 Catia, Version 5 Geometry Interface 2023 R1 
 Catia, Version 6 Geometry Interface 2023 R1 
 Creo Elements/Direct Modeling Geometry Interface 2023 R1
 Creo Parametric Geometry Interface 2023 R1  
 Inventor Geometry Interface 2023 R1 
 JTOpen Geometry Interface 2023 R1   
 NX Geometry Interface 2023 R1   
 Parasolid Geometry Interface  2023 R1   
 Solid Edge Geometry Interface 2023 R1   
 SOLIDWORKS Geometry Interface 2023 R1   
 Academic Student 2023 R1


          *****  MAPDL COMMAND LINE ARGUMENTS  *****
  BATCH MODE REQUESTED (-b)    = NOLIST
  INPUT FILE COPY MODE (-c)    = COPY
  DISTRIBUTED MEMORY PARALLEL REQUESTED
       4 PARALLEL PROCESSES REQUESTED WITH SINGLE THREAD PER PROCESS
    TOTAL OF     4 CORES REQUESTED
  INPUT FILE NAME              = C:\Users\brend\Desktop\Engine-Development\Ansys Models\_ProjectScratch\ScrE953\dummy.dat
  OUTPUT FILE NAME             = C:\Users\brend\Desktop\Engine-Development\Ansys Models\_ProjectScratch\ScrE953\solve.out
  START-UP FILE MODE           = NOREAD
  STOP FILE MODE               = NOREAD

 RELEASE= 2023 R1              BUILD= 23.1      UP20221128   VERSION=WINDOWS x64 
 CURRENT JOBNAME=file0  03:07:07  SEP 20, 2023 CP=      0.031


 PARAMETER _DS_PROGRESS =     999.0000000    

 /INPUT FILE= ds.dat  LINE=       0



 *** NOTE ***                            CP =       0.094   TIME= 03:07:07
 The /CONFIG,NOELDB command is not valid in a distributed memory         
 parallel solution.  Command is ignored.                                 

 *GET  _WALLSTRT  FROM  ACTI  ITEM=TIME WALL  VALUE=  3.11861111    

 ASSIGN FILE RSTP TO file.rst                                                                                                                                                                                                                                                            

 *** NOTE ***                            CP =       0.109   TIME= 03:07:07
 File= file.rst does not exist and will be created.                      

 *****  MAPDL SOLUTION ROUTINE  *****


 PERFORM A STATIC ANALYSIS
  RESTART WILL BE PERFORMED FOR THE ANALYSIS OF LINEAR PERTURBATION
  RESTART WILL BE PERFORMED BASED ON: 
   PREVIOUS LOADSTEP =      1 SUBSTEP =      4

 RESUME ANSYS DATA FROM FILE NAME=file.rdb                                                                                                                                                                                                                                                            
     DO NOT PLOT ANYTHING

 *** MAPDL GLOBAL STATUS *** 

 TITLE = Turbopump--Static Structural (C5)                                     
 ANALYSIS TYPE =  STATIC (STEADY-STATE)
        20 ELEM TYPES DEFINED    MAX ELEM TYPE NUMBER =            20
     21136 ELEMENTS DEFINED      MAX ELEMENT NUMBER =           27656
     27065 NODES DEFINED         MAX NODE NUMBER =              27065
         3 MATERIALS DEFINED     MAX MATERIAL NUMBER =              8
        10 REAL CONSTS DEFINED   MAX REAL CONST NUMBER =           19
         0 SECTIONS DEFINED      MAX SECTION NUMBER =               0
         0 COORD SYS DEFINED     MAX COORD SYS NUMBER =             0
        12 CONSTRNT EQNS DEFINED MAX CONSTRNT EQN NUMBER =         12
 
 ACTIVE COORDINATE SYSTEM             =          0  (CARTESIAN)
 NUMBER OF DEFINED NODAL CONSTRAINTS  =       4428
 NUMBER OF DEFINED NODAL LOADS        =          6
 NUMBER OF DEFINED COMPONENTS         =          5
 NUMBER OF DEFINED ELEM SURFACE LOADS =          0
 NUMBER OF DEFINED ELEM BODY LOADS    =          0
 NUMBER OF DEFINED NODE BODY FORCES   =          0
 CURRENT LOAD CASE =      0 OF      0
 LOAD SET   =       1
 SUBSTEP    =       1
 TIME/FREQ  =   0.20000    

 INITIAL JOBNAME = file0
 CURRENT JOBNAME = file0

 RESTART PROCEDURE RE-BUILDS BOUNDARY CONDITIONS
 AND LOADING INFO UPTO THE CURRENT LOADSTEP 

 READ ANSYS LOADS DATA FROM FILE= file.ldhi                                                                                                                                                                                                                                                           

 DELETE SOLID MODEL BOUNDARY CONDITIONS
 
 NUMBER OF NODAL CONSTRAINTS DELETED                       =      4428
 NUMBER OF NODAL FORCES DELETED                            =         6

 SET PARAMETER DIMENSIONS ON  _WB_PROJECTSCRATCH_DIR_MODAL
  TYPE=STRI  DIMENSIONS=      248        1        1

 PARAMETER _WB_PROJECTSCRATCH_DIR_MODAL(1) = C:\Users\brend\Desktop\Engine-Development\Ansys Models\_ProjectScratch\ScrE953\

 SET PARAMETER DIMENSIONS ON  _WB_SOLVERFILES_DIR_MODAL
  TYPE=STRI  DIMENSIONS=      248        1        1

 PARAMETER _WB_SOLVERFILES_DIR_MODAL(1) = C:\Users\brend\Desktop\Engine-Development\Ansys Models\Turbopump_files\dp0\SYS-2\MECH\

 SET PARAMETER DIMENSIONS ON  _WB_USERFILES_DIR_MODAL
  TYPE=STRI  DIMENSIONS=      248        1        1

 PARAMETER _WB_USERFILES_DIR_MODAL(1) = C:\Users\brend\Desktop\Engine-Development\Ansys Models\Turbopump_files\user_files\

 TITLE= 
 Turbopump--Modal (E5)                                                         

  ACT Extensions:
      LSDYNA, 2023.1
      5f463412-bd3e-484b-87e7-cbc0a665e474, wbex
 /COM,     ANSYSMotion, 2023.1
      20180725-3f81-49eb-9f31-41364844c769, wbex
  

 PERTURB: Enabling perturbation analysis with prestressed modal solution.
 PERTURB: Enabling perturbation contact status remains the same as in restart step.
 PERTURB: Enabling perturbation to delete all boundary conditions except for constraints and temperatures and also put all non-zero displacement constraints to zero values.

 *** NOTE ***                            CP =       0.344   TIME= 03:07:08
 The automatic domain decomposition logic has selected the MESH domain   
 decomposition method with 4 processes per solution.                     

 *****  MAPDL SOLVE    COMMAND  *****

 *** MAPDL - ENGINEERING ANALYSIS SYSTEM  RELEASE 2023 R1          23.1     ***
 Ansys Mechanical Enterprise Academic Student      
 01055371  VERSION=WINDOWS x64   03:07:08  SEP 20, 2023 CP=      0.344

 Turbopump--Modal (E5)                                                         



                       S O L U T I O N   O P T I O N S

   PROBLEM DIMENSIONALITY. . . . . . . . . . . . .3-D                  
   DEGREES OF FREEDOM. . . . . . UX   UY   UZ   ROTX ROTY ROTZ
   ANALYSIS TYPE . . . . . . . . . . . . . . . . .STATIC (STEADY-STATE)
      RESTART. . . . . . . . . . . . . . . . . . .ON
   LINEAR PERTURBATION . . . . . . . . . . . . . .ON
   OFFSET TEMPERATURE FROM ABSOLUTE ZERO . . . . .  273.15    

 *** NOTE ***                            CP =       0.391   TIME= 03:07:08
 Property ALPX of material 1 is defined over a temperature range from    
 427 to 1827 which does not include the uniform temperature (22).        
 Change either temperature range or the uniform temperature.  Checking   
 for this condition discontinues.                                        

                      L O A D   S T E P   O P T I O N S

   SOLUTION TO BE PERTURBED CORRESPONDS TO
      TIME . . . . . . . . . . . . . . . . . . . .  1.0000    
      LOAD STEP. . . . . . . . . . . . . . . . . .     1
      SUBSTEP. . . . . . . . . . . . . . . . . . .     4
   STRESS-STIFFENING . . . . . . . . . . . . . . .    ON

 *** NOTE ***                            CP =       0.594   TIME= 03:07:08
 This SOLVE command is only used to generate the matrices needed to      
 perform the linear perturbation analysis.  The linear perturbation      
 analysis corresponds to time = 1 (load step = 1, substep = 4).  No      
 results are being written.                                              
 *WARNING*: Some contact elements on contact surface specified by real   
 constant set 15 belong to symmetric contact (e.g.  0), some do not.     

 *** WARNING ***                         CP =       0.625   TIME= 03:07:08
 Material property DENS of material 8 of element 8141 is evaluated at a  
 temperature of 22, which is below the supplied temperature range.       
 Temperature range checking terminates.                                  

 *** WARNING ***                         CP =       0.672   TIME= 03:07:09
 Material property DENS of material 8 of element 8165 is evaluated at a  
 temperature of 22, which is below the supplied temperature range.       
 Temperature range checking terminates.                                  

 *WARNING*: The geometrical penetration for certain contact pairs (e.g.  
 ID 15) may be too large.  Increase pinball if it is a true geometrical  
 penetration.  Decrease pinball if it is a false one.                    

 LINEAR PERTURBATION ANALYSIS PROCEDURE DELETES ALL
 BOUNDARY CONDITIONS EXCEPT CONSTRAINTS AND TEMPERATURES FROM DATABASE

 PARAMETER _THICKRATIO =    0.2500000000    


 USE SYM. BLOCK LANCZOS MODE EXTRACTION METHOD
  EXTRACT     6 MODES
  NORMALIZE THE MODE SHAPES TO THE MASS MATRIX

 ERASE THE CURRENT DATABASE OUTPUT CONTROL TABLE.


 WRITE ALL  ITEMS TO THE DATABASE WITH A FREQUENCY OF NONE
   FOR ALL APPLICABLE ENTITIES

 WRITE NSOL ITEMS TO THE DATABASE WITH A FREQUENCY OF ALL 
   FOR ALL APPLICABLE ENTITIES


 EXPAND ALL EXTRACTED MODES
  DO NOT CALCULATE ELEMENT RESULTS

 DO NOT COMBINE ELEMENT SAVE DATA FILES (.esav) AFTER DISTRIBUTED PARALLEL SOLUTION

 DO NOT COMBINE ELEMENT MATRIX FILES (.emat) AFTER DISTRIBUTED PARALLEL SOLUTION

 DO NOT COMBINE ASSEMBLED MATRIX FILES (.full) AFTER DISTRIBUTED PARALLEL SOLUTION

 *GET  ANSINTER_  FROM  ACTI  ITEM=INT        VALUE=  0.00000000    

 *IF  ANSINTER_                         ( =   0.00000     )  NE  
      0                                 ( =   0.00000     )  THEN    

 *ENDIF

 *****  MAPDL SOLVE    COMMAND  *****

 *** WARNING ***                         CP =       1.016   TIME= 03:07:10
 Element shape checking is currently inactive.  Issue SHPP,ON or         
 SHPP,WARN to reactivate, if desired.                                    

 *** NOTE ***                            CP =       1.016   TIME= 03:07:10
 The model data was checked and warning messages were found.             
  Please review output or errors file (                                  
 C:\Users\brend\Desktop\Engine-Development\Ansys                         
 Models\_ProjectScratch\ScrE953\file0.err ) for these warning messages.  

 *** SELECTION OF ELEMENT TECHNOLOGIES FOR APPLICABLE ELEMENTS ***
      --- GIVE SUGGESTIONS AND RESET THE KEY OPTIONS ---

 ELEMENT TYPE         1 IS SOLID186. KEYOPT(2) IS ALREADY SET AS SUGGESTED AND NO
 RESETTING IS NEEDED.

 ELEMENT TYPE         2 IS SOLID187. IT IS NOT ASSOCIATED WITH FULLY INCOMPRESSIBLE
 HYPERELASTIC MATERIALS. NO SUGGESTION IS AVAILABLE AND NO RESETTING IS NEEDED.

 ELEMENT TYPE         3 IS SOLID187. IT IS NOT ASSOCIATED WITH FULLY INCOMPRESSIBLE
 HYPERELASTIC MATERIALS. NO SUGGESTION IS AVAILABLE AND NO RESETTING IS NEEDED.

 ELEMENT TYPE         4 IS SOLID187. IT IS NOT ASSOCIATED WITH FULLY INCOMPRESSIBLE
 HYPERELASTIC MATERIALS. NO SUGGESTION IS AVAILABLE AND NO RESETTING IS NEEDED.

 ELEMENT TYPE         5 IS SOLID186. KEYOPT(2) IS ALREADY SET AS SUGGESTED AND NO
 RESETTING IS NEEDED.

 ELEMENT TYPE         6 IS SOLID187. IT IS NOT ASSOCIATED WITH FULLY INCOMPRESSIBLE
 HYPERELASTIC MATERIALS. NO SUGGESTION IS AVAILABLE AND NO RESETTING IS NEEDED.

 ELEMENT TYPE         7 IS SOLID187. IT IS NOT ASSOCIATED WITH FULLY INCOMPRESSIBLE
 HYPERELASTIC MATERIALS. NO SUGGESTION IS AVAILABLE AND NO RESETTING IS NEEDED.

 ELEMENT TYPE         8 IS SOLID186. KEYOPT(2) IS ALREADY SET AS SUGGESTED AND NO
 RESETTING IS NEEDED.



 *** MAPDL - ENGINEERING ANALYSIS SYSTEM  RELEASE 2023 R1          23.1     ***
 Ansys Mechanical Enterprise Academic Student      
 01055371  VERSION=WINDOWS x64   03:07:10  SEP 20, 2023 CP=      1.016

 Turbopump--Modal (E5)                                                         



                       S O L U T I O N   O P T I O N S

   PROBLEM DIMENSIONALITY. . . . . . . . . . . . .3-D                  
   DEGREES OF FREEDOM. . . . . . UX   UY   UZ   ROTX ROTY ROTZ
   ANALYSIS TYPE . . . . . . . . . . . . . . . . .MODAL                
      EXTRACTION METHOD. . . . . . . . . . . . . .BLOCK LANCZOS
   LINEAR PERTURBATION . . . . . . . . . . . . . .ON
   OFFSET TEMPERATURE FROM ABSOLUTE ZERO . . . . .  273.15    
   PRESTRESS EFFECTS INCLUDED IF AVAILABLE . . . .YES
   NUMBER OF MODES TO EXTRACT. . . . . . . . . . .     6
   GLOBALLY ASSEMBLED MATRIX . . . . . . . . . . .SYMMETRIC  
   NUMBER OF MODES TO EXPAND . . . . . . . . . . .ALL
   ELEMENT RESULTS CALCULATION . . . . . . . . . .OFF

 *** NOTE ***                            CP =       1.062   TIME= 03:07:10
 Property ALPX of material 1 is defined over a temperature range from    
 427 to 1827 which does not include the uniform temperature (22).        
 Change either temperature range or the uniform temperature.  Checking   
 for this condition discontinues.                                        

                      L O A D   S T E P   O P T I O N S

   LOAD STEP NUMBER. . . . . . . . . . . . . . . .     1
   THERMAL STRAINS INCLUDED IN THE LOAD VECTOR . .   YES
   PRINT OUTPUT CONTROLS . . . . . . . . . . . . .NO PRINTOUT
   DATABASE OUTPUT CONTROLS
      ITEM     FREQUENCY   COMPONENT
       ALL       NONE               
      NSOL        ALL               


 *** WARNING ***                         CP =       1.062   TIME= 03:07:10
 A linear perturbation analysis with contact usually requires turning on 
 large deflection option (NLGEOM,ON) in the base analysis.  Otherwise    
 the down-stream analysis will not use the current deformation           
 configuration which might lead to inaccurate solution or even memory    
 error.                                                                  


                         ***********  PRECISE MASS SUMMARY  ***********

   TOTAL RIGID BODY MASS MATRIX ABOUT ORIGIN
               Translational mass               |   Coupled translational/rotational mass
        0.14554E-02    0.0000        0.0000     |     0.0000       0.17670E-06  -0.15592    
         0.0000       0.14554E-02    0.0000     |   -0.17670E-06    0.0000       0.53258E-06
         0.0000        0.0000       0.14554E-02 |    0.15592      -0.53258E-06    0.0000    
     ------------------------------------------ | ------------------------------------------
                                                |         Rotational mass (inertia)
                                                |     21.842      -0.97497E-04   0.97717E-05
                                                |   -0.97497E-04    1.0283      -0.24418E-04
                                                |    0.97717E-05  -0.24418E-04    21.842    

   TOTAL MASS = 0.14554E-02
     The mass principal axes coincide with the global Cartesian axes

   CENTER OF MASS (X,Y,Z)=   0.36593E-03    107.13       0.12141E-03

   TOTAL INERTIA ABOUT CENTER OF MASS
         5.1380      -0.40441E-04   0.97718E-05
       -0.40441E-04    1.0283      -0.54880E-05
        0.97718E-05  -0.54880E-05    5.1379    
     The inertia principal axes coincide with the global Cartesian axes


  *** MASS SUMMARY BY ELEMENT TYPE ***

  TYPE      MASS
     1  0.345886E-03
     2  0.239120E-03
     3  0.225986E-03
     4  0.119208E-04
     5  0.104492E-05
     6  0.239120E-03
     7  0.225986E-03
     8  0.166345E-03

  BLOCK LANCZOS CALCULATION OF UP TO     6 EIGENVECTORS.
  NUMBER OF EQUATIONS              =        76767
  MAXIMUM WAVEFRONT                =          420
  MAXIMUM MODES STORED             =            6
  MINIMUM EIGENVALUE               =  0.00000E+00
  MAXIMUM EIGENVALUE               =  0.10000E+31


  Process memory allocated for solver              =    90.419 MB
  Process memory required for in-core solution     =    86.163 MB
  Process memory required for out-of-core solution =    41.825 MB

  Total memory allocated for solver                =   446.643 MB
  Total memory required for in-core solution       =   425.634 MB
  Total memory required for out-of-core solution   =   189.850 MB

 *** NOTE ***                            CP =       2.266   TIME= 03:07:14
 The Distributed Sparse Matrix Solver is currently running in the        
 in-core memory mode.  This memory mode uses the most amount of memory   
 in order to avoid using the hard drive as much as possible, which most  
 often results in the fastest solution time.  This mode is recommended   
 if enough physical memory is present to accommodate all of the solver   
 data.                                                                   

  Total memory available for LANCZOS         =     4.461498 GB

  Process memory required for in-core LANCZOS Workspace             =     153.457191 MB
  Process memory required for out-of-core LANCZOS Workspace         =     4.125252 MB

  Total   memory required for in-core LANCZOS Workspace             =     474.605072 MB
  Total   memory required for out-of-core LANCZOS Workspace         =     13.186157 MB

  Lanczos Memory Mode : INCORE

 *** MAPDL - ENGINEERING ANALYSIS SYSTEM  RELEASE 2023 R1          23.1     ***
 Ansys Mechanical Enterprise Academic Student      
 01055371  VERSION=WINDOWS x64   03:07:16  SEP 20, 2023 CP=      2.891

 Turbopump--Modal (E5)                                                         



 *** FREQUENCIES FROM BLOCK LANCZOS ITERATION ***

  MODE    FREQUENCY (HERTZ)      


    1     1257.006571188    
    2     1348.164243125    
    3     1348.710729000    
    4     1562.888741237    
    5     1608.432846939    
    6     1915.857382014    

 *** MAPDL - ENGINEERING ANALYSIS SYSTEM  RELEASE 2023 R1          23.1     ***
 Ansys Mechanical Enterprise Academic Student      
 01055371  VERSION=WINDOWS x64   03:07:17  SEP 20, 2023 CP=      2.891

 Turbopump--Modal (E5)                                                         





          ***** PARTICIPATION FACTOR CALCULATION *****  X  DIRECTION
                                                                                  CUMULATIVE     RATIO EFF.MASS
  MODE   FREQUENCY       PERIOD      PARTIC.FACTOR     RATIO    EFFECTIVE MASS   MASS FRACTION   TO TOTAL MASS
     1     1257.01       0.79554E-03  -0.64085E-06    0.000070    0.410693E-12    0.475390E-08    0.282184E-09
     2     1348.16       0.74175E-03   0.80397E-03    0.087192    0.646362E-06    0.748186E-02    0.444111E-03
     3     1348.71       0.74145E-03   0.77205E-03    0.083731    0.596066E-06    0.143815E-01    0.409552E-03
     4     1562.89       0.63984E-03   0.13182E-03    0.014296    0.173771E-07    0.145827E-01    0.119397E-04
     5     1608.43       0.62172E-03   0.33353E-03    0.036173    0.111246E-06    0.158704E-01    0.764360E-04
     6     1915.86       0.52196E-03   0.92206E-02    1.000000    0.850196E-04     1.00000        0.584163E-01
 -----------------------------------------------------------------------------------------------------------------
   sum                                                            0.863907E-04                    0.593584E-01
 -----------------------------------------------------------------------------------------------------------------



          ***** PARTICIPATION FACTOR CALCULATION *****  Y  DIRECTION
                                                                                  CUMULATIVE     RATIO EFF.MASS
  MODE   FREQUENCY       PERIOD      PARTIC.FACTOR     RATIO    EFFECTIVE MASS   MASS FRACTION   TO TOTAL MASS
     1     1257.01       0.79554E-03   0.27276E-05    0.014105    0.743988E-11    0.104181E-03    0.511189E-08
     2     1348.16       0.74175E-03  -0.25424E-06    0.001315    0.646381E-13    0.105086E-03    0.444123E-10
     3     1348.71       0.74145E-03   0.32938E-05    0.017032    0.108490E-10    0.257004E-03    0.745424E-08
     4     1562.89       0.63984E-03  -0.17818E-03    0.921379    0.317480E-07    0.444824        0.218138E-04
     5     1608.43       0.62172E-03  -0.19338E-03    1.000000    0.373972E-07    0.968497        0.256954E-04
     6     1915.86       0.52196E-03   0.47432E-04    0.245272    0.224975E-08     1.00000        0.154579E-05
 -----------------------------------------------------------------------------------------------------------------
   sum                                                            0.714133E-07                    0.490675E-04
 -----------------------------------------------------------------------------------------------------------------



          ***** PARTICIPATION FACTOR CALCULATION *****  Z  DIRECTION
                                                                                  CUMULATIVE     RATIO EFF.MASS
  MODE   FREQUENCY       PERIOD      PARTIC.FACTOR     RATIO    EFFECTIVE MASS   MASS FRACTION   TO TOTAL MASS
     1     1257.01       0.79554E-03   0.91487E-06    0.000187    0.836993E-12    0.332371E-07    0.575091E-09
     2     1348.16       0.74175E-03  -0.77098E-03    0.157574    0.594403E-06    0.236039E-01    0.408410E-03
     3     1348.71       0.74145E-03   0.80382E-03    0.164287    0.646133E-06    0.492619E-01    0.443953E-03
     4     1562.89       0.63984E-03   0.15272E-04    0.003121    0.233222E-09    0.492712E-01    0.160245E-06
     5     1608.43       0.62172E-03   0.47658E-04    0.009741    0.227131E-08    0.493614E-01    0.156060E-05
     6     1915.86       0.52196E-03   0.48928E-02    1.000000    0.239394E-04     1.00000        0.164486E-01
 -----------------------------------------------------------------------------------------------------------------
   sum                                                            0.251825E-04                    0.173027E-01
 -----------------------------------------------------------------------------------------------------------------



          ***** PARTICIPATION FACTOR CALCULATION *****ROTX DIRECTION
                                                                                  CUMULATIVE     RATIO EFF.MASS
  MODE   FREQUENCY       PERIOD      PARTIC.FACTOR     RATIO    EFFECTIVE MASS   MASS FRACTION   TO TOTAL MASS
     1     1257.01       0.79554E-03   0.21412E-03    0.000214    0.458490E-07    0.392912E-07    0.209914E-08
     2     1348.16       0.74175E-03   0.28414        0.284244    0.807360E-01    0.691885E-01    0.369641E-02
     3     1348.71       0.74145E-03  -0.29461        0.294720    0.867971E-01    0.143571        0.397391E-02
     4     1562.89       0.63984E-03   0.18680E-02    0.001869    0.348938E-05    0.143574        0.159757E-06
     5     1608.43       0.62172E-03   0.93859E-02    0.009389    0.880958E-04    0.143650        0.403337E-05
     6     1915.86       0.52196E-03   0.99964        1.000000    0.999275         1.00000        0.457507E-01
 -----------------------------------------------------------------------------------------------------------------
   sum                                                             1.16690                        0.534252E-01
 -----------------------------------------------------------------------------------------------------------------



          ***** PARTICIPATION FACTOR CALCULATION *****ROTY DIRECTION
                                                                                  CUMULATIVE     RATIO EFF.MASS
  MODE   FREQUENCY       PERIOD      PARTIC.FACTOR     RATIO    EFFECTIVE MASS   MASS FRACTION   TO TOTAL MASS
     1     1257.01       0.79554E-03  -0.62079        1.000000    0.385380        0.375705        0.374791    
     2     1348.16       0.74175E-03   0.25741E-03    0.000415    0.662607E-07    0.375705        0.644401E-07
     3     1348.71       0.74145E-03  -0.12011E-03    0.000193    0.144269E-07    0.375705        0.140305E-07
     4     1562.89       0.63984E-03  -0.56602        0.911767    0.320374        0.688035        0.311571    
     5     1608.43       0.62172E-03  -0.56544        0.910840    0.319723        0.999732        0.310938    
     6     1915.86       0.52196E-03   0.16593E-01    0.026729    0.275328E-03     1.00000        0.267763E-03
 -----------------------------------------------------------------------------------------------------------------
   sum                                                             1.02575                        0.997568    
 -----------------------------------------------------------------------------------------------------------------



          ***** PARTICIPATION FACTOR CALCULATION *****ROTZ DIRECTION
                                                                                  CUMULATIVE     RATIO EFF.MASS
  MODE   FREQUENCY       PERIOD      PARTIC.FACTOR     RATIO    EFFECTIVE MASS   MASS FRACTION   TO TOTAL MASS
     1     1257.01       0.79554E-03   0.90482E-04    0.000047    0.818699E-08    0.212880E-08    0.374832E-09
     2     1348.16       0.74175E-03   0.29461        0.153716    0.867952E-01    0.225686E-01    0.397382E-02
     3     1348.71       0.74145E-03   0.28411        0.148238    0.807183E-01    0.435571E-01    0.369560E-02
     4     1562.89       0.63984E-03  -0.18160E-01    0.009475    0.329778E-03    0.436429E-01    0.150985E-04
     5     1608.43       0.62172E-03  -0.68581E-01    0.035783    0.470334E-02    0.448659E-01    0.215337E-03
     6     1915.86       0.52196E-03   -1.9166        1.000000     3.67329         1.00000        0.168177    
 -----------------------------------------------------------------------------------------------------------------
   sum                                                             3.84583                        0.176077    
 -----------------------------------------------------------------------------------------------------------------





 *** NOTE ***                            CP =       2.891   TIME= 03:07:17
 The modes requested are mass normalized (Nrmkey on MODOPT).  However,   
 the modal masses and kinetic energies below are calculated with unit    
 normalized modes.                                                       

        ***** MODAL MASSES, KINETIC ENERGIES, AND TRANSLATIONAL EFFECTIVE MASSES SUMMARY *****

                                                                         EFFECTIVE MASS
  MODE  FREQUENCY   MODAL MASS     KENE      |      X-DIR      RATIO%   Y-DIR      RATIO%   Z-DIR      RATIO% 
     1   1257.      0.1483E-03   4625.       |    0.4107E-12    0.00  0.7440E-11    0.00  0.8370E-12    0.00
     2   1348.      0.6810E-04   2443.       |    0.6464E-06    0.04  0.6464E-13    0.00  0.5944E-06    0.04
     3   1349.      0.6810E-04   2445.       |    0.5961E-06    0.04  0.1085E-10    0.00  0.6461E-06    0.04
     4   1563.      0.2463E-03  0.1188E+05   |    0.1738E-07    0.00  0.3175E-07    0.00  0.2332E-09    0.00
     5   1608.      0.2403E-03  0.1227E+05   |    0.1112E-06    0.01  0.3740E-07    0.00  0.2271E-08    0.00
     6   1916.      0.1715E-03  0.1242E+05   |    0.8502E-04    5.84  0.2250E-08    0.00  0.2394E-04    1.64
 --------------------------------------------------------------------------------------------------------------
   sum                                       |    0.8639E-04    5.94  0.7141E-07    0.00  0.2518E-04    1.73
 --------------------------------------------------------------------------------------------------------------


 *** MAPDL BINARY FILE STATISTICS
  BUFFER SIZE USED= 16384
      105.312 MB WRITTEN ON ELEMENT MATRIX FILE: file0.emat
       21.000 MB WRITTEN ON ELEMENT SAVED DATA FILE: file0.esav
       46.000 MB WRITTEN ON ASSEMBLED MATRIX FILE: file0.full
        2.000 MB WRITTEN ON MODAL MATRIX FILE: file0.mode
        6.750 MB WRITTEN ON RESULTS FILE: file0.rst
 *************** Write FE CONNECTORS *********

 WRITE OUT CONSTRAINT EQUATIONS TO FILE= file.ce                                                                                                                                                                                                                                                             

 *GET  _NMODALSOLPROC  FROM  ACTI  ITEM=NUMC       VALUE=  4.00000000    

 FINISH SOLUTION PROCESSING


 ***** ROUTINE COMPLETED *****  CP =         2.984



 PRINTOUT RESUMED BY /GOP

 *GET  _WALLASOL  FROM  ACTI  ITEM=TIME WALL  VALUE=  3.12138889    

 *** MAPDL - ENGINEERING ANALYSIS SYSTEM  RELEASE 2023 R1          23.1     ***
 Ansys Mechanical Enterprise Academic Student      
 01055371  VERSION=WINDOWS x64   03:07:17  SEP 20, 2023 CP=      2.984

 Turbopump--Modal (E5)                                                         



          ***** MAPDL RESULTS INTERPRETATION (POST1) *****

 *** NOTE ***                            CP =       2.984   TIME= 03:07:17
 Reading results into the database (SET command) will update the current 
 displacement and force boundary conditions in the database with the     
 values from the results file for that load set.  Note that any          
 subsequent solutions will use these values unless action is taken to    
 either SAVE the current values or not overwrite them (/EXIT,NOSAVE).    

 PRINTOUT RESUMED BY /GOP

 Set Encoding of XML File to:ISO-8859-1

 Set Output of XML File to:
     PARM,     ,     ,     ,     ,     ,     ,     ,     ,     ,     ,     ,
         ,     ,     ,     ,     ,     ,     ,

 DATABASE WRITTEN ON FILE  parm.xml                                                                                                                                                                                                                                                            

 EXIT THE MAPDL POST1 DATABASE PROCESSOR


 ***** ROUTINE COMPLETED *****  CP =         3.016



 PRINTOUT RESUMED BY /GOP

 *GET  _WALLDONE  FROM  ACTI  ITEM=TIME WALL  VALUE=  3.12138889    

 PARAMETER _PREPTIME =     1.000000000    

 PARAMETER _SOLVTIME =     53.00000000    

 PARAMETER _POSTTIME =     0.000000000    

 PARAMETER _TOTALTIM =     54.00000000    

 *GET  _DLBRATIO  FROM  ACTI  ITEM=SOLU DLBR  VALUE=  1.07057654    

 *GET  _COMBTIME  FROM  ACTI  ITEM=SOLU COMB  VALUE= 0.120946900    

 *GET  _SSMODE   FROM  ACTI  ITEM=SOLU SSMM  VALUE=  2.00000000    

 *GET  _NDOFS    FROM  ACTI  ITEM=SOLU NDOF  VALUE=  76767.0000    

 /FCLEAN COMMAND REMOVING ALL LOCAL FILES
 --- Total number of nodes = 27063
 --- Total number of elements = 21136
 --- Element load balance ratio = 1.07057654
 --- Time to combine distributed files = 0.1209469
 --- Sparse memory mode = 2
 --- Number of DOF = 76767

 EXIT MAPDL WITHOUT SAVING DATABASE


 NUMBER OF WARNING MESSAGES ENCOUNTERED=          4
 NUMBER OF ERROR   MESSAGES ENCOUNTERED=          0

+--------------------- M A P D L   S T A T I S T I C S ------------------------+

Release: 2023 R1            Build: 23.1       Update: UP20221128   Platform: WINDOWS x64 
Date Run: 09/20/2023   Time: 03:07     Process ID: 24040
Operating System: Windows 11  (Build: 22621)

Processor Model: Intel(R) Core(TM) i7-9750H CPU @ 2.60GHz

Compiler: Intel(R) Fortran Compiler Version 19.0.5  (Build: 20190815)
          Intel(R) C/C++ Compiler Version 19.0.5  (Build: 20190815)
          Intel(R) Math Kernel Library Version 2020.0.0 Product Build 20191125
          BLAS Library supplied by Intel(R) MKL

Number of machines requested            :    1
Total number of cores available         :   12
Number of physical cores available      :    6
Number of processes requested           :    4
Number of threads per process requested :    1
Total number of cores requested         :    4 (Distributed Memory Parallel)               
MPI Type: INTELMPI
MPI Version: Intel(R) MPI Library 2021.5 for Windows* OS


GPU Acceleration: Not Requested

Job Name: file0
Input File: dummy.dat

  Core                Machine Name   Working Directory
 -----------------------------------------------------
     0             DESKTOP-OEERL8T   C:\Users\brend\Desktop\Engine-Development\Ansys Models\_ProjectScratch\ScrE953
     1             DESKTOP-OEERL8T   C:\Users\brend\Desktop\Engine-Development\Ansys Models\_ProjectScratch\ScrE953
     2             DESKTOP-OEERL8T   C:\Users\brend\Desktop\Engine-Development\Ansys Models\_ProjectScratch\ScrE953
     3             DESKTOP-OEERL8T   C:\Users\brend\Desktop\Engine-Development\Ansys Models\_ProjectScratch\ScrE953
 
Latency time from master to core     1 =    8.366 microseconds
Latency time from master to core     2 =    8.529 microseconds
Latency time from master to core     3 =    7.571 microseconds
 
Communication speed from master to core     1 =  4293.67 MB/sec
Communication speed from master to core     2 =  4733.03 MB/sec
Communication speed from master to core     3 =  5721.07 MB/sec

Total CPU time for main thread                    :        2.9 seconds
Total CPU time summed for all threads             :        3.1 seconds

Elapsed time spent obtaining a license            :        0.4 seconds
Elapsed time spent pre-processing model (/PREP7)  :        0.0 seconds
Elapsed time spent solution - preprocessing       :        0.5 seconds
Elapsed time spent computing solution             :        7.9 seconds
Elapsed time spent solution - postprocessing      :        0.1 seconds
Elapsed time spent post-processing model (/POST1) :        0.0 seconds
 
Eigensolver used                                  :            Block Lanczos
Equation solver computational rate                :       20.6 Gflops

Sum of memory used on all processes               :     1450.0 MB
Sum of memory allocated on all processes          :     5184.0 MB
Physical memory available                         :         16 GB

Total amount of I/O written to disk               :        0.5 GB
Total amount of I/O read from disk                :        0.7 GB

+------------------ E N D   M A P D L   S T A T I S T I C S -------------------+


 *-----------------------------------------------------------------------------*
 |                                                                             |
 |                               RUN COMPLETED                                 |
 |                                                                             |
 |-----------------------------------------------------------------------------|
 |                                                                             |
 |  Ansys MAPDL 2023 R1         Build 23.1         UP20221128    WINDOWS x64   |
 |                                                                             |
 |-----------------------------------------------------------------------------|
 |                                                                             |
 |  Database Requested(-db)     1024 MB     Scratch Memory Requested   1024 MB |
 |  Max Database Used(Master)     31 MB     Max Scratch Used(Master)    488 MB |
 |  Max Database Used(Workers)     1 MB     Max Scratch Used(Workers)   346 MB |
 |  Sum Database Used(All)        34 MB     Sum Scratch Used(All)      1416 MB |
 |                                                                             |
 |-----------------------------------------------------------------------------|
 |                                                                             |
 |        CP Time      (sec) =          3.109       Time  =  03:07:19          |
 |        Elapsed Time (sec) =         14.000       Date  =  09/20/2023        |
 |                                                                             |
 *-----------------------------------------------------------------------------*
